[2026-01-24T07:53:33.174Z] error: Error: TypeError: logger.warning is not a function
[2026-01-24T08:24:20.890Z] error: Error: TypeError: logger.warning is not a function
[2026-01-24T08:34:45.428Z] info: ---------------------------------------------------
[2026-01-24T08:34:45.442Z] info: Server started at 2026/1/24 16:34:45
[2026-01-24T08:34:45.442Z] info: API URL: undefined
[2026-01-24T08:35:29.245Z] info: ---------------------------------------------------
[2026-01-24T08:35:29.262Z] info: Server started at 2026/1/24 16:35:29
[2026-01-24T08:35:29.262Z] info: API URL: undefined
[2026-01-24T08:37:07.885Z] info: ---------------------------------------------------
[2026-01-24T08:37:07.900Z] info: Server started at 2026/1/24 16:37:07
[2026-01-24T08:37:07.900Z] info: API URL: [object Object]
[2026-01-24T08:38:28.330Z] info: ---------------------------------------------------
[2026-01-24T08:38:28.343Z] info: Server started at 2026/1/24 16:38:28
[2026-01-24T08:38:28.344Z] info: API URL: http://localhost:5000
[2026-01-24T08:38:44.732Z] info: ---------------------------------------------------
[2026-01-24T08:38:44.749Z] info: Server started at 2026/1/24 16:38:44
[beijing2026/01/24 16:43:25] info: ---------------------------------------------------
[beijing2026/01/24 16:43:25] info: Server started at 2026/1/24 16:43:25
[sh 2026/01/24 16:44:30 UTC 2026-01-24T08:44:30.775Z] info: ---------------------------------------------------
[sh 2026/01/24 16:44:30 UTC 2026-01-24T08:44:30.789Z] info: Server started at 2026/1/24 16:44:30
