[SH 2026/02/08 21:35:07 UTC 2026-02-08T13:35:07.183Z] info: ---------------------------------------------------
[SH 2026/02/08 21:35:07 UTC 2026-02-08T13:35:07.198Z] info: Server started at 2026/2/8 21:35:07
[SH 2026/02/08 21:35:13 UTC 2026-02-08T13:35:13.578Z] info: GET /
[SH 2026/02/08 21:35:13 UTC 2026-02-08T13:35:13.629Z] info: GET /css/bootstrap.min.css
[SH 2026/02/08 21:35:13 UTC 2026-02-08T13:35:13.631Z] info: GET /css/aos.css
[SH 2026/02/08 21:35:13 UTC 2026-02-08T13:35:13.634Z] info: GET /css/main_style.css
[SH 2026/02/08 21:35:13 UTC 2026-02-08T13:35:13.635Z] info: GET /js/bootstrap.bundle.min.js
[SH 2026/02/08 21:35:13 UTC 2026-02-08T13:35:13.636Z] info: GET /js/aos.js
[SH 2026/02/08 21:35:13 UTC 2026-02-08T13:35:13.638Z] info: GET /config.js
[SH 2026/02/08 21:35:13 UTC 2026-02-08T13:35:13.642Z] info: GET /frame.js
[SH 2026/02/08 21:35:13 UTC 2026-02-08T13:35:13.671Z] info: GET /home
[SH 2026/02/08 21:35:13 UTC 2026-02-08T13:35:13.674Z] info: POST /api/pages/
[SH 2026/02/08 21:35:13 UTC 2026-02-08T13:35:13.675Z] warn: File F:\code\single-page-frame\pages\.html not found. 没有找到F:\code\single-page-frame\pages\.html
[SH 2026/02/08 21:35:13 UTC 2026-02-08T13:35:13.676Z] warn: File F:\code\single-page-frame\pages\.json not found. 没有找到F:\code\single-page-frame\pages\.json
[SH 2026/02/08 21:35:13 UTC 2026-02-08T13:35:13.683Z] info: GET /js/bootstrap.bundle.min.js
[SH 2026/02/08 21:35:13 UTC 2026-02-08T13:35:13.685Z] info: GET /config.js
[SH 2026/02/08 21:35:13 UTC 2026-02-08T13:35:13.685Z] info: GET /js/aos.js
[SH 2026/02/08 21:35:13 UTC 2026-02-08T13:35:13.686Z] info: GET /frame.js
[SH 2026/02/08 21:35:13 UTC 2026-02-08T13:35:13.801Z] info: GET /css/bootstrap.min.css
[SH 2026/02/08 21:35:13 UTC 2026-02-08T13:35:13.803Z] info: GET /css/aos.css
[SH 2026/02/08 21:35:13 UTC 2026-02-08T13:35:13.804Z] info: GET /css/main_style.css
[SH 2026/02/08 21:35:13 UTC 2026-02-08T13:35:13.805Z] info: GET /js/bootstrap.bundle.min.js
[SH 2026/02/08 21:35:13 UTC 2026-02-08T13:35:13.805Z] info: GET /js/aos.js
[SH 2026/02/08 21:35:13 UTC 2026-02-08T13:35:13.806Z] info: GET /config.js
[SH 2026/02/08 21:35:13 UTC 2026-02-08T13:35:13.808Z] info: GET /frame.js
[SH 2026/02/08 21:35:13 UTC 2026-02-08T13:35:13.826Z] info: POST /api/pages/home
[SH 2026/02/08 21:35:13 UTC 2026-02-08T13:35:13.889Z] info: POST /api/navigation
[SH 2026/02/08 21:35:13 UTC 2026-02-08T13:35:13.935Z] info: GET /img/menu.png
[SH 2026/02/08 21:35:13 UTC 2026-02-08T13:35:13.936Z] info: GET /img/menu-fold.png
[SH 2026/02/08 21:35:13 UTC 2026-02-08T13:35:13.941Z] info: GET /js/bootstrap.bundle.min.js
[SH 2026/02/08 21:35:13 UTC 2026-02-08T13:35:13.942Z] info: GET /js/aos.js
[SH 2026/02/08 21:35:13 UTC 2026-02-08T13:35:13.942Z] info: GET /config.js
[SH 2026/02/08 21:35:13 UTC 2026-02-08T13:35:13.942Z] info: GET /frame.js
[SH 2026/02/08 21:35:13 UTC 2026-02-08T13:35:13.957Z] info: GET /favicon.ico
[SH 2026/02/08 21:36:52 UTC 2026-02-08T13:36:52.674Z] info: GET /
[SH 2026/02/08 21:36:52 UTC 2026-02-08T13:36:52.720Z] info: GET /css/bootstrap.min.css
[SH 2026/02/08 21:36:52 UTC 2026-02-08T13:36:52.730Z] info: GET /css/aos.css
[SH 2026/02/08 21:36:52 UTC 2026-02-08T13:36:52.731Z] info: GET /js/bootstrap.bundle.min.js
[SH 2026/02/08 21:36:52 UTC 2026-02-08T13:36:52.733Z] info: GET /js/aos.js
[SH 2026/02/08 21:36:52 UTC 2026-02-08T13:36:52.734Z] info: GET /config.js
[SH 2026/02/08 21:36:52 UTC 2026-02-08T13:36:52.735Z] info: GET /css/main_style.css
[SH 2026/02/08 21:36:52 UTC 2026-02-08T13:36:52.735Z] info: GET /frame.js
[SH 2026/02/08 21:36:52 UTC 2026-02-08T13:36:52.749Z] info: GET /js/bootstrap.bundle.min.js
[SH 2026/02/08 21:36:52 UTC 2026-02-08T13:36:52.753Z] info: GET /js/aos.js
[SH 2026/02/08 21:36:52 UTC 2026-02-08T13:36:52.754Z] info: GET /config.js
[SH 2026/02/08 21:36:52 UTC 2026-02-08T13:36:52.754Z] info: GET /frame.js
[SH 2026/02/08 21:36:52 UTC 2026-02-08T13:36:52.774Z] info: GET /home
[SH 2026/02/08 21:36:52 UTC 2026-02-08T13:36:52.775Z] info: POST /api/pages/
[SH 2026/02/08 21:36:52 UTC 2026-02-08T13:36:52.775Z] warn: File F:\code\single-page-frame\pages\.html not found. 没有找到F:\code\single-page-frame\pages\.html
[SH 2026/02/08 21:36:52 UTC 2026-02-08T13:36:52.776Z] warn: File F:\code\single-page-frame\pages\.json not found. 没有找到F:\code\single-page-frame\pages\.json
[SH 2026/02/08 21:36:52 UTC 2026-02-08T13:36:52.891Z] info: GET /css/bootstrap.min.css
[SH 2026/02/08 21:36:52 UTC 2026-02-08T13:36:52.891Z] info: GET /css/aos.css
[SH 2026/02/08 21:36:52 UTC 2026-02-08T13:36:52.892Z] info: GET /js/bootstrap.bundle.min.js
[SH 2026/02/08 21:36:52 UTC 2026-02-08T13:36:52.893Z] info: GET /css/main_style.css
[SH 2026/02/08 21:36:52 UTC 2026-02-08T13:36:52.893Z] info: GET /js/aos.js
[SH 2026/02/08 21:36:52 UTC 2026-02-08T13:36:52.894Z] info: GET /config.js
[SH 2026/02/08 21:36:52 UTC 2026-02-08T13:36:52.895Z] info: GET /frame.js
[SH 2026/02/08 21:36:52 UTC 2026-02-08T13:36:52.914Z] info: POST /api/pages/home
[SH 2026/02/08 21:36:52 UTC 2026-02-08T13:36:52.969Z] info: POST /api/navigation
[SH 2026/02/08 21:36:52 UTC 2026-02-08T13:36:52.978Z] info: GET /js/bootstrap.bundle.min.js
[SH 2026/02/08 21:36:52 UTC 2026-02-08T13:36:52.979Z] info: GET /js/aos.js
[SH 2026/02/08 21:36:52 UTC 2026-02-08T13:36:52.979Z] info: GET /config.js
[SH 2026/02/08 21:36:52 UTC 2026-02-08T13:36:52.980Z] info: GET /frame.js
[SH 2026/02/08 21:36:53 UTC 2026-02-08T13:36:53.028Z] info: GET /img/menu.png
[SH 2026/02/08 21:36:53 UTC 2026-02-08T13:36:53.028Z] info: GET /img/menu-fold.png
[SH 2026/02/08 21:36:54 UTC 2026-02-08T13:36:54.751Z] info: POST /api/pages/home
[SH 2026/02/08 21:36:56 UTC 2026-02-08T13:36:56.185Z] info: POST /api/pages/test
[SH 2026/02/08 21:36:56 UTC 2026-02-08T13:36:56.193Z] info: GET /js/test.js
[SH 2026/02/08 21:36:56 UTC 2026-02-08T13:36:56.209Z] info: GET /css/test.css
[SH 2026/02/08 21:36:56 UTC 2026-02-08T13:36:56.211Z] info: GET /js/test.js
[SH 2026/02/08 21:36:58 UTC 2026-02-08T13:36:58.853Z] info: POST /api/pages/test/card1
[SH 2026/02/08 21:36:59 UTC 2026-02-08T13:36:59.838Z] info: POST /api/pages/test/card2
[SH 2026/02/08 21:37:01 UTC 2026-02-08T13:37:01.021Z] info: GET /test/card2
[SH 2026/02/08 21:37:01 UTC 2026-02-08T13:37:01.057Z] info: GET /css/bootstrap.min.css
[SH 2026/02/08 21:37:01 UTC 2026-02-08T13:37:01.059Z] info: GET /css/aos.css
[SH 2026/02/08 21:37:01 UTC 2026-02-08T13:37:01.060Z] info: GET /js/bootstrap.bundle.min.js
[SH 2026/02/08 21:37:01 UTC 2026-02-08T13:37:01.061Z] info: GET /css/main_style.css
[SH 2026/02/08 21:37:01 UTC 2026-02-08T13:37:01.061Z] info: GET /js/aos.js
[SH 2026/02/08 21:37:01 UTC 2026-02-08T13:37:01.063Z] info: GET /config.js
[SH 2026/02/08 21:37:01 UTC 2026-02-08T13:37:01.063Z] info: GET /frame.js
[SH 2026/02/08 21:37:01 UTC 2026-02-08T13:37:01.068Z] info: GET /js/bootstrap.bundle.min.js
[SH 2026/02/08 21:37:01 UTC 2026-02-08T13:37:01.070Z] info: GET /js/aos.js
[SH 2026/02/08 21:37:01 UTC 2026-02-08T13:37:01.082Z] info: POST /api/pages/test/card2
[SH 2026/02/08 21:37:01 UTC 2026-02-08T13:37:01.084Z] info: GET /config.js
[SH 2026/02/08 21:37:01 UTC 2026-02-08T13:37:01.115Z] info: POST /api/pages/test
[SH 2026/02/08 21:37:01 UTC 2026-02-08T13:37:01.145Z] info: GET /js/test.js
[SH 2026/02/08 21:37:01 UTC 2026-02-08T13:37:01.151Z] info: GET /css/test.css
[SH 2026/02/08 21:37:01 UTC 2026-02-08T13:37:01.155Z] info: POST /api/navigation
[SH 2026/02/08 21:37:01 UTC 2026-02-08T13:37:01.160Z] info: GET /img/menu.png
[SH 2026/02/08 21:37:01 UTC 2026-02-08T13:37:01.171Z] info: GET /img/menu-fold.png
[SH 2026/02/08 21:37:01 UTC 2026-02-08T13:37:01.180Z] info: POST /api/pages/test/card2
[SH 2026/02/08 21:37:01 UTC 2026-02-08T13:37:01.270Z] info: GET /frame.js
[SH 2026/02/08 21:37:01 UTC 2026-02-08T13:37:01.293Z] info: GET /js/test.js
[SH 2026/02/08 21:37:02 UTC 2026-02-08T13:37:02.505Z] info: POST /api/pages/test/card1
[SH 2026/02/08 21:37:04 UTC 2026-02-08T13:37:04.080Z] info: POST /api/pages/test/card2
[SH 2026/02/08 21:37:04 UTC 2026-02-08T13:37:04.104Z] info: POST /api/pages/test
[SH 2026/02/08 21:37:04 UTC 2026-02-08T13:37:04.133Z] info: POST /api/pages/test/card2
[SH 2026/02/08 21:37:08 UTC 2026-02-08T13:37:08.065Z] info: GET /
[SH 2026/02/08 21:37:08 UTC 2026-02-08T13:37:08.119Z] info: GET /css/bootstrap.min.css
[SH 2026/02/08 21:37:08 UTC 2026-02-08T13:37:08.121Z] info: GET /css/aos.css
[SH 2026/02/08 21:37:08 UTC 2026-02-08T13:37:08.122Z] info: GET /js/bootstrap.bundle.min.js
[SH 2026/02/08 21:37:08 UTC 2026-02-08T13:37:08.124Z] info: GET /css/main_style.css
[SH 2026/02/08 21:37:08 UTC 2026-02-08T13:37:08.124Z] info: GET /js/aos.js
[SH 2026/02/08 21:37:08 UTC 2026-02-08T13:37:08.125Z] info: GET /frame.js
[SH 2026/02/08 21:37:08 UTC 2026-02-08T13:37:08.125Z] info: GET /config.js
[SH 2026/02/08 21:37:08 UTC 2026-02-08T13:37:08.142Z] info: GET /js/bootstrap.bundle.min.js
[SH 2026/02/08 21:37:08 UTC 2026-02-08T13:37:08.147Z] info: GET /js/aos.js
[SH 2026/02/08 21:37:08 UTC 2026-02-08T13:37:08.149Z] info: GET /frame.js
[SH 2026/02/08 21:37:08 UTC 2026-02-08T13:37:08.163Z] info: GET /home
[SH 2026/02/08 21:37:08 UTC 2026-02-08T13:37:08.166Z] info: POST /api/pages/
[SH 2026/02/08 21:37:08 UTC 2026-02-08T13:37:08.167Z] warn: File F:\code\single-page-frame\pages\.html not found. 没有找到F:\code\single-page-frame\pages\.html
[SH 2026/02/08 21:37:08 UTC 2026-02-08T13:37:08.167Z] warn: File F:\code\single-page-frame\pages\.json not found. 没有找到F:\code\single-page-frame\pages\.json
[SH 2026/02/08 21:37:08 UTC 2026-02-08T13:37:08.273Z] info: GET /css/bootstrap.min.css
[SH 2026/02/08 21:37:08 UTC 2026-02-08T13:37:08.273Z] info: GET /css/aos.css
[SH 2026/02/08 21:37:08 UTC 2026-02-08T13:37:08.274Z] info: GET /js/bootstrap.bundle.min.js
[SH 2026/02/08 21:37:08 UTC 2026-02-08T13:37:08.275Z] info: GET /css/main_style.css
[SH 2026/02/08 21:37:08 UTC 2026-02-08T13:37:08.276Z] info: GET /js/aos.js
[SH 2026/02/08 21:37:08 UTC 2026-02-08T13:37:08.277Z] info: GET /frame.js
[SH 2026/02/08 21:37:08 UTC 2026-02-08T13:37:08.278Z] info: GET /config.js
[SH 2026/02/08 21:37:08 UTC 2026-02-08T13:37:08.296Z] info: POST /api/pages/home
[SH 2026/02/08 21:37:08 UTC 2026-02-08T13:37:08.354Z] info: POST /api/navigation
[SH 2026/02/08 21:37:08 UTC 2026-02-08T13:37:08.408Z] info: GET /img/menu.png
[SH 2026/02/08 21:37:08 UTC 2026-02-08T13:37:08.409Z] info: GET /img/menu-fold.png
[SH 2026/02/08 21:37:10 UTC 2026-02-08T13:37:10.504Z] info: POST /api/pages/p1
[SH 2026/02/08 21:37:11 UTC 2026-02-08T13:37:11.845Z] info: POST /api/pages/home
[SH 2026/02/08 22:24:24 UTC 2026-02-08T14:24:24.707Z] info: ---------------------------------------------------
[SH 2026/02/08 22:24:24 UTC 2026-02-08T14:24:24.721Z] info: Server started at 2026/2/8 22:24:24
[SH 2026/02/08 22:24:26 UTC 2026-02-08T14:24:26.963Z] info: GET /home
[SH 2026/02/08 22:24:27 UTC 2026-02-08T14:24:27.014Z] info: GET /css/bootstrap.min.css
[SH 2026/02/08 22:24:27 UTC 2026-02-08T14:24:27.016Z] info: GET /css/aos.css
[SH 2026/02/08 22:24:27 UTC 2026-02-08T14:24:27.017Z] info: GET /js/bootstrap.bundle.min.js
[SH 2026/02/08 22:24:27 UTC 2026-02-08T14:24:27.020Z] info: GET /css/main_style.css
[SH 2026/02/08 22:24:27 UTC 2026-02-08T14:24:27.023Z] info: GET /js/aos.js
[SH 2026/02/08 22:24:27 UTC 2026-02-08T14:24:27.024Z] info: GET /config.js
[SH 2026/02/08 22:24:27 UTC 2026-02-08T14:24:27.025Z] info: GET /frame.js
[SH 2026/02/08 22:24:27 UTC 2026-02-08T14:24:27.055Z] info: POST /api/pages/home
[SH 2026/02/08 22:24:32 UTC 2026-02-08T14:24:32.102Z] info: GET /css/bootstrap.min.css
[SH 2026/02/08 22:24:32 UTC 2026-02-08T14:24:32.105Z] info: GET /css/aos.css
[SH 2026/02/08 22:24:32 UTC 2026-02-08T14:24:32.106Z] info: GET /css/main_style.css
[SH 2026/02/08 22:24:32 UTC 2026-02-08T14:24:32.120Z] info: GET /.well-known/appspecific/com.chrome.devtools.json
[SH 2026/02/08 22:24:32 UTC 2026-02-08T14:24:32.313Z] info: GET /css/bootstrap.min.css.map
[SH 2026/02/08 22:25:21 UTC 2026-02-08T14:25:21.035Z] info: ---------------------------------------------------
[SH 2026/02/08 22:25:21 UTC 2026-02-08T14:25:21.050Z] info: Server started at 2026/2/8 22:25:21
[SH 2026/02/08 22:25:24 UTC 2026-02-08T14:25:24.531Z] info: GET /home
[SH 2026/02/08 22:25:24 UTC 2026-02-08T14:25:24.568Z] info: GET /.well-known/appspecific/com.chrome.devtools.json
[SH 2026/02/08 22:25:24 UTC 2026-02-08T14:25:24.584Z] info: GET /css/bootstrap.min.css
[SH 2026/02/08 22:25:24 UTC 2026-02-08T14:25:24.588Z] info: GET /css/aos.css
[SH 2026/02/08 22:25:24 UTC 2026-02-08T14:25:24.590Z] info: GET /js/bootstrap.bundle.min.js
[SH 2026/02/08 22:25:24 UTC 2026-02-08T14:25:24.591Z] info: GET /css/main_style.css
[SH 2026/02/08 22:25:24 UTC 2026-02-08T14:25:24.591Z] info: GET /js/aos.js
[SH 2026/02/08 22:25:24 UTC 2026-02-08T14:25:24.594Z] info: GET /config.js
[SH 2026/02/08 22:25:24 UTC 2026-02-08T14:25:24.601Z] info: GET /frame.js
[SH 2026/02/08 22:25:24 UTC 2026-02-08T14:25:24.647Z] info: POST /api/pages/home
[SH 2026/02/08 22:25:24 UTC 2026-02-08T14:25:24.654Z] info: GET /css/bootstrap.min.css.map
[SH 2026/02/08 22:26:10 UTC 2026-02-08T14:26:10.588Z] info: GET /home
[SH 2026/02/08 22:26:10 UTC 2026-02-08T14:26:10.633Z] info: GET /.well-known/appspecific/com.chrome.devtools.json
[SH 2026/02/08 22:26:10 UTC 2026-02-08T14:26:10.648Z] info: GET /css/bootstrap.min.css
[SH 2026/02/08 22:26:10 UTC 2026-02-08T14:26:10.656Z] info: GET /css/aos.css
[SH 2026/02/08 22:26:10 UTC 2026-02-08T14:26:10.657Z] info: GET /css/main_style.css
[SH 2026/02/08 22:26:10 UTC 2026-02-08T14:26:10.658Z] info: GET /js/bootstrap.bundle.min.js
[SH 2026/02/08 22:26:10 UTC 2026-02-08T14:26:10.658Z] info: GET /js/aos.js
[SH 2026/02/08 22:26:10 UTC 2026-02-08T14:26:10.658Z] info: GET /config.js
[SH 2026/02/08 22:26:10 UTC 2026-02-08T14:26:10.659Z] info: GET /frame.js
[SH 2026/02/08 22:26:10 UTC 2026-02-08T14:26:10.706Z] info: POST /api/pages/home
[SH 2026/02/08 22:26:10 UTC 2026-02-08T14:26:10.715Z] info: GET /css/bootstrap.min.css.map
[SH 2026/02/08 22:26:26 UTC 2026-02-08T14:26:26.020Z] info: GET /home
[SH 2026/02/08 22:26:26 UTC 2026-02-08T14:26:26.051Z] info: GET /.well-known/appspecific/com.chrome.devtools.json
[SH 2026/02/08 22:26:26 UTC 2026-02-08T14:26:26.061Z] info: GET /css/bootstrap.min.css
[SH 2026/02/08 22:26:26 UTC 2026-02-08T14:26:26.064Z] info: GET /css/aos.css
[SH 2026/02/08 22:26:26 UTC 2026-02-08T14:26:26.066Z] info: GET /css/main_style.css
[SH 2026/02/08 22:26:26 UTC 2026-02-08T14:26:26.066Z] info: GET /js/bootstrap.bundle.min.js
[SH 2026/02/08 22:26:26 UTC 2026-02-08T14:26:26.067Z] info: GET /js/aos.js
[SH 2026/02/08 22:26:26 UTC 2026-02-08T14:26:26.067Z] info: GET /config.js
[SH 2026/02/08 22:26:26 UTC 2026-02-08T14:26:26.068Z] info: GET /frame.js
[SH 2026/02/08 22:26:26 UTC 2026-02-08T14:26:26.100Z] info: POST /api/pages/home
[SH 2026/02/08 22:26:26 UTC 2026-02-08T14:26:26.104Z] info: GET /css/bootstrap.min.css.map
[SH 2026/02/08 22:26:28 UTC 2026-02-08T14:26:28.562Z] info: GET /home
[SH 2026/02/08 22:26:28 UTC 2026-02-08T14:26:28.605Z] info: GET /.well-known/appspecific/com.chrome.devtools.json
[SH 2026/02/08 22:26:28 UTC 2026-02-08T14:26:28.616Z] info: GET /css/bootstrap.min.css
[SH 2026/02/08 22:26:28 UTC 2026-02-08T14:26:28.619Z] info: GET /css/aos.css
[SH 2026/02/08 22:26:28 UTC 2026-02-08T14:26:28.622Z] info: GET /css/main_style.css
[SH 2026/02/08 22:26:28 UTC 2026-02-08T14:26:28.624Z] info: GET /js/bootstrap.bundle.min.js
[SH 2026/02/08 22:26:28 UTC 2026-02-08T14:26:28.624Z] info: GET /js/aos.js
[SH 2026/02/08 22:26:28 UTC 2026-02-08T14:26:28.625Z] info: GET /config.js
[SH 2026/02/08 22:26:28 UTC 2026-02-08T14:26:28.627Z] info: GET /frame.js
[SH 2026/02/08 22:26:28 UTC 2026-02-08T14:26:28.668Z] info: POST /api/pages/home
[SH 2026/02/08 22:26:28 UTC 2026-02-08T14:26:28.675Z] info: GET /css/bootstrap.min.css.map
[SH 2026/02/08 22:26:29 UTC 2026-02-08T14:26:29.228Z] info: GET /home
[SH 2026/02/08 22:26:29 UTC 2026-02-08T14:26:29.253Z] info: GET /.well-known/appspecific/com.chrome.devtools.json
[SH 2026/02/08 22:26:29 UTC 2026-02-08T14:26:29.267Z] info: GET /css/bootstrap.min.css
[SH 2026/02/08 22:26:29 UTC 2026-02-08T14:26:29.270Z] info: GET /css/aos.css
[SH 2026/02/08 22:26:29 UTC 2026-02-08T14:26:29.271Z] info: GET /css/main_style.css
[SH 2026/02/08 22:26:29 UTC 2026-02-08T14:26:29.271Z] info: GET /js/bootstrap.bundle.min.js
[SH 2026/02/08 22:26:29 UTC 2026-02-08T14:26:29.272Z] info: GET /js/aos.js
[SH 2026/02/08 22:26:29 UTC 2026-02-08T14:26:29.273Z] info: GET /config.js
[SH 2026/02/08 22:26:29 UTC 2026-02-08T14:26:29.273Z] info: GET /frame.js
[SH 2026/02/08 22:26:29 UTC 2026-02-08T14:26:29.310Z] info: POST /api/pages/home
[SH 2026/02/08 22:26:29 UTC 2026-02-08T14:26:29.313Z] info: GET /css/bootstrap.min.css.map
[SH 2026/02/08 22:26:29 UTC 2026-02-08T14:26:29.627Z] info: GET /home
[SH 2026/02/08 22:26:29 UTC 2026-02-08T14:26:29.658Z] info: GET /.well-known/appspecific/com.chrome.devtools.json
[SH 2026/02/08 22:26:29 UTC 2026-02-08T14:26:29.675Z] info: GET /css/bootstrap.min.css
[SH 2026/02/08 22:26:29 UTC 2026-02-08T14:26:29.680Z] info: GET /css/aos.css
[SH 2026/02/08 22:26:29 UTC 2026-02-08T14:26:29.682Z] info: GET /js/bootstrap.bundle.min.js
[SH 2026/02/08 22:26:29 UTC 2026-02-08T14:26:29.683Z] info: GET /css/main_style.css
[SH 2026/02/08 22:26:29 UTC 2026-02-08T14:26:29.684Z] info: GET /js/aos.js
[SH 2026/02/08 22:26:29 UTC 2026-02-08T14:26:29.686Z] info: GET /config.js
[SH 2026/02/08 22:26:29 UTC 2026-02-08T14:26:29.686Z] info: GET /frame.js
[SH 2026/02/08 22:26:29 UTC 2026-02-08T14:26:29.722Z] info: POST /api/pages/home
[SH 2026/02/08 22:26:29 UTC 2026-02-08T14:26:29.725Z] info: GET /css/bootstrap.min.css.map
[SH 2026/02/08 22:27:34 UTC 2026-02-08T14:27:34.397Z] info: GET /home
[SH 2026/02/08 22:27:34 UTC 2026-02-08T14:27:34.446Z] info: GET /.well-known/appspecific/com.chrome.devtools.json
[SH 2026/02/08 22:27:34 UTC 2026-02-08T14:27:34.460Z] info: GET /css/bootstrap.min.css
[SH 2026/02/08 22:27:34 UTC 2026-02-08T14:27:34.463Z] info: GET /css/aos.css
[SH 2026/02/08 22:27:34 UTC 2026-02-08T14:27:34.465Z] info: GET /css/main_style.css
[SH 2026/02/08 22:27:34 UTC 2026-02-08T14:27:34.465Z] info: GET /js/bootstrap.bundle.min.js
[SH 2026/02/08 22:27:34 UTC 2026-02-08T14:27:34.466Z] info: GET /js/aos.js
[SH 2026/02/08 22:27:34 UTC 2026-02-08T14:27:34.466Z] info: GET /config.js
[SH 2026/02/08 22:27:34 UTC 2026-02-08T14:27:34.467Z] info: GET /frame.js
[SH 2026/02/08 22:27:34 UTC 2026-02-08T14:27:34.507Z] info: POST /api/pages/home
[SH 2026/02/08 22:27:34 UTC 2026-02-08T14:27:34.515Z] info: GET /css/bootstrap.min.css.map
[SH 2026/02/08 22:27:36 UTC 2026-02-08T14:27:36.268Z] info: GET /home
[SH 2026/02/08 22:27:36 UTC 2026-02-08T14:27:36.308Z] info: GET /.well-known/appspecific/com.chrome.devtools.json
[SH 2026/02/08 22:27:36 UTC 2026-02-08T14:27:36.317Z] info: GET /css/bootstrap.min.css
[SH 2026/02/08 22:27:36 UTC 2026-02-08T14:27:36.321Z] info: GET /css/aos.css
[SH 2026/02/08 22:27:36 UTC 2026-02-08T14:27:36.322Z] info: GET /css/main_style.css
[SH 2026/02/08 22:27:36 UTC 2026-02-08T14:27:36.323Z] info: GET /js/bootstrap.bundle.min.js
[SH 2026/02/08 22:27:36 UTC 2026-02-08T14:27:36.324Z] info: GET /js/aos.js
[SH 2026/02/08 22:27:36 UTC 2026-02-08T14:27:36.324Z] info: GET /config.js
[SH 2026/02/08 22:27:36 UTC 2026-02-08T14:27:36.325Z] info: GET /frame.js
[SH 2026/02/08 22:27:36 UTC 2026-02-08T14:27:36.365Z] info: POST /api/pages/home
[SH 2026/02/08 22:27:36 UTC 2026-02-08T14:27:36.367Z] info: GET /css/bootstrap.min.css.map
[SH 2026/02/08 22:27:36 UTC 2026-02-08T14:27:36.712Z] info: GET /home
[SH 2026/02/08 22:27:36 UTC 2026-02-08T14:27:36.746Z] info: GET /.well-known/appspecific/com.chrome.devtools.json
[SH 2026/02/08 22:27:36 UTC 2026-02-08T14:27:36.769Z] info: GET /css/bootstrap.min.css
[SH 2026/02/08 22:27:36 UTC 2026-02-08T14:27:36.771Z] info: GET /css/aos.css
[SH 2026/02/08 22:27:36 UTC 2026-02-08T14:27:36.773Z] info: GET /js/bootstrap.bundle.min.js
[SH 2026/02/08 22:27:36 UTC 2026-02-08T14:27:36.774Z] info: GET /css/main_style.css
[SH 2026/02/08 22:27:36 UTC 2026-02-08T14:27:36.775Z] info: GET /js/aos.js
[SH 2026/02/08 22:27:36 UTC 2026-02-08T14:27:36.775Z] info: GET /config.js
[SH 2026/02/08 22:27:36 UTC 2026-02-08T14:27:36.780Z] info: GET /frame.js
[SH 2026/02/08 22:27:36 UTC 2026-02-08T14:27:36.822Z] info: GET /css/bootstrap.min.css.map
[SH 2026/02/08 22:27:36 UTC 2026-02-08T14:27:36.830Z] info: POST /api/pages/home
[SH 2026/02/08 22:27:37 UTC 2026-02-08T14:27:37.113Z] info: GET /home
[SH 2026/02/08 22:27:37 UTC 2026-02-08T14:27:37.144Z] info: GET /.well-known/appspecific/com.chrome.devtools.json
[SH 2026/02/08 22:27:37 UTC 2026-02-08T14:27:37.159Z] info: GET /css/bootstrap.min.css
[SH 2026/02/08 22:27:37 UTC 2026-02-08T14:27:37.166Z] info: GET /css/aos.css
[SH 2026/02/08 22:27:37 UTC 2026-02-08T14:27:37.167Z] info: GET /css/main_style.css
[SH 2026/02/08 22:27:37 UTC 2026-02-08T14:27:37.167Z] info: GET /js/bootstrap.bundle.min.js
[SH 2026/02/08 22:27:37 UTC 2026-02-08T14:27:37.168Z] info: GET /js/aos.js
[SH 2026/02/08 22:27:37 UTC 2026-02-08T14:27:37.168Z] info: GET /config.js
[SH 2026/02/08 22:27:37 UTC 2026-02-08T14:27:37.169Z] info: GET /frame.js
[SH 2026/02/08 22:27:37 UTC 2026-02-08T14:27:37.201Z] info: GET /css/bootstrap.min.css.map
[SH 2026/02/08 22:27:37 UTC 2026-02-08T14:27:37.203Z] info: POST /api/pages/home
[SH 2026/02/08 22:27:37 UTC 2026-02-08T14:27:37.508Z] info: GET /home
[SH 2026/02/08 22:27:37 UTC 2026-02-08T14:27:37.533Z] info: GET /.well-known/appspecific/com.chrome.devtools.json
[SH 2026/02/08 22:27:37 UTC 2026-02-08T14:27:37.548Z] info: GET /css/bootstrap.min.css
[SH 2026/02/08 22:27:37 UTC 2026-02-08T14:27:37.551Z] info: GET /css/aos.css
[SH 2026/02/08 22:27:37 UTC 2026-02-08T14:27:37.552Z] info: GET /js/bootstrap.bundle.min.js
[SH 2026/02/08 22:27:37 UTC 2026-02-08T14:27:37.553Z] info: GET /css/main_style.css
[SH 2026/02/08 22:27:37 UTC 2026-02-08T14:27:37.553Z] info: GET /js/aos.js
[SH 2026/02/08 22:27:37 UTC 2026-02-08T14:27:37.554Z] info: GET /config.js
[SH 2026/02/08 22:27:37 UTC 2026-02-08T14:27:37.555Z] info: GET /frame.js
[SH 2026/02/08 22:27:37 UTC 2026-02-08T14:27:37.592Z] info: POST /api/pages/home
[SH 2026/02/08 22:27:37 UTC 2026-02-08T14:27:37.595Z] info: GET /css/bootstrap.min.css.map
[SH 2026/02/08 22:27:37 UTC 2026-02-08T14:27:37.940Z] info: GET /home
[SH 2026/02/08 22:27:37 UTC 2026-02-08T14:27:37.979Z] info: GET /.well-known/appspecific/com.chrome.devtools.json
[SH 2026/02/08 22:27:37 UTC 2026-02-08T14:27:37.996Z] info: GET /css/bootstrap.min.css
[SH 2026/02/08 22:27:37 UTC 2026-02-08T14:27:37.998Z] info: GET /css/aos.css
[SH 2026/02/08 22:27:37 UTC 2026-02-08T14:27:37.999Z] info: GET /css/main_style.css
[SH 2026/02/08 22:27:38 UTC 2026-02-08T14:27:38.000Z] info: GET /js/bootstrap.bundle.min.js
[SH 2026/02/08 22:27:38 UTC 2026-02-08T14:27:38.000Z] info: GET /js/aos.js
[SH 2026/02/08 22:27:38 UTC 2026-02-08T14:27:38.001Z] info: GET /config.js
[SH 2026/02/08 22:27:38 UTC 2026-02-08T14:27:38.004Z] info: GET /frame.js
[SH 2026/02/08 22:27:38 UTC 2026-02-08T14:27:38.044Z] info: GET /css/bootstrap.min.css.map
[SH 2026/02/08 22:27:38 UTC 2026-02-08T14:27:38.049Z] info: POST /api/pages/home
[SH 2026/02/08 22:27:38 UTC 2026-02-08T14:27:38.301Z] info: GET /home
[SH 2026/02/08 22:27:38 UTC 2026-02-08T14:27:38.330Z] info: GET /.well-known/appspecific/com.chrome.devtools.json
[SH 2026/02/08 22:27:38 UTC 2026-02-08T14:27:38.340Z] info: GET /css/bootstrap.min.css
[SH 2026/02/08 22:27:38 UTC 2026-02-08T14:27:38.343Z] info: GET /css/aos.css
[SH 2026/02/08 22:27:38 UTC 2026-02-08T14:27:38.343Z] info: GET /css/main_style.css
[SH 2026/02/08 22:27:38 UTC 2026-02-08T14:27:38.344Z] info: GET /js/bootstrap.bundle.min.js
[SH 2026/02/08 22:27:38 UTC 2026-02-08T14:27:38.344Z] info: GET /js/aos.js
[SH 2026/02/08 22:27:38 UTC 2026-02-08T14:27:38.345Z] info: GET /config.js
[SH 2026/02/08 22:27:38 UTC 2026-02-08T14:27:38.347Z] info: GET /frame.js
[SH 2026/02/08 22:27:38 UTC 2026-02-08T14:27:38.388Z] info: GET /css/bootstrap.min.css.map
[SH 2026/02/08 22:27:38 UTC 2026-02-08T14:27:38.388Z] info: POST /api/pages/home
[SH 2026/02/08 22:27:57 UTC 2026-02-08T14:27:57.889Z] info: GET /home
[SH 2026/02/08 22:27:57 UTC 2026-02-08T14:27:57.919Z] info: GET /.well-known/appspecific/com.chrome.devtools.json
[SH 2026/02/08 22:27:57 UTC 2026-02-08T14:27:57.929Z] info: GET /css/bootstrap.min.css
[SH 2026/02/08 22:27:57 UTC 2026-02-08T14:27:57.932Z] info: GET /css/aos.css
[SH 2026/02/08 22:27:57 UTC 2026-02-08T14:27:57.934Z] info: GET /css/main_style.css
[SH 2026/02/08 22:27:57 UTC 2026-02-08T14:27:57.934Z] info: GET /js/bootstrap.bundle.min.js
[SH 2026/02/08 22:27:57 UTC 2026-02-08T14:27:57.935Z] info: GET /js/aos.js
[SH 2026/02/08 22:27:57 UTC 2026-02-08T14:27:57.935Z] info: GET /config.js
[SH 2026/02/08 22:27:57 UTC 2026-02-08T14:27:57.936Z] info: GET /frame.js
[SH 2026/02/08 22:27:57 UTC 2026-02-08T14:27:57.973Z] info: POST /api/pages/home
[SH 2026/02/08 22:27:57 UTC 2026-02-08T14:27:57.977Z] info: GET /css/bootstrap.min.css.map
[SH 2026/02/08 22:28:18 UTC 2026-02-08T14:28:18.903Z] info: GET /home
[SH 2026/02/08 22:28:18 UTC 2026-02-08T14:28:18.930Z] info: GET /.well-known/appspecific/com.chrome.devtools.json
[SH 2026/02/08 22:28:18 UTC 2026-02-08T14:28:18.939Z] info: GET /css/bootstrap.min.css
[SH 2026/02/08 22:28:18 UTC 2026-02-08T14:28:18.942Z] info: GET /css/aos.css
[SH 2026/02/08 22:28:18 UTC 2026-02-08T14:28:18.943Z] info: GET /css/main_style.css
[SH 2026/02/08 22:28:18 UTC 2026-02-08T14:28:18.944Z] info: GET /js/bootstrap.bundle.min.js
[SH 2026/02/08 22:28:18 UTC 2026-02-08T14:28:18.944Z] info: GET /js/aos.js
[SH 2026/02/08 22:28:18 UTC 2026-02-08T14:28:18.945Z] info: GET /config.js
[SH 2026/02/08 22:28:18 UTC 2026-02-08T14:28:18.946Z] info: GET /frame.js
[SH 2026/02/08 22:28:18 UTC 2026-02-08T14:28:18.978Z] info: POST /api/pages/home
[SH 2026/02/08 22:28:18 UTC 2026-02-08T14:28:18.983Z] info: GET /css/bootstrap.min.css.map
[SH 2026/02/08 22:30:22 UTC 2026-02-08T14:30:22.111Z] info: GET /home
[SH 2026/02/08 22:30:22 UTC 2026-02-08T14:30:22.175Z] info: GET /.well-known/appspecific/com.chrome.devtools.json
[SH 2026/02/08 22:30:22 UTC 2026-02-08T14:30:22.190Z] info: GET /css/bootstrap.min.css
[SH 2026/02/08 22:30:22 UTC 2026-02-08T14:30:22.196Z] info: GET /css/aos.css
[SH 2026/02/08 22:30:22 UTC 2026-02-08T14:30:22.198Z] info: GET /config.js
[SH 2026/02/08 22:30:22 UTC 2026-02-08T14:30:22.199Z] info: GET /css/main_style.css
[SH 2026/02/08 22:30:22 UTC 2026-02-08T14:30:22.200Z] info: GET /js/bootstrap.bundle.min.js
[SH 2026/02/08 22:30:22 UTC 2026-02-08T14:30:22.201Z] info: GET /js/aos.js
[SH 2026/02/08 22:30:22 UTC 2026-02-08T14:30:22.201Z] info: GET /frame.js
[SH 2026/02/08 22:30:22 UTC 2026-02-08T14:30:22.255Z] info: GET /css/bootstrap.min.css.map
[SH 2026/02/08 22:30:22 UTC 2026-02-08T14:30:22.265Z] info: POST /api/pages/home
[SH 2026/02/08 22:30:22 UTC 2026-02-08T14:30:22.430Z] info: POST /api/template/menu.html
[SH 2026/02/08 22:31:42 UTC 2026-02-08T14:31:42.924Z] info: POST /api/pages/test
[SH 2026/02/08 22:31:42 UTC 2026-02-08T14:31:42.936Z] info: GET /js/test.js
[SH 2026/02/08 22:31:42 UTC 2026-02-08T14:31:42.941Z] info: GET /css/test.css
[SH 2026/02/08 22:31:44 UTC 2026-02-08T14:31:44.448Z] info: POST /api/pages/home
[SH 2026/02/08 22:31:44 UTC 2026-02-08T14:31:44.461Z] info: POST /api/template/menu.html
[SH 2026/02/08 22:32:32 UTC 2026-02-08T14:32:32.047Z] info: GET /home
[SH 2026/02/08 22:32:32 UTC 2026-02-08T14:32:32.088Z] info: GET /.well-known/appspecific/com.chrome.devtools.json
[SH 2026/02/08 22:32:32 UTC 2026-02-08T14:32:32.110Z] info: GET /css/bootstrap.min.css
[SH 2026/02/08 22:32:32 UTC 2026-02-08T14:32:32.115Z] info: GET /css/aos.css
[SH 2026/02/08 22:32:32 UTC 2026-02-08T14:32:32.116Z] info: GET /css/main_style.css
[SH 2026/02/08 22:32:32 UTC 2026-02-08T14:32:32.117Z] info: GET /js/bootstrap.bundle.min.js
[SH 2026/02/08 22:32:32 UTC 2026-02-08T14:32:32.118Z] info: GET /js/aos.js
[SH 2026/02/08 22:32:32 UTC 2026-02-08T14:32:32.118Z] info: GET /config.js
[SH 2026/02/08 22:32:32 UTC 2026-02-08T14:32:32.119Z] info: GET /frame.js
[SH 2026/02/08 22:32:32 UTC 2026-02-08T14:32:32.173Z] info: GET /css/bootstrap.min.css.map
[SH 2026/02/08 22:32:32 UTC 2026-02-08T14:32:32.175Z] info: POST /api/pages/home
[SH 2026/02/08 22:32:32 UTC 2026-02-08T14:32:32.302Z] info: POST /api/template/menu.html
[SH 2026/02/08 22:32:35 UTC 2026-02-08T14:32:35.754Z] info: ---------------------------------------------------
[SH 2026/02/08 22:32:35 UTC 2026-02-08T14:32:35.769Z] info: Server started at 2026/2/8 22:32:35
[SH 2026/02/08 22:32:37 UTC 2026-02-08T14:32:37.654Z] info: GET /home
[SH 2026/02/08 22:32:37 UTC 2026-02-08T14:32:37.688Z] info: GET /.well-known/appspecific/com.chrome.devtools.json
[SH 2026/02/08 22:32:37 UTC 2026-02-08T14:32:37.695Z] info: GET /css/bootstrap.min.css
[SH 2026/02/08 22:32:37 UTC 2026-02-08T14:32:37.700Z] info: GET /css/aos.css
[SH 2026/02/08 22:32:37 UTC 2026-02-08T14:32:37.703Z] info: GET /css/main_style.css
[SH 2026/02/08 22:32:37 UTC 2026-02-08T14:32:37.704Z] info: GET /js/bootstrap.bundle.min.js
[SH 2026/02/08 22:32:37 UTC 2026-02-08T14:32:37.705Z] info: GET /js/aos.js
[SH 2026/02/08 22:32:37 UTC 2026-02-08T14:32:37.705Z] info: GET /config.js
[SH 2026/02/08 22:32:37 UTC 2026-02-08T14:32:37.707Z] info: GET /frame.js
[SH 2026/02/08 22:32:37 UTC 2026-02-08T14:32:37.744Z] info: POST /api/pages/home
[SH 2026/02/08 22:32:37 UTC 2026-02-08T14:32:37.755Z] info: GET /css/bootstrap.min.css.map
[SH 2026/02/08 22:32:37 UTC 2026-02-08T14:32:37.887Z] info: POST /api/template/menu.html
[SH 2026/02/08 22:32:37 UTC 2026-02-08T14:32:37.948Z] info: GET /img/menu-fold.png
[SH 2026/02/08 22:32:40 UTC 2026-02-08T14:32:40.610Z] info: GET /home
[SH 2026/02/08 22:32:40 UTC 2026-02-08T14:32:40.639Z] info: GET /.well-known/appspecific/com.chrome.devtools.json
[SH 2026/02/08 22:32:40 UTC 2026-02-08T14:32:40.654Z] info: GET /css/bootstrap.min.css
[SH 2026/02/08 22:32:40 UTC 2026-02-08T14:32:40.657Z] info: GET /css/aos.css
[SH 2026/02/08 22:32:40 UTC 2026-02-08T14:32:40.658Z] info: GET /css/main_style.css
[SH 2026/02/08 22:32:40 UTC 2026-02-08T14:32:40.658Z] info: GET /js/bootstrap.bundle.min.js
[SH 2026/02/08 22:32:40 UTC 2026-02-08T14:32:40.659Z] info: GET /js/aos.js
[SH 2026/02/08 22:32:40 UTC 2026-02-08T14:32:40.659Z] info: GET /config.js
[SH 2026/02/08 22:32:40 UTC 2026-02-08T14:32:40.666Z] info: GET /frame.js
[SH 2026/02/08 22:32:40 UTC 2026-02-08T14:32:40.714Z] info: POST /api/pages/home
[SH 2026/02/08 22:32:40 UTC 2026-02-08T14:32:40.716Z] info: GET /css/bootstrap.min.css.map
[SH 2026/02/08 22:32:40 UTC 2026-02-08T14:32:40.836Z] info: POST /api/template/menu.html
[SH 2026/02/08 22:32:40 UTC 2026-02-08T14:32:40.890Z] info: GET /img/menu-fold.png
[SH 2026/02/08 22:32:43 UTC 2026-02-08T14:32:43.056Z] info: GET /home
[SH 2026/02/08 22:32:43 UTC 2026-02-08T14:32:43.087Z] info: GET /.well-known/appspecific/com.chrome.devtools.json
[SH 2026/02/08 22:32:43 UTC 2026-02-08T14:32:43.093Z] info: GET /css/bootstrap.min.css
[SH 2026/02/08 22:32:43 UTC 2026-02-08T14:32:43.097Z] info: GET /css/aos.css
[SH 2026/02/08 22:32:43 UTC 2026-02-08T14:32:43.098Z] info: GET /css/main_style.css
[SH 2026/02/08 22:32:43 UTC 2026-02-08T14:32:43.099Z] info: GET /js/bootstrap.bundle.min.js
[SH 2026/02/08 22:32:43 UTC 2026-02-08T14:32:43.099Z] info: GET /js/aos.js
[SH 2026/02/08 22:32:43 UTC 2026-02-08T14:32:43.100Z] info: GET /config.js
[SH 2026/02/08 22:32:43 UTC 2026-02-08T14:32:43.100Z] info: GET /frame.js
[SH 2026/02/08 22:32:43 UTC 2026-02-08T14:32:43.134Z] info: POST /api/pages/home
[SH 2026/02/08 22:32:43 UTC 2026-02-08T14:32:43.137Z] info: GET /css/bootstrap.min.css.map
[SH 2026/02/08 22:32:43 UTC 2026-02-08T14:32:43.274Z] info: POST /api/template/menu.html
[SH 2026/02/08 22:32:43 UTC 2026-02-08T14:32:43.323Z] info: GET /img/menu-fold.png
[SH 2026/02/08 22:32:44 UTC 2026-02-08T14:32:44.055Z] info: GET /home
[SH 2026/02/08 22:32:44 UTC 2026-02-08T14:32:44.088Z] info: GET /.well-known/appspecific/com.chrome.devtools.json
[SH 2026/02/08 22:32:44 UTC 2026-02-08T14:32:44.098Z] info: GET /css/bootstrap.min.css
[SH 2026/02/08 22:32:44 UTC 2026-02-08T14:32:44.100Z] info: GET /css/aos.css
[SH 2026/02/08 22:32:44 UTC 2026-02-08T14:32:44.101Z] info: GET /css/main_style.css
[SH 2026/02/08 22:32:44 UTC 2026-02-08T14:32:44.102Z] info: GET /js/bootstrap.bundle.min.js
[SH 2026/02/08 22:32:44 UTC 2026-02-08T14:32:44.102Z] info: GET /js/aos.js
[SH 2026/02/08 22:32:44 UTC 2026-02-08T14:32:44.103Z] info: GET /config.js
[SH 2026/02/08 22:32:44 UTC 2026-02-08T14:32:44.104Z] info: GET /frame.js
[SH 2026/02/08 22:32:44 UTC 2026-02-08T14:32:44.148Z] info: GET /css/bootstrap.min.css.map
[SH 2026/02/08 22:32:44 UTC 2026-02-08T14:32:44.150Z] info: POST /api/pages/home
[SH 2026/02/08 22:32:44 UTC 2026-02-08T14:32:44.255Z] info: POST /api/template/menu.html
[SH 2026/02/08 22:32:44 UTC 2026-02-08T14:32:44.310Z] info: GET /img/menu-fold.png
[SH 2026/02/08 22:32:46 UTC 2026-02-08T14:32:46.356Z] info: GET /home
[SH 2026/02/08 22:32:46 UTC 2026-02-08T14:32:46.389Z] info: GET /.well-known/appspecific/com.chrome.devtools.json
[SH 2026/02/08 22:32:46 UTC 2026-02-08T14:32:46.396Z] info: GET /css/bootstrap.min.css
[SH 2026/02/08 22:32:46 UTC 2026-02-08T14:32:46.400Z] info: GET /css/aos.css
[SH 2026/02/08 22:32:46 UTC 2026-02-08T14:32:46.401Z] info: GET /css/main_style.css
[SH 2026/02/08 22:32:46 UTC 2026-02-08T14:32:46.402Z] info: GET /js/bootstrap.bundle.min.js
[SH 2026/02/08 22:32:46 UTC 2026-02-08T14:32:46.403Z] info: GET /js/aos.js
[SH 2026/02/08 22:32:46 UTC 2026-02-08T14:32:46.403Z] info: GET /config.js
[SH 2026/02/08 22:32:46 UTC 2026-02-08T14:32:46.404Z] info: GET /frame.js
[SH 2026/02/08 22:32:46 UTC 2026-02-08T14:32:46.447Z] info: POST /api/pages/home
[SH 2026/02/08 22:32:46 UTC 2026-02-08T14:32:46.450Z] info: GET /css/bootstrap.min.css.map
[SH 2026/02/08 22:32:46 UTC 2026-02-08T14:32:46.581Z] info: POST /api/template/menu.html
[SH 2026/02/08 22:32:46 UTC 2026-02-08T14:32:46.635Z] info: GET /img/menu-fold.png
[SH 2026/02/08 22:32:47 UTC 2026-02-08T14:32:47.184Z] info: GET /home
[SH 2026/02/08 22:32:47 UTC 2026-02-08T14:32:47.214Z] info: GET /.well-known/appspecific/com.chrome.devtools.json
[SH 2026/02/08 22:32:47 UTC 2026-02-08T14:32:47.222Z] info: GET /css/bootstrap.min.css
[SH 2026/02/08 22:32:47 UTC 2026-02-08T14:32:47.224Z] info: GET /css/aos.css
[SH 2026/02/08 22:32:47 UTC 2026-02-08T14:32:47.225Z] info: GET /css/main_style.css
[SH 2026/02/08 22:32:47 UTC 2026-02-08T14:32:47.225Z] info: GET /js/bootstrap.bundle.min.js
[SH 2026/02/08 22:32:47 UTC 2026-02-08T14:32:47.226Z] info: GET /js/aos.js
[SH 2026/02/08 22:32:47 UTC 2026-02-08T14:32:47.227Z] info: GET /config.js
[SH 2026/02/08 22:32:47 UTC 2026-02-08T14:32:47.228Z] info: GET /frame.js
[SH 2026/02/08 22:32:47 UTC 2026-02-08T14:32:47.271Z] info: GET /css/bootstrap.min.css.map
[SH 2026/02/08 22:32:47 UTC 2026-02-08T14:32:47.273Z] info: POST /api/pages/home
[SH 2026/02/08 22:32:47 UTC 2026-02-08T14:32:47.387Z] info: POST /api/template/menu.html
[SH 2026/02/08 22:32:47 UTC 2026-02-08T14:32:47.427Z] info: GET /img/menu-fold.png
[SH 2026/02/08 22:32:47 UTC 2026-02-08T14:32:47.676Z] info: GET /home
[SH 2026/02/08 22:32:47 UTC 2026-02-08T14:32:47.702Z] info: GET /.well-known/appspecific/com.chrome.devtools.json
[SH 2026/02/08 22:32:47 UTC 2026-02-08T14:32:47.713Z] info: GET /css/bootstrap.min.css
[SH 2026/02/08 22:32:47 UTC 2026-02-08T14:32:47.720Z] info: GET /css/aos.css
[SH 2026/02/08 22:32:47 UTC 2026-02-08T14:32:47.721Z] info: GET /css/main_style.css
[SH 2026/02/08 22:32:47 UTC 2026-02-08T14:32:47.721Z] info: GET /js/bootstrap.bundle.min.js
[SH 2026/02/08 22:32:47 UTC 2026-02-08T14:32:47.722Z] info: GET /js/aos.js
[SH 2026/02/08 22:32:47 UTC 2026-02-08T14:32:47.722Z] info: GET /config.js
[SH 2026/02/08 22:32:47 UTC 2026-02-08T14:32:47.723Z] info: GET /frame.js
[SH 2026/02/08 22:32:47 UTC 2026-02-08T14:32:47.761Z] info: GET /css/bootstrap.min.css.map
[SH 2026/02/08 22:32:47 UTC 2026-02-08T14:32:47.774Z] info: POST /api/pages/home
[SH 2026/02/08 22:32:47 UTC 2026-02-08T14:32:47.904Z] info: POST /api/template/menu.html
[SH 2026/02/08 22:32:47 UTC 2026-02-08T14:32:47.961Z] info: GET /img/menu-fold.png
[SH 2026/02/08 22:32:48 UTC 2026-02-08T14:32:48.158Z] info: GET /home
[SH 2026/02/08 22:32:48 UTC 2026-02-08T14:32:48.193Z] info: GET /.well-known/appspecific/com.chrome.devtools.json
[SH 2026/02/08 22:32:48 UTC 2026-02-08T14:32:48.202Z] info: GET /css/bootstrap.min.css
[SH 2026/02/08 22:32:48 UTC 2026-02-08T14:32:48.206Z] info: GET /css/aos.css
[SH 2026/02/08 22:32:48 UTC 2026-02-08T14:32:48.207Z] info: GET /js/bootstrap.bundle.min.js
[SH 2026/02/08 22:32:48 UTC 2026-02-08T14:32:48.208Z] info: GET /css/main_style.css
[SH 2026/02/08 22:32:48 UTC 2026-02-08T14:32:48.208Z] info: GET /js/aos.js
[SH 2026/02/08 22:32:48 UTC 2026-02-08T14:32:48.209Z] info: GET /config.js
[SH 2026/02/08 22:32:48 UTC 2026-02-08T14:32:48.210Z] info: GET /frame.js
[SH 2026/02/08 22:32:48 UTC 2026-02-08T14:32:48.271Z] info: GET /css/bootstrap.min.css.map
[SH 2026/02/08 22:32:48 UTC 2026-02-08T14:32:48.276Z] info: POST /api/pages/home
[SH 2026/02/08 22:32:48 UTC 2026-02-08T14:32:48.373Z] info: POST /api/template/menu.html
[SH 2026/02/08 22:32:48 UTC 2026-02-08T14:32:48.436Z] info: GET /img/menu-fold.png
[SH 2026/02/08 22:32:48 UTC 2026-02-08T14:32:48.563Z] info: GET /home
[SH 2026/02/08 22:32:48 UTC 2026-02-08T14:32:48.595Z] info: GET /.well-known/appspecific/com.chrome.devtools.json
[SH 2026/02/08 22:32:48 UTC 2026-02-08T14:32:48.608Z] info: GET /css/bootstrap.min.css
[SH 2026/02/08 22:32:48 UTC 2026-02-08T14:32:48.610Z] info: GET /css/aos.css
[SH 2026/02/08 22:32:48 UTC 2026-02-08T14:32:48.611Z] info: GET /css/main_style.css
[SH 2026/02/08 22:32:48 UTC 2026-02-08T14:32:48.612Z] info: GET /js/bootstrap.bundle.min.js
[SH 2026/02/08 22:32:48 UTC 2026-02-08T14:32:48.613Z] info: GET /js/aos.js
[SH 2026/02/08 22:32:48 UTC 2026-02-08T14:32:48.614Z] info: GET /config.js
[SH 2026/02/08 22:32:48 UTC 2026-02-08T14:32:48.615Z] info: GET /frame.js
[SH 2026/02/08 22:32:48 UTC 2026-02-08T14:32:48.648Z] info: POST /api/pages/home
[SH 2026/02/08 22:32:48 UTC 2026-02-08T14:32:48.650Z] info: GET /css/bootstrap.min.css.map
[SH 2026/02/08 22:32:48 UTC 2026-02-08T14:32:48.786Z] info: POST /api/template/menu.html
[SH 2026/02/08 22:32:48 UTC 2026-02-08T14:32:48.839Z] info: GET /img/menu-fold.png
[SH 2026/02/08 22:32:49 UTC 2026-02-08T14:32:49.165Z] info: GET /home
[SH 2026/02/08 22:32:49 UTC 2026-02-08T14:32:49.190Z] info: GET /.well-known/appspecific/com.chrome.devtools.json
[SH 2026/02/08 22:32:49 UTC 2026-02-08T14:32:49.202Z] info: GET /css/bootstrap.min.css
[SH 2026/02/08 22:32:49 UTC 2026-02-08T14:32:49.203Z] info: GET /css/aos.css
[SH 2026/02/08 22:32:49 UTC 2026-02-08T14:32:49.204Z] info: GET /css/main_style.css
[SH 2026/02/08 22:32:49 UTC 2026-02-08T14:32:49.205Z] info: GET /js/bootstrap.bundle.min.js
[SH 2026/02/08 22:32:49 UTC 2026-02-08T14:32:49.205Z] info: GET /js/aos.js
[SH 2026/02/08 22:32:49 UTC 2026-02-08T14:32:49.206Z] info: GET /config.js
[SH 2026/02/08 22:32:49 UTC 2026-02-08T14:32:49.210Z] info: GET /frame.js
[SH 2026/02/08 22:32:49 UTC 2026-02-08T14:32:49.254Z] info: GET /css/bootstrap.min.css.map
[SH 2026/02/08 22:32:49 UTC 2026-02-08T14:32:49.258Z] info: POST /api/pages/home
[SH 2026/02/08 22:32:49 UTC 2026-02-08T14:32:49.376Z] info: POST /api/template/menu.html
[SH 2026/02/08 22:32:49 UTC 2026-02-08T14:32:49.418Z] info: GET /img/menu-fold.png
[SH 2026/02/08 22:32:49 UTC 2026-02-08T14:32:49.837Z] info: GET /home
[SH 2026/02/08 22:32:49 UTC 2026-02-08T14:32:49.864Z] info: GET /.well-known/appspecific/com.chrome.devtools.json
[SH 2026/02/08 22:32:49 UTC 2026-02-08T14:32:49.876Z] info: GET /css/bootstrap.min.css
[SH 2026/02/08 22:32:49 UTC 2026-02-08T14:32:49.878Z] info: GET /css/aos.css
[SH 2026/02/08 22:32:49 UTC 2026-02-08T14:32:49.879Z] info: GET /css/main_style.css
[SH 2026/02/08 22:32:49 UTC 2026-02-08T14:32:49.880Z] info: GET /js/bootstrap.bundle.min.js
[SH 2026/02/08 22:32:49 UTC 2026-02-08T14:32:49.880Z] info: GET /js/aos.js
[SH 2026/02/08 22:32:49 UTC 2026-02-08T14:32:49.881Z] info: GET /config.js
[SH 2026/02/08 22:32:49 UTC 2026-02-08T14:32:49.882Z] info: GET /frame.js
[SH 2026/02/08 22:32:49 UTC 2026-02-08T14:32:49.919Z] info: GET /css/bootstrap.min.css.map
[SH 2026/02/08 22:32:49 UTC 2026-02-08T14:32:49.920Z] info: POST /api/pages/home
[SH 2026/02/08 22:32:50 UTC 2026-02-08T14:32:50.060Z] info: POST /api/template/menu.html
[SH 2026/02/08 22:32:50 UTC 2026-02-08T14:32:50.124Z] info: GET /img/menu-fold.png
[SH 2026/02/08 22:32:50 UTC 2026-02-08T14:32:50.293Z] info: GET /home
[SH 2026/02/08 22:32:50 UTC 2026-02-08T14:32:50.326Z] info: GET /.well-known/appspecific/com.chrome.devtools.json
[SH 2026/02/08 22:32:50 UTC 2026-02-08T14:32:50.336Z] info: GET /css/bootstrap.min.css
[SH 2026/02/08 22:32:50 UTC 2026-02-08T14:32:50.338Z] info: GET /css/aos.css
[SH 2026/02/08 22:32:50 UTC 2026-02-08T14:32:50.341Z] info: GET /css/main_style.css
[SH 2026/02/08 22:32:50 UTC 2026-02-08T14:32:50.342Z] info: GET /js/bootstrap.bundle.min.js
[SH 2026/02/08 22:32:50 UTC 2026-02-08T14:32:50.342Z] info: GET /js/aos.js
[SH 2026/02/08 22:32:50 UTC 2026-02-08T14:32:50.342Z] info: GET /config.js
[SH 2026/02/08 22:32:50 UTC 2026-02-08T14:32:50.343Z] info: GET /frame.js
[SH 2026/02/08 22:32:50 UTC 2026-02-08T14:32:50.394Z] info: GET /css/bootstrap.min.css.map
[SH 2026/02/08 22:32:50 UTC 2026-02-08T14:32:50.409Z] info: POST /api/pages/home
[SH 2026/02/08 22:32:50 UTC 2026-02-08T14:32:50.516Z] info: POST /api/template/menu.html
[SH 2026/02/08 22:32:50 UTC 2026-02-08T14:32:50.564Z] info: GET /img/menu-fold.png
[SH 2026/02/08 22:32:50 UTC 2026-02-08T14:32:50.704Z] info: GET /home
[SH 2026/02/08 22:32:50 UTC 2026-02-08T14:32:50.734Z] info: GET /.well-known/appspecific/com.chrome.devtools.json
[SH 2026/02/08 22:32:50 UTC 2026-02-08T14:32:50.746Z] info: GET /css/bootstrap.min.css
[SH 2026/02/08 22:32:50 UTC 2026-02-08T14:32:50.748Z] info: GET /css/aos.css
[SH 2026/02/08 22:32:50 UTC 2026-02-08T14:32:50.748Z] info: GET /js/bootstrap.bundle.min.js
[SH 2026/02/08 22:32:50 UTC 2026-02-08T14:32:50.749Z] info: GET /css/main_style.css
[SH 2026/02/08 22:32:50 UTC 2026-02-08T14:32:50.750Z] info: GET /js/aos.js
[SH 2026/02/08 22:32:50 UTC 2026-02-08T14:32:50.750Z] info: GET /config.js
[SH 2026/02/08 22:32:50 UTC 2026-02-08T14:32:50.752Z] info: GET /frame.js
[SH 2026/02/08 22:32:50 UTC 2026-02-08T14:32:50.785Z] info: POST /api/pages/home
[SH 2026/02/08 22:32:50 UTC 2026-02-08T14:32:50.787Z] info: GET /css/bootstrap.min.css.map
[SH 2026/02/08 22:32:50 UTC 2026-02-08T14:32:50.910Z] info: POST /api/template/menu.html
[SH 2026/02/08 22:32:50 UTC 2026-02-08T14:32:50.978Z] info: GET /img/menu-fold.png
[SH 2026/02/08 22:32:51 UTC 2026-02-08T14:32:51.132Z] info: GET /home
[SH 2026/02/08 22:32:51 UTC 2026-02-08T14:32:51.167Z] info: GET /.well-known/appspecific/com.chrome.devtools.json
[SH 2026/02/08 22:32:51 UTC 2026-02-08T14:32:51.183Z] info: GET /css/bootstrap.min.css
[SH 2026/02/08 22:32:51 UTC 2026-02-08T14:32:51.186Z] info: GET /css/aos.css
[SH 2026/02/08 22:32:51 UTC 2026-02-08T14:32:51.186Z] info: GET /js/bootstrap.bundle.min.js
[SH 2026/02/08 22:32:51 UTC 2026-02-08T14:32:51.188Z] info: GET /js/aos.js
[SH 2026/02/08 22:32:51 UTC 2026-02-08T14:32:51.189Z] info: GET /css/main_style.css
[SH 2026/02/08 22:32:51 UTC 2026-02-08T14:32:51.189Z] info: GET /config.js
[SH 2026/02/08 22:32:51 UTC 2026-02-08T14:32:51.192Z] info: GET /frame.js
[SH 2026/02/08 22:32:51 UTC 2026-02-08T14:32:51.232Z] info: GET /css/bootstrap.min.css.map
[SH 2026/02/08 22:32:51 UTC 2026-02-08T14:32:51.234Z] info: POST /api/pages/home
[SH 2026/02/08 22:32:51 UTC 2026-02-08T14:32:51.356Z] info: POST /api/template/menu.html
[SH 2026/02/08 22:32:51 UTC 2026-02-08T14:32:51.419Z] info: GET /img/menu-fold.png
[SH 2026/02/08 22:32:51 UTC 2026-02-08T14:32:51.539Z] info: GET /home
[SH 2026/02/08 22:32:51 UTC 2026-02-08T14:32:51.573Z] info: GET /.well-known/appspecific/com.chrome.devtools.json
[SH 2026/02/08 22:32:51 UTC 2026-02-08T14:32:51.586Z] info: GET /css/bootstrap.min.css
[SH 2026/02/08 22:32:51 UTC 2026-02-08T14:32:51.589Z] info: GET /css/aos.css
[SH 2026/02/08 22:32:51 UTC 2026-02-08T14:32:51.590Z] info: GET /css/main_style.css
[SH 2026/02/08 22:32:51 UTC 2026-02-08T14:32:51.590Z] info: GET /js/bootstrap.bundle.min.js
[SH 2026/02/08 22:32:51 UTC 2026-02-08T14:32:51.591Z] info: GET /js/aos.js
[SH 2026/02/08 22:32:51 UTC 2026-02-08T14:32:51.591Z] info: GET /config.js
[SH 2026/02/08 22:32:51 UTC 2026-02-08T14:32:51.592Z] info: GET /frame.js
[SH 2026/02/08 22:32:51 UTC 2026-02-08T14:32:51.628Z] info: GET /css/bootstrap.min.css.map
[SH 2026/02/08 22:32:51 UTC 2026-02-08T14:32:51.629Z] info: POST /api/pages/home
[SH 2026/02/08 22:32:51 UTC 2026-02-08T14:32:51.759Z] info: POST /api/template/menu.html
[SH 2026/02/08 22:32:51 UTC 2026-02-08T14:32:51.807Z] info: GET /img/menu-fold.png
[SH 2026/02/08 22:32:52 UTC 2026-02-08T14:32:52.156Z] info: GET /home
[SH 2026/02/08 22:32:52 UTC 2026-02-08T14:32:52.191Z] info: GET /.well-known/appspecific/com.chrome.devtools.json
[SH 2026/02/08 22:32:52 UTC 2026-02-08T14:32:52.201Z] info: GET /css/bootstrap.min.css
[SH 2026/02/08 22:32:52 UTC 2026-02-08T14:32:52.204Z] info: GET /css/aos.css
[SH 2026/02/08 22:32:52 UTC 2026-02-08T14:32:52.204Z] info: GET /css/main_style.css
[SH 2026/02/08 22:32:52 UTC 2026-02-08T14:32:52.205Z] info: GET /js/bootstrap.bundle.min.js
[SH 2026/02/08 22:32:52 UTC 2026-02-08T14:32:52.205Z] info: GET /js/aos.js
[SH 2026/02/08 22:32:52 UTC 2026-02-08T14:32:52.206Z] info: GET /config.js
[SH 2026/02/08 22:32:52 UTC 2026-02-08T14:32:52.207Z] info: GET /frame.js
[SH 2026/02/08 22:32:52 UTC 2026-02-08T14:32:52.247Z] info: GET /css/bootstrap.min.css.map
[SH 2026/02/08 22:32:52 UTC 2026-02-08T14:32:52.248Z] info: POST /api/pages/home
[SH 2026/02/08 22:32:52 UTC 2026-02-08T14:32:52.372Z] info: POST /api/template/menu.html
[SH 2026/02/08 22:32:52 UTC 2026-02-08T14:32:52.432Z] info: GET /img/menu-fold.png
[SH 2026/02/08 22:32:52 UTC 2026-02-08T14:32:52.559Z] info: GET /home
[SH 2026/02/08 22:32:52 UTC 2026-02-08T14:32:52.597Z] info: GET /.well-known/appspecific/com.chrome.devtools.json
[SH 2026/02/08 22:32:52 UTC 2026-02-08T14:32:52.609Z] info: GET /css/bootstrap.min.css
[SH 2026/02/08 22:32:52 UTC 2026-02-08T14:32:52.610Z] info: GET /css/aos.css
[SH 2026/02/08 22:32:52 UTC 2026-02-08T14:32:52.611Z] info: GET /css/main_style.css
[SH 2026/02/08 22:32:52 UTC 2026-02-08T14:32:52.612Z] info: GET /js/bootstrap.bundle.min.js
[SH 2026/02/08 22:32:52 UTC 2026-02-08T14:32:52.612Z] info: GET /js/aos.js
[SH 2026/02/08 22:32:52 UTC 2026-02-08T14:32:52.613Z] info: GET /config.js
[SH 2026/02/08 22:32:52 UTC 2026-02-08T14:32:52.615Z] info: GET /frame.js
[SH 2026/02/08 22:32:52 UTC 2026-02-08T14:32:52.650Z] info: POST /api/pages/home
[SH 2026/02/08 22:32:52 UTC 2026-02-08T14:32:52.652Z] info: GET /css/bootstrap.min.css.map
[SH 2026/02/08 22:32:52 UTC 2026-02-08T14:32:52.782Z] info: POST /api/template/menu.html
[SH 2026/02/08 22:32:52 UTC 2026-02-08T14:32:52.828Z] info: GET /img/menu-fold.png
[SH 2026/02/08 22:32:52 UTC 2026-02-08T14:32:52.973Z] info: GET /home
[SH 2026/02/08 22:32:53 UTC 2026-02-08T14:32:53.008Z] info: GET /.well-known/appspecific/com.chrome.devtools.json
[SH 2026/02/08 22:32:53 UTC 2026-02-08T14:32:53.022Z] info: GET /css/bootstrap.min.css
[SH 2026/02/08 22:32:53 UTC 2026-02-08T14:32:53.024Z] info: GET /css/aos.css
[SH 2026/02/08 22:32:53 UTC 2026-02-08T14:32:53.025Z] info: GET /js/bootstrap.bundle.min.js
[SH 2026/02/08 22:32:53 UTC 2026-02-08T14:32:53.025Z] info: GET /css/main_style.css
[SH 2026/02/08 22:32:53 UTC 2026-02-08T14:32:53.025Z] info: GET /js/aos.js
[SH 2026/02/08 22:32:53 UTC 2026-02-08T14:32:53.026Z] info: GET /config.js
[SH 2026/02/08 22:32:53 UTC 2026-02-08T14:32:53.027Z] info: GET /frame.js
[SH 2026/02/08 22:32:53 UTC 2026-02-08T14:32:53.072Z] info: GET /css/bootstrap.min.css.map
[SH 2026/02/08 22:32:53 UTC 2026-02-08T14:32:53.073Z] info: POST /api/pages/home
[SH 2026/02/08 22:32:53 UTC 2026-02-08T14:32:53.199Z] info: POST /api/template/menu.html
[SH 2026/02/08 22:32:53 UTC 2026-02-08T14:32:53.256Z] info: GET /img/menu-fold.png
[SH 2026/02/08 22:32:53 UTC 2026-02-08T14:32:53.375Z] info: GET /home
[SH 2026/02/08 22:32:53 UTC 2026-02-08T14:32:53.403Z] info: GET /.well-known/appspecific/com.chrome.devtools.json
[SH 2026/02/08 22:32:53 UTC 2026-02-08T14:32:53.411Z] info: GET /css/bootstrap.min.css
[SH 2026/02/08 22:32:53 UTC 2026-02-08T14:32:53.418Z] info: GET /css/aos.css
[SH 2026/02/08 22:32:53 UTC 2026-02-08T14:32:53.419Z] info: GET /css/main_style.css
[SH 2026/02/08 22:32:53 UTC 2026-02-08T14:32:53.420Z] info: GET /js/bootstrap.bundle.min.js
[SH 2026/02/08 22:32:53 UTC 2026-02-08T14:32:53.420Z] info: GET /js/aos.js
[SH 2026/02/08 22:32:53 UTC 2026-02-08T14:32:53.421Z] info: GET /config.js
[SH 2026/02/08 22:32:53 UTC 2026-02-08T14:32:53.421Z] info: GET /frame.js
[SH 2026/02/08 22:32:53 UTC 2026-02-08T14:32:53.457Z] info: GET /css/bootstrap.min.css.map
[SH 2026/02/08 22:32:53 UTC 2026-02-08T14:32:53.461Z] info: POST /api/pages/home
[SH 2026/02/08 22:32:53 UTC 2026-02-08T14:32:53.589Z] info: POST /api/template/menu.html
[SH 2026/02/08 22:32:53 UTC 2026-02-08T14:32:53.635Z] info: GET /img/menu-fold.png
[SH 2026/02/08 22:32:53 UTC 2026-02-08T14:32:53.782Z] info: GET /home
[SH 2026/02/08 22:32:53 UTC 2026-02-08T14:32:53.815Z] info: GET /.well-known/appspecific/com.chrome.devtools.json
[SH 2026/02/08 22:32:53 UTC 2026-02-08T14:32:53.827Z] info: GET /css/bootstrap.min.css
[SH 2026/02/08 22:32:53 UTC 2026-02-08T14:32:53.829Z] info: GET /css/aos.css
[SH 2026/02/08 22:32:53 UTC 2026-02-08T14:32:53.830Z] info: GET /css/main_style.css
[SH 2026/02/08 22:32:53 UTC 2026-02-08T14:32:53.830Z] info: GET /js/bootstrap.bundle.min.js
[SH 2026/02/08 22:32:53 UTC 2026-02-08T14:32:53.831Z] info: GET /js/aos.js
[SH 2026/02/08 22:32:53 UTC 2026-02-08T14:32:53.831Z] info: GET /config.js
[SH 2026/02/08 22:32:53 UTC 2026-02-08T14:32:53.832Z] info: GET /frame.js
[SH 2026/02/08 22:32:53 UTC 2026-02-08T14:32:53.874Z] info: GET /css/bootstrap.min.css.map
[SH 2026/02/08 22:32:53 UTC 2026-02-08T14:32:53.875Z] info: POST /api/pages/home
[SH 2026/02/08 22:32:54 UTC 2026-02-08T14:32:54.007Z] info: POST /api/template/menu.html
[SH 2026/02/08 22:32:54 UTC 2026-02-08T14:32:54.060Z] info: GET /img/menu-fold.png
[SH 2026/02/08 22:32:54 UTC 2026-02-08T14:32:54.191Z] info: GET /home
[SH 2026/02/08 22:32:54 UTC 2026-02-08T14:32:54.216Z] info: GET /.well-known/appspecific/com.chrome.devtools.json
[SH 2026/02/08 22:32:54 UTC 2026-02-08T14:32:54.228Z] info: GET /css/bootstrap.min.css
[SH 2026/02/08 22:32:54 UTC 2026-02-08T14:32:54.231Z] info: GET /css/aos.css
[SH 2026/02/08 22:32:54 UTC 2026-02-08T14:32:54.232Z] info: GET /css/main_style.css
[SH 2026/02/08 22:32:54 UTC 2026-02-08T14:32:54.232Z] info: GET /js/bootstrap.bundle.min.js
[SH 2026/02/08 22:32:54 UTC 2026-02-08T14:32:54.233Z] info: GET /js/aos.js
[SH 2026/02/08 22:32:54 UTC 2026-02-08T14:32:54.233Z] info: GET /config.js
[SH 2026/02/08 22:32:54 UTC 2026-02-08T14:32:54.234Z] info: GET /frame.js
[SH 2026/02/08 22:32:54 UTC 2026-02-08T14:32:54.268Z] info: POST /api/pages/home
[SH 2026/02/08 22:32:54 UTC 2026-02-08T14:32:54.269Z] info: GET /css/bootstrap.min.css.map
[SH 2026/02/08 22:32:54 UTC 2026-02-08T14:32:54.395Z] info: POST /api/template/menu.html
[SH 2026/02/08 22:32:54 UTC 2026-02-08T14:32:54.442Z] info: GET /img/menu-fold.png
[SH 2026/02/08 22:35:56 UTC 2026-02-08T14:35:56.699Z] info: POST /api/pages/p1
[SH 2026/02/08 22:35:56 UTC 2026-02-08T14:35:56.701Z] warn: Invalid JSON in file F:\code\single-page-frame\pages\p1\p1.json. JSON 格式错误
[SH 2026/02/08 22:35:59 UTC 2026-02-08T14:35:59.767Z] info: POST /api/pages/home
[SH 2026/02/08 22:35:59 UTC 2026-02-08T14:35:59.787Z] info: GET /img/menu-fold.png
[SH 2026/02/08 22:36:30 UTC 2026-02-08T14:36:30.682Z] info: GET /home
[SH 2026/02/08 22:36:30 UTC 2026-02-08T14:36:30.727Z] info: GET /.well-known/appspecific/com.chrome.devtools.json
[SH 2026/02/08 22:36:30 UTC 2026-02-08T14:36:30.751Z] info: GET /css/bootstrap.min.css
[SH 2026/02/08 22:36:30 UTC 2026-02-08T14:36:30.756Z] info: GET /css/aos.css
[SH 2026/02/08 22:36:30 UTC 2026-02-08T14:36:30.759Z] info: GET /css/main_style.css
[SH 2026/02/08 22:36:30 UTC 2026-02-08T14:36:30.760Z] info: GET /js/bootstrap.bundle.min.js
[SH 2026/02/08 22:36:30 UTC 2026-02-08T14:36:30.761Z] info: GET /js/aos.js
[SH 2026/02/08 22:36:30 UTC 2026-02-08T14:36:30.761Z] info: GET /config.js
[SH 2026/02/08 22:36:30 UTC 2026-02-08T14:36:30.762Z] info: GET /frame.js
[SH 2026/02/08 22:36:30 UTC 2026-02-08T14:36:30.819Z] info: GET /css/bootstrap.min.css.map
[SH 2026/02/08 22:36:30 UTC 2026-02-08T14:36:30.823Z] info: POST /api/pages/home
[SH 2026/02/08 22:36:30 UTC 2026-02-08T14:36:30.964Z] info: POST /api/template/menu.html
[SH 2026/02/08 22:36:31 UTC 2026-02-08T14:36:31.031Z] info: GET /img/menu-fold.png
[SH 2026/02/08 22:36:54 UTC 2026-02-08T14:36:54.445Z] info: GET /home
[SH 2026/02/08 22:36:54 UTC 2026-02-08T14:36:54.480Z] info: GET /css/bootstrap.min.css
[SH 2026/02/08 22:36:54 UTC 2026-02-08T14:36:54.482Z] info: GET /css/aos.css
[SH 2026/02/08 22:36:54 UTC 2026-02-08T14:36:54.483Z] info: GET /js/bootstrap.bundle.min.js
[SH 2026/02/08 22:36:54 UTC 2026-02-08T14:36:54.484Z] info: GET /css/main_style.css
[SH 2026/02/08 22:36:54 UTC 2026-02-08T14:36:54.485Z] info: GET /js/aos.js
[SH 2026/02/08 22:36:54 UTC 2026-02-08T14:36:54.485Z] info: GET /config.js
[SH 2026/02/08 22:36:54 UTC 2026-02-08T14:36:54.486Z] info: GET /frame.js
[SH 2026/02/08 22:36:54 UTC 2026-02-08T14:36:54.506Z] info: POST /api/pages/home
[SH 2026/02/08 22:36:54 UTC 2026-02-08T14:36:54.607Z] info: POST /api/template/menu.html
[SH 2026/02/08 22:36:54 UTC 2026-02-08T14:36:54.640Z] info: GET /img/menu-fold.png
[SH 2026/02/08 22:36:56 UTC 2026-02-08T14:36:56.854Z] info: GET /css/bootstrap.min.css
[SH 2026/02/08 22:36:56 UTC 2026-02-08T14:36:56.855Z] info: GET /css/aos.css
[SH 2026/02/08 22:36:56 UTC 2026-02-08T14:36:56.856Z] info: GET /css/main_style.css
[SH 2026/02/08 22:36:56 UTC 2026-02-08T14:36:56.867Z] info: GET /.well-known/appspecific/com.chrome.devtools.json
[SH 2026/02/08 22:36:57 UTC 2026-02-08T14:36:57.013Z] info: GET /css/bootstrap.min.css.map
[SH 2026/02/08 22:40:42 UTC 2026-02-08T14:40:42.594Z] info: GET /home
[SH 2026/02/08 22:40:42 UTC 2026-02-08T14:40:42.652Z] info: GET /css/bootstrap.min.css
[SH 2026/02/08 22:40:42 UTC 2026-02-08T14:40:42.656Z] info: GET /css/aos.css
[SH 2026/02/08 22:40:42 UTC 2026-02-08T14:40:42.657Z] info: GET /js/bootstrap.bundle.min.js
[SH 2026/02/08 22:40:42 UTC 2026-02-08T14:40:42.658Z] info: GET /js/aos.js
[SH 2026/02/08 22:40:42 UTC 2026-02-08T14:40:42.659Z] info: GET /config.js
[SH 2026/02/08 22:40:42 UTC 2026-02-08T14:40:42.660Z] info: GET /css/main_style.css
[SH 2026/02/08 22:40:42 UTC 2026-02-08T14:40:42.662Z] info: GET /frame.js
[SH 2026/02/08 22:40:42 UTC 2026-02-08T14:40:42.708Z] info: POST /api/pages/home
[SH 2026/02/08 22:40:42 UTC 2026-02-08T14:40:42.833Z] info: POST /api/template/navbar.html
[SH 2026/02/08 22:40:42 UTC 2026-02-08T14:40:42.833Z] warn: File F:\code\single-page-frame\templates\navbar.html not found. 没有找到F:\code\single-page-frame\templates\navbar.html
[SH 2026/02/08 22:40:42 UTC 2026-02-08T14:40:42.834Z] info: POST /api/template/menu.html
[SH 2026/02/08 22:40:42 UTC 2026-02-08T14:40:42.878Z] info: GET /img/menu-fold.png
[SH 2026/02/08 22:40:44 UTC 2026-02-08T14:40:44.327Z] info: GET /css/bootstrap.min.css
[SH 2026/02/08 22:40:44 UTC 2026-02-08T14:40:44.328Z] info: GET /css/aos.css
[SH 2026/02/08 22:40:44 UTC 2026-02-08T14:40:44.328Z] info: GET /css/main_style.css
[SH 2026/02/08 22:40:44 UTC 2026-02-08T14:40:44.338Z] info: GET /.well-known/appspecific/com.chrome.devtools.json
[SH 2026/02/08 22:40:44 UTC 2026-02-08T14:40:44.530Z] info: GET /css/bootstrap.min.css.map
[SH 2026/02/08 22:41:23 UTC 2026-02-08T14:41:23.754Z] info: GET /home
[SH 2026/02/08 22:41:23 UTC 2026-02-08T14:41:23.792Z] info: GET /.well-known/appspecific/com.chrome.devtools.json
[SH 2026/02/08 22:41:23 UTC 2026-02-08T14:41:23.812Z] info: GET /css/bootstrap.min.css
[SH 2026/02/08 22:41:23 UTC 2026-02-08T14:41:23.821Z] info: GET /css/aos.css
[SH 2026/02/08 22:41:23 UTC 2026-02-08T14:41:23.824Z] info: GET /css/main_style.css
[SH 2026/02/08 22:41:23 UTC 2026-02-08T14:41:23.824Z] info: GET /js/bootstrap.bundle.min.js
[SH 2026/02/08 22:41:23 UTC 2026-02-08T14:41:23.825Z] info: GET /js/aos.js
[SH 2026/02/08 22:41:23 UTC 2026-02-08T14:41:23.825Z] info: GET /config.js
[SH 2026/02/08 22:41:23 UTC 2026-02-08T14:41:23.827Z] info: GET /frame.js
[SH 2026/02/08 22:41:23 UTC 2026-02-08T14:41:23.858Z] info: GET /css/bootstrap.min.css.map
[SH 2026/02/08 22:41:23 UTC 2026-02-08T14:41:23.898Z] info: POST /api/pages/home
[SH 2026/02/08 22:41:24 UTC 2026-02-08T14:41:24.086Z] info: POST /api/template/nav.html
[SH 2026/02/08 22:41:24 UTC 2026-02-08T14:41:24.087Z] info: POST /api/template/menu.html
[SH 2026/02/08 22:41:24 UTC 2026-02-08T14:41:24.155Z] info: GET /img/menu-fold.png
[SH 2026/02/08 22:41:26 UTC 2026-02-08T14:41:26.765Z] info: POST /api/pages/home
[SH 2026/02/08 22:41:26 UTC 2026-02-08T14:41:26.773Z] info: GET /img/menu-fold.png
[SH 2026/02/08 22:41:27 UTC 2026-02-08T14:41:27.489Z] info: POST /api/pages/test
[SH 2026/02/08 22:41:27 UTC 2026-02-08T14:41:27.499Z] info: GET /js/test.js
[SH 2026/02/08 22:41:27 UTC 2026-02-08T14:41:27.513Z] info: GET /css/test.css
[SH 2026/02/08 22:41:28 UTC 2026-02-08T14:41:28.588Z] info: POST /api/pages/home
[SH 2026/02/08 22:41:28 UTC 2026-02-08T14:41:28.603Z] info: GET /img/menu-fold.png
[SH 2026/02/08 22:42:30 UTC 2026-02-08T14:42:30.363Z] info: GET /home
[SH 2026/02/08 22:42:30 UTC 2026-02-08T14:42:30.405Z] info: GET /.well-known/appspecific/com.chrome.devtools.json
[SH 2026/02/08 22:42:30 UTC 2026-02-08T14:42:30.430Z] info: GET /css/bootstrap.min.css
[SH 2026/02/08 22:42:30 UTC 2026-02-08T14:42:30.435Z] info: GET /css/aos.css
[SH 2026/02/08 22:42:30 UTC 2026-02-08T14:42:30.436Z] info: GET /css/main_style.css
[SH 2026/02/08 22:42:30 UTC 2026-02-08T14:42:30.437Z] info: GET /js/bootstrap.bundle.min.js
[SH 2026/02/08 22:42:30 UTC 2026-02-08T14:42:30.437Z] info: GET /js/aos.js
[SH 2026/02/08 22:42:30 UTC 2026-02-08T14:42:30.438Z] info: GET /config.js
[SH 2026/02/08 22:42:30 UTC 2026-02-08T14:42:30.454Z] info: GET /frame.js
[SH 2026/02/08 22:42:30 UTC 2026-02-08T14:42:30.496Z] info: POST /api/pages/home
[SH 2026/02/08 22:42:30 UTC 2026-02-08T14:42:30.508Z] info: GET /css/bootstrap.min.css.map
[SH 2026/02/08 22:42:30 UTC 2026-02-08T14:42:30.651Z] info: POST /api/template/nav.html
[SH 2026/02/08 22:42:30 UTC 2026-02-08T14:42:30.653Z] info: POST /api/template/menu.html
[SH 2026/02/08 22:42:30 UTC 2026-02-08T14:42:30.761Z] info: GET /img/menu-fold.png
[SH 2026/02/08 22:42:57 UTC 2026-02-08T14:42:57.785Z] info: GET /home
[SH 2026/02/08 22:42:57 UTC 2026-02-08T14:42:57.823Z] info: GET /.well-known/appspecific/com.chrome.devtools.json
[SH 2026/02/08 22:42:57 UTC 2026-02-08T14:42:57.834Z] info: GET /css/bootstrap.min.css
[SH 2026/02/08 22:42:57 UTC 2026-02-08T14:42:57.835Z] info: GET /css/aos.css
[SH 2026/02/08 22:42:57 UTC 2026-02-08T14:42:57.838Z] info: GET /css/main_style.css
[SH 2026/02/08 22:42:57 UTC 2026-02-08T14:42:57.839Z] info: GET /js/bootstrap.bundle.min.js
[SH 2026/02/08 22:42:57 UTC 2026-02-08T14:42:57.839Z] info: GET /js/aos.js
[SH 2026/02/08 22:42:57 UTC 2026-02-08T14:42:57.839Z] info: GET /config.js
[SH 2026/02/08 22:42:57 UTC 2026-02-08T14:42:57.840Z] info: GET /frame.js
[SH 2026/02/08 22:42:57 UTC 2026-02-08T14:42:57.873Z] info: GET /css/bootstrap.min.css.map
[SH 2026/02/08 22:42:57 UTC 2026-02-08T14:42:57.901Z] info: POST /api/pages/home
[SH 2026/02/08 22:42:58 UTC 2026-02-08T14:42:58.030Z] info: POST /api/template/nav.html
[SH 2026/02/08 22:42:58 UTC 2026-02-08T14:42:58.032Z] info: POST /api/template/menu.html
[SH 2026/02/08 22:42:58 UTC 2026-02-08T14:42:58.135Z] info: GET /img/menu-fold.png
[SH 2026/02/08 22:43:27 UTC 2026-02-08T14:43:27.081Z] info: GET /home
[SH 2026/02/08 22:43:27 UTC 2026-02-08T14:43:27.110Z] info: GET /.well-known/appspecific/com.chrome.devtools.json
[SH 2026/02/08 22:43:27 UTC 2026-02-08T14:43:27.116Z] info: GET /css/bootstrap.min.css
[SH 2026/02/08 22:43:27 UTC 2026-02-08T14:43:27.118Z] info: GET /css/aos.css
[SH 2026/02/08 22:43:27 UTC 2026-02-08T14:43:27.121Z] info: GET /css/main_style.css
[SH 2026/02/08 22:43:27 UTC 2026-02-08T14:43:27.121Z] info: GET /js/bootstrap.bundle.min.js
[SH 2026/02/08 22:43:27 UTC 2026-02-08T14:43:27.122Z] info: GET /js/aos.js
[SH 2026/02/08 22:43:27 UTC 2026-02-08T14:43:27.123Z] info: GET /config.js
[SH 2026/02/08 22:43:27 UTC 2026-02-08T14:43:27.126Z] info: GET /frame.js
[SH 2026/02/08 22:43:27 UTC 2026-02-08T14:43:27.167Z] info: GET /css/bootstrap.min.css.map
[SH 2026/02/08 22:43:27 UTC 2026-02-08T14:43:27.178Z] info: POST /api/pages/home
[SH 2026/02/08 22:43:27 UTC 2026-02-08T14:43:27.314Z] info: POST /api/template/nav.html
[SH 2026/02/08 22:43:27 UTC 2026-02-08T14:43:27.316Z] info: POST /api/template/menu.html
[SH 2026/02/08 22:43:27 UTC 2026-02-08T14:43:27.425Z] info: GET /img/menu.png
[SH 2026/02/08 22:43:27 UTC 2026-02-08T14:43:27.427Z] info: GET /img/menu-fold.png
[SH 2026/02/08 22:44:05 UTC 2026-02-08T14:44:05.286Z] info: POST /api/pages/test
[SH 2026/02/08 22:44:05 UTC 2026-02-08T14:44:05.296Z] info: GET /js/test.js
[SH 2026/02/08 22:44:05 UTC 2026-02-08T14:44:05.301Z] info: GET /css/test.css
[SH 2026/02/08 22:44:06 UTC 2026-02-08T14:44:06.451Z] info: POST /api/pages/home
[SH 2026/02/08 22:44:07 UTC 2026-02-08T14:44:07.886Z] info: POST /api/pages/test
[SH 2026/02/08 22:44:07 UTC 2026-02-08T14:44:07.900Z] info: GET /css/test.css
[SH 2026/02/08 22:44:09 UTC 2026-02-08T14:44:09.682Z] info: POST /api/pages/home
[SH 2026/02/08 22:44:12 UTC 2026-02-08T14:44:12.292Z] info: POST /api/pages/test
[SH 2026/02/08 22:44:12 UTC 2026-02-08T14:44:12.309Z] info: GET /css/test.css
[SH 2026/02/08 22:44:13 UTC 2026-02-08T14:44:13.197Z] info: GET /test
[SH 2026/02/08 22:44:13 UTC 2026-02-08T14:44:13.230Z] info: GET /.well-known/appspecific/com.chrome.devtools.json
[SH 2026/02/08 22:44:13 UTC 2026-02-08T14:44:13.239Z] info: GET /css/bootstrap.min.css
[SH 2026/02/08 22:44:13 UTC 2026-02-08T14:44:13.242Z] info: GET /css/aos.css
[SH 2026/02/08 22:44:13 UTC 2026-02-08T14:44:13.244Z] info: GET /css/main_style.css
[SH 2026/02/08 22:44:13 UTC 2026-02-08T14:44:13.245Z] info: GET /js/bootstrap.bundle.min.js
[SH 2026/02/08 22:44:13 UTC 2026-02-08T14:44:13.245Z] info: GET /js/aos.js
[SH 2026/02/08 22:44:13 UTC 2026-02-08T14:44:13.246Z] info: GET /config.js
[SH 2026/02/08 22:44:13 UTC 2026-02-08T14:44:13.257Z] info: GET /frame.js
[SH 2026/02/08 22:44:13 UTC 2026-02-08T14:44:13.311Z] info: GET /css/bootstrap.min.css.map
[SH 2026/02/08 22:44:13 UTC 2026-02-08T14:44:13.331Z] info: POST /api/pages/test
[SH 2026/02/08 22:44:13 UTC 2026-02-08T14:44:13.469Z] info: GET /js/test.js
[SH 2026/02/08 22:44:13 UTC 2026-02-08T14:44:13.516Z] info: GET /css/test.css
[SH 2026/02/08 22:44:13 UTC 2026-02-08T14:44:13.521Z] info: POST /api/template/nav.html
[SH 2026/02/08 22:44:13 UTC 2026-02-08T14:44:13.522Z] info: POST /api/template/menu.html
[SH 2026/02/08 22:44:16 UTC 2026-02-08T14:44:16.794Z] info: GET /test
[SH 2026/02/08 22:44:16 UTC 2026-02-08T14:44:16.829Z] info: GET /.well-known/appspecific/com.chrome.devtools.json
[SH 2026/02/08 22:44:16 UTC 2026-02-08T14:44:16.841Z] info: GET /css/bootstrap.min.css
[SH 2026/02/08 22:44:16 UTC 2026-02-08T14:44:16.843Z] info: GET /css/aos.css
[SH 2026/02/08 22:44:16 UTC 2026-02-08T14:44:16.844Z] info: GET /js/bootstrap.bundle.min.js
[SH 2026/02/08 22:44:16 UTC 2026-02-08T14:44:16.844Z] info: GET /css/main_style.css
[SH 2026/02/08 22:44:16 UTC 2026-02-08T14:44:16.844Z] info: GET /js/aos.js
[SH 2026/02/08 22:44:16 UTC 2026-02-08T14:44:16.845Z] info: GET /config.js
[SH 2026/02/08 22:44:16 UTC 2026-02-08T14:44:16.845Z] info: GET /frame.js
[SH 2026/02/08 22:44:16 UTC 2026-02-08T14:44:16.892Z] info: GET /css/bootstrap.min.css.map
[SH 2026/02/08 22:44:16 UTC 2026-02-08T14:44:16.899Z] info: POST /api/pages/test
[SH 2026/02/08 22:44:17 UTC 2026-02-08T14:44:17.018Z] info: GET /js/test.js
[SH 2026/02/08 22:44:17 UTC 2026-02-08T14:44:17.085Z] info: GET /css/test.css
[SH 2026/02/08 22:44:17 UTC 2026-02-08T14:44:17.092Z] info: POST /api/template/nav.html
[SH 2026/02/08 22:44:17 UTC 2026-02-08T14:44:17.096Z] info: POST /api/template/menu.html
[SH 2026/02/08 22:44:19 UTC 2026-02-08T14:44:19.608Z] info: POST /api/pages/home
[SH 2026/02/08 22:44:19 UTC 2026-02-08T14:44:19.622Z] info: GET /img/menu.png
[SH 2026/02/08 22:44:19 UTC 2026-02-08T14:44:19.623Z] info: GET /img/menu-fold.png
[SH 2026/02/08 22:46:46 UTC 2026-02-08T14:46:46.821Z] info: GET /home
[SH 2026/02/08 22:46:46 UTC 2026-02-08T14:46:46.859Z] info: GET /.well-known/appspecific/com.chrome.devtools.json
[SH 2026/02/08 22:46:46 UTC 2026-02-08T14:46:46.872Z] info: GET /css/bootstrap.min.css
[SH 2026/02/08 22:46:46 UTC 2026-02-08T14:46:46.875Z] info: GET /css/aos.css
[SH 2026/02/08 22:46:46 UTC 2026-02-08T14:46:46.876Z] info: GET /css/main_style.css
[SH 2026/02/08 22:46:46 UTC 2026-02-08T14:46:46.877Z] info: GET /js/bootstrap.bundle.min.js
[SH 2026/02/08 22:46:46 UTC 2026-02-08T14:46:46.878Z] info: GET /js/aos.js
[SH 2026/02/08 22:46:46 UTC 2026-02-08T14:46:46.879Z] info: GET /config.js
[SH 2026/02/08 22:46:46 UTC 2026-02-08T14:46:46.886Z] info: GET /frame.js
[SH 2026/02/08 22:46:46 UTC 2026-02-08T14:46:46.950Z] info: GET /css/bootstrap.min.css.map
[SH 2026/02/08 22:46:46 UTC 2026-02-08T14:46:46.961Z] info: POST /api/pages/home
[SH 2026/02/08 22:46:47 UTC 2026-02-08T14:46:47.085Z] info: POST /api/template/nav.html
[SH 2026/02/08 22:46:47 UTC 2026-02-08T14:46:47.087Z] info: POST /api/template/menu.html
[SH 2026/02/08 22:46:47 UTC 2026-02-08T14:46:47.177Z] info: GET /img/menu.png
[SH 2026/02/08 22:46:47 UTC 2026-02-08T14:46:47.178Z] info: GET /img/menu-fold.png
[SH 2026/02/08 22:46:48 UTC 2026-02-08T14:46:48.333Z] info: POST /api/pages/test
[SH 2026/02/08 22:46:48 UTC 2026-02-08T14:46:48.346Z] info: GET /js/test.js
[SH 2026/02/08 22:46:48 UTC 2026-02-08T14:46:48.370Z] info: GET /css/test.css
[SH 2026/02/08 22:46:49 UTC 2026-02-08T14:46:49.625Z] info: POST /api/pages/home
[SH 2026/02/08 22:46:50 UTC 2026-02-08T14:46:50.876Z] info: POST /api/pages/test
[SH 2026/02/08 22:46:50 UTC 2026-02-08T14:46:50.893Z] info: GET /css/test.css
[SH 2026/02/08 22:46:51 UTC 2026-02-08T14:46:51.710Z] info: GET /test
[SH 2026/02/08 22:46:51 UTC 2026-02-08T14:46:51.743Z] info: GET /.well-known/appspecific/com.chrome.devtools.json
[SH 2026/02/08 22:46:51 UTC 2026-02-08T14:46:51.755Z] info: GET /css/bootstrap.min.css
[SH 2026/02/08 22:46:51 UTC 2026-02-08T14:46:51.759Z] info: GET /css/aos.css
[SH 2026/02/08 22:46:51 UTC 2026-02-08T14:46:51.760Z] info: GET /css/main_style.css
[SH 2026/02/08 22:46:51 UTC 2026-02-08T14:46:51.760Z] info: GET /js/bootstrap.bundle.min.js
[SH 2026/02/08 22:46:51 UTC 2026-02-08T14:46:51.761Z] info: GET /js/aos.js
[SH 2026/02/08 22:46:51 UTC 2026-02-08T14:46:51.761Z] info: GET /config.js
[SH 2026/02/08 22:46:51 UTC 2026-02-08T14:46:51.762Z] info: GET /frame.js
[SH 2026/02/08 22:46:51 UTC 2026-02-08T14:46:51.906Z] info: POST /api/pages/test
[SH 2026/02/08 22:46:51 UTC 2026-02-08T14:46:51.951Z] info: GET /css/bootstrap.min.css.map
[SH 2026/02/08 22:46:52 UTC 2026-02-08T14:46:52.033Z] info: GET /js/test.js
[SH 2026/02/08 22:46:52 UTC 2026-02-08T14:46:52.072Z] info: GET /css/test.css
[SH 2026/02/08 22:47:53 UTC 2026-02-08T14:47:53.330Z] info: GET /test
[SH 2026/02/08 22:47:53 UTC 2026-02-08T14:47:53.385Z] info: GET /.well-known/appspecific/com.chrome.devtools.json
[SH 2026/02/08 22:47:53 UTC 2026-02-08T14:47:53.400Z] info: GET /css/bootstrap.min.css
[SH 2026/02/08 22:47:53 UTC 2026-02-08T14:47:53.414Z] info: GET /css/aos.css
[SH 2026/02/08 22:47:53 UTC 2026-02-08T14:47:53.416Z] info: GET /css/main_style.css
[SH 2026/02/08 22:47:53 UTC 2026-02-08T14:47:53.416Z] info: GET /js/bootstrap.bundle.min.js
[SH 2026/02/08 22:47:53 UTC 2026-02-08T14:47:53.417Z] info: GET /js/aos.js
[SH 2026/02/08 22:47:53 UTC 2026-02-08T14:47:53.418Z] info: GET /config.js
[SH 2026/02/08 22:47:53 UTC 2026-02-08T14:47:53.419Z] info: GET /frame.js
[SH 2026/02/08 22:47:53 UTC 2026-02-08T14:47:53.601Z] info: POST /api/pages/test
[SH 2026/02/08 22:47:53 UTC 2026-02-08T14:47:53.625Z] info: GET /css/bootstrap.min.css.map
[SH 2026/02/08 22:47:53 UTC 2026-02-08T14:47:53.771Z] info: GET /js/test.js
[SH 2026/02/08 22:47:53 UTC 2026-02-08T14:47:53.821Z] info: GET /css/test.css
[SH 2026/02/08 22:47:54 UTC 2026-02-08T14:47:54.511Z] info: GET /test
[SH 2026/02/08 22:47:54 UTC 2026-02-08T14:47:54.541Z] info: GET /.well-known/appspecific/com.chrome.devtools.json
[SH 2026/02/08 22:47:54 UTC 2026-02-08T14:47:54.566Z] info: GET /css/bootstrap.min.css
[SH 2026/02/08 22:47:54 UTC 2026-02-08T14:47:54.567Z] info: GET /css/aos.css
[SH 2026/02/08 22:47:54 UTC 2026-02-08T14:47:54.568Z] info: GET /css/main_style.css
[SH 2026/02/08 22:47:54 UTC 2026-02-08T14:47:54.569Z] info: GET /js/bootstrap.bundle.min.js
[SH 2026/02/08 22:47:54 UTC 2026-02-08T14:47:54.570Z] info: GET /js/aos.js
[SH 2026/02/08 22:47:54 UTC 2026-02-08T14:47:54.571Z] info: GET /config.js
[SH 2026/02/08 22:47:54 UTC 2026-02-08T14:47:54.582Z] info: GET /frame.js
[SH 2026/02/08 22:47:54 UTC 2026-02-08T14:47:54.636Z] info: POST /api/pages/test
[SH 2026/02/08 22:47:54 UTC 2026-02-08T14:47:54.638Z] info: GET /css/bootstrap.min.css.map
[SH 2026/02/08 22:47:54 UTC 2026-02-08T14:47:54.775Z] info: GET /js/test.js
[SH 2026/02/08 22:47:54 UTC 2026-02-08T14:47:54.853Z] info: GET /css/test.css
[SH 2026/02/08 22:49:00 UTC 2026-02-08T14:49:00.182Z] info: GET /test
[SH 2026/02/08 22:49:00 UTC 2026-02-08T14:49:00.236Z] info: GET /.well-known/appspecific/com.chrome.devtools.json
[SH 2026/02/08 22:49:00 UTC 2026-02-08T14:49:00.253Z] info: GET /css/bootstrap.min.css
[SH 2026/02/08 22:49:00 UTC 2026-02-08T14:49:00.264Z] info: GET /css/aos.css
[SH 2026/02/08 22:49:00 UTC 2026-02-08T14:49:00.266Z] info: GET /css/main_style.css
[SH 2026/02/08 22:49:00 UTC 2026-02-08T14:49:00.267Z] info: GET /js/bootstrap.bundle.min.js
[SH 2026/02/08 22:49:00 UTC 2026-02-08T14:49:00.267Z] info: GET /js/aos.js
[SH 2026/02/08 22:49:00 UTC 2026-02-08T14:49:00.268Z] info: GET /config.js
[SH 2026/02/08 22:49:00 UTC 2026-02-08T14:49:00.275Z] info: GET /frame.js
[SH 2026/02/08 22:49:00 UTC 2026-02-08T14:49:00.338Z] info: POST /api/pages/test
[SH 2026/02/08 22:49:00 UTC 2026-02-08T14:49:00.341Z] info: GET /css/bootstrap.min.css.map
[SH 2026/02/08 22:49:00 UTC 2026-02-08T14:49:00.479Z] info: GET /js/test.js
[SH 2026/02/08 22:49:00 UTC 2026-02-08T14:49:00.555Z] info: GET /css/test.css
[SH 2026/02/08 22:49:02 UTC 2026-02-08T14:49:02.138Z] info: GET /test
[SH 2026/02/08 22:49:02 UTC 2026-02-08T14:49:02.176Z] info: GET /.well-known/appspecific/com.chrome.devtools.json
[SH 2026/02/08 22:49:02 UTC 2026-02-08T14:49:02.187Z] info: GET /css/bootstrap.min.css
[SH 2026/02/08 22:49:02 UTC 2026-02-08T14:49:02.191Z] info: GET /css/aos.css
[SH 2026/02/08 22:49:02 UTC 2026-02-08T14:49:02.191Z] info: GET /css/main_style.css
[SH 2026/02/08 22:49:02 UTC 2026-02-08T14:49:02.192Z] info: GET /js/bootstrap.bundle.min.js
[SH 2026/02/08 22:49:02 UTC 2026-02-08T14:49:02.192Z] info: GET /js/aos.js
[SH 2026/02/08 22:49:02 UTC 2026-02-08T14:49:02.193Z] info: GET /config.js
[SH 2026/02/08 22:49:02 UTC 2026-02-08T14:49:02.196Z] info: GET /frame.js
[SH 2026/02/08 22:49:02 UTC 2026-02-08T14:49:02.228Z] info: GET /css/bootstrap.min.css.map
[SH 2026/02/08 22:49:02 UTC 2026-02-08T14:49:02.255Z] info: POST /api/pages/test
[SH 2026/02/08 22:49:02 UTC 2026-02-08T14:49:02.385Z] info: GET /js/test.js
[SH 2026/02/08 22:49:02 UTC 2026-02-08T14:49:02.451Z] info: GET /css/test.css
[SH 2026/02/08 22:49:51 UTC 2026-02-08T14:49:51.365Z] info: GET /test
[SH 2026/02/08 22:49:51 UTC 2026-02-08T14:49:51.407Z] info: GET /.well-known/appspecific/com.chrome.devtools.json
[SH 2026/02/08 22:49:51 UTC 2026-02-08T14:49:51.419Z] info: GET /css/bootstrap.min.css
[SH 2026/02/08 22:49:51 UTC 2026-02-08T14:49:51.427Z] info: GET /css/aos.css
[SH 2026/02/08 22:49:51 UTC 2026-02-08T14:49:51.429Z] info: GET /css/main_style.css
[SH 2026/02/08 22:49:51 UTC 2026-02-08T14:49:51.430Z] info: GET /js/bootstrap.bundle.min.js
[SH 2026/02/08 22:49:51 UTC 2026-02-08T14:49:51.430Z] info: GET /js/aos.js
[SH 2026/02/08 22:49:51 UTC 2026-02-08T14:49:51.431Z] info: GET /config.js
[SH 2026/02/08 22:49:51 UTC 2026-02-08T14:49:51.437Z] info: GET /frame.js
[SH 2026/02/08 22:49:51 UTC 2026-02-08T14:49:51.485Z] info: GET /css/bootstrap.min.css.map
[SH 2026/02/08 22:49:51 UTC 2026-02-08T14:49:51.508Z] info: POST /api/pages/test
[SH 2026/02/08 22:49:51 UTC 2026-02-08T14:49:51.739Z] info: GET /js/test.js
[SH 2026/02/08 22:49:51 UTC 2026-02-08T14:49:51.788Z] info: GET /css/test.css
[SH 2026/02/08 22:49:52 UTC 2026-02-08T14:49:52.659Z] info: GET /test
[SH 2026/02/08 22:49:52 UTC 2026-02-08T14:49:52.696Z] info: GET /.well-known/appspecific/com.chrome.devtools.json
[SH 2026/02/08 22:49:52 UTC 2026-02-08T14:49:52.711Z] info: GET /css/bootstrap.min.css
[SH 2026/02/08 22:49:52 UTC 2026-02-08T14:49:52.714Z] info: GET /css/aos.css
[SH 2026/02/08 22:49:52 UTC 2026-02-08T14:49:52.715Z] info: GET /css/main_style.css
[SH 2026/02/08 22:49:52 UTC 2026-02-08T14:49:52.716Z] info: GET /js/bootstrap.bundle.min.js
[SH 2026/02/08 22:49:52 UTC 2026-02-08T14:49:52.716Z] info: GET /js/aos.js
[SH 2026/02/08 22:49:52 UTC 2026-02-08T14:49:52.717Z] info: GET /config.js
[SH 2026/02/08 22:49:52 UTC 2026-02-08T14:49:52.718Z] info: GET /frame.js
[SH 2026/02/08 22:49:52 UTC 2026-02-08T14:49:52.743Z] info: GET /css/bootstrap.min.css.map
[SH 2026/02/08 22:49:52 UTC 2026-02-08T14:49:52.763Z] info: POST /api/pages/test
[SH 2026/02/08 22:49:52 UTC 2026-02-08T14:49:52.879Z] info: GET /js/test.js
[SH 2026/02/08 22:49:52 UTC 2026-02-08T14:49:52.948Z] info: GET /css/test.css
[SH 2026/02/08 22:49:56 UTC 2026-02-08T14:49:56.868Z] info: POST /api/pages/home
[SH 2026/02/08 22:49:56 UTC 2026-02-08T14:49:56.877Z] info: POST /api/template/nav.html
[SH 2026/02/08 22:49:56 UTC 2026-02-08T14:49:56.878Z] info: POST /api/template/menu.html
[SH 2026/02/08 22:49:56 UTC 2026-02-08T14:49:56.900Z] info: GET /img/menu.png
[SH 2026/02/08 22:49:56 UTC 2026-02-08T14:49:56.900Z] info: GET /img/menu-fold.png
[SH 2026/02/08 22:49:57 UTC 2026-02-08T14:49:57.770Z] info: POST /api/pages/test
[SH 2026/02/08 22:49:57 UTC 2026-02-08T14:49:57.782Z] info: GET /css/test.css
[SH 2026/02/08 22:50:00 UTC 2026-02-08T14:50:00.263Z] info: GET /test
[SH 2026/02/08 22:50:00 UTC 2026-02-08T14:50:00.298Z] info: GET /.well-known/appspecific/com.chrome.devtools.json
[SH 2026/02/08 22:50:00 UTC 2026-02-08T14:50:00.307Z] info: GET /css/bootstrap.min.css
[SH 2026/02/08 22:50:00 UTC 2026-02-08T14:50:00.313Z] info: GET /css/aos.css
[SH 2026/02/08 22:50:00 UTC 2026-02-08T14:50:00.315Z] info: GET /css/main_style.css
[SH 2026/02/08 22:50:00 UTC 2026-02-08T14:50:00.316Z] info: GET /js/bootstrap.bundle.min.js
[SH 2026/02/08 22:50:00 UTC 2026-02-08T14:50:00.317Z] info: GET /js/aos.js
[SH 2026/02/08 22:50:00 UTC 2026-02-08T14:50:00.318Z] info: GET /config.js
[SH 2026/02/08 22:50:00 UTC 2026-02-08T14:50:00.319Z] info: GET /frame.js
[SH 2026/02/08 22:50:00 UTC 2026-02-08T14:50:00.364Z] info: POST /api/pages/test
[SH 2026/02/08 22:50:00 UTC 2026-02-08T14:50:00.368Z] info: GET /css/bootstrap.min.css.map
[SH 2026/02/08 22:50:00 UTC 2026-02-08T14:50:00.499Z] info: GET /js/test.js
[SH 2026/02/08 22:50:00 UTC 2026-02-08T14:50:00.565Z] info: GET /css/test.css
[SH 2026/02/08 22:50:23 UTC 2026-02-08T14:50:23.147Z] info: GET /test
[SH 2026/02/08 22:50:23 UTC 2026-02-08T14:50:23.181Z] info: GET /.well-known/appspecific/com.chrome.devtools.json
[SH 2026/02/08 22:50:23 UTC 2026-02-08T14:50:23.190Z] info: GET /css/bootstrap.min.css
[SH 2026/02/08 22:50:23 UTC 2026-02-08T14:50:23.194Z] info: GET /css/aos.css
[SH 2026/02/08 22:50:23 UTC 2026-02-08T14:50:23.195Z] info: GET /css/main_style.css
[SH 2026/02/08 22:50:23 UTC 2026-02-08T14:50:23.196Z] info: GET /js/bootstrap.bundle.min.js
[SH 2026/02/08 22:50:23 UTC 2026-02-08T14:50:23.197Z] info: GET /js/aos.js
[SH 2026/02/08 22:50:23 UTC 2026-02-08T14:50:23.198Z] info: GET /frame.js
[SH 2026/02/08 22:50:23 UTC 2026-02-08T14:50:23.199Z] info: GET /config.js
[SH 2026/02/08 22:50:23 UTC 2026-02-08T14:50:23.216Z] info: GET /css/bootstrap.min.css.map
[SH 2026/02/08 22:50:23 UTC 2026-02-08T14:50:23.263Z] info: POST /api/pages/test
[SH 2026/02/08 22:50:23 UTC 2026-02-08T14:50:23.386Z] info: GET /js/test.js
[SH 2026/02/08 22:50:23 UTC 2026-02-08T14:50:23.433Z] info: GET /css/test.css
[SH 2026/02/08 22:50:29 UTC 2026-02-08T14:50:29.399Z] info: POST /api/pages/home
[SH 2026/02/08 22:50:29 UTC 2026-02-08T14:50:29.409Z] info: POST /api/template/nav.html
[SH 2026/02/08 22:50:29 UTC 2026-02-08T14:50:29.411Z] info: POST /api/template/menu.html
[SH 2026/02/08 22:50:29 UTC 2026-02-08T14:50:29.424Z] info: GET /img/menu.png
[SH 2026/02/08 22:50:29 UTC 2026-02-08T14:50:29.429Z] info: GET /img/menu-fold.png
[SH 2026/02/08 22:50:30 UTC 2026-02-08T14:50:30.670Z] info: POST /api/pages/test
[SH 2026/02/08 22:50:30 UTC 2026-02-08T14:50:30.681Z] info: GET /css/test.css
[SH 2026/02/08 22:50:32 UTC 2026-02-08T14:50:32.716Z] info: POST /api/pages/test/card1
[SH 2026/02/08 22:50:33 UTC 2026-02-08T14:50:33.707Z] info: POST /api/pages/test/card2
[SH 2026/02/08 22:50:34 UTC 2026-02-08T14:50:34.767Z] info: GET /test/card2
[SH 2026/02/08 22:50:34 UTC 2026-02-08T14:50:34.794Z] info: GET /.well-known/appspecific/com.chrome.devtools.json
[SH 2026/02/08 22:50:34 UTC 2026-02-08T14:50:34.813Z] info: GET /css/bootstrap.min.css
[SH 2026/02/08 22:50:34 UTC 2026-02-08T14:50:34.815Z] info: GET /css/aos.css
[SH 2026/02/08 22:50:34 UTC 2026-02-08T14:50:34.816Z] info: GET /css/main_style.css
[SH 2026/02/08 22:50:34 UTC 2026-02-08T14:50:34.817Z] info: GET /js/bootstrap.bundle.min.js
[SH 2026/02/08 22:50:34 UTC 2026-02-08T14:50:34.817Z] info: GET /js/aos.js
[SH 2026/02/08 22:50:34 UTC 2026-02-08T14:50:34.818Z] info: GET /config.js
[SH 2026/02/08 22:50:34 UTC 2026-02-08T14:50:34.821Z] info: GET /frame.js
[SH 2026/02/08 22:50:34 UTC 2026-02-08T14:50:34.841Z] info: GET /css/bootstrap.min.css.map
[SH 2026/02/08 22:50:34 UTC 2026-02-08T14:50:34.879Z] info: POST /api/pages/test/card2
[SH 2026/02/08 22:50:35 UTC 2026-02-08T14:50:35.052Z] info: POST /api/pages/test
[SH 2026/02/08 22:50:35 UTC 2026-02-08T14:50:35.091Z] info: GET /js/test.js
[SH 2026/02/08 22:50:35 UTC 2026-02-08T14:50:35.101Z] info: GET /css/test.css
[SH 2026/02/08 22:50:35 UTC 2026-02-08T14:50:35.147Z] info: POST /api/pages/test/card2
[SH 2026/02/08 22:50:37 UTC 2026-02-08T14:50:37.656Z] info: GET /test/card2
[SH 2026/02/08 22:50:37 UTC 2026-02-08T14:50:37.687Z] info: GET /.well-known/appspecific/com.chrome.devtools.json
[SH 2026/02/08 22:50:37 UTC 2026-02-08T14:50:37.699Z] info: GET /css/bootstrap.min.css
[SH 2026/02/08 22:50:37 UTC 2026-02-08T14:50:37.701Z] info: GET /css/aos.css
[SH 2026/02/08 22:50:37 UTC 2026-02-08T14:50:37.701Z] info: GET /js/bootstrap.bundle.min.js
[SH 2026/02/08 22:50:37 UTC 2026-02-08T14:50:37.702Z] info: GET /css/main_style.css
[SH 2026/02/08 22:50:37 UTC 2026-02-08T14:50:37.703Z] info: GET /js/aos.js
[SH 2026/02/08 22:50:37 UTC 2026-02-08T14:50:37.703Z] info: GET /config.js
[SH 2026/02/08 22:50:37 UTC 2026-02-08T14:50:37.706Z] info: GET /frame.js
[SH 2026/02/08 22:50:37 UTC 2026-02-08T14:50:37.751Z] info: GET /css/bootstrap.min.css.map
[SH 2026/02/08 22:50:37 UTC 2026-02-08T14:50:37.752Z] info: POST /api/pages/test/card2
[SH 2026/02/08 22:50:37 UTC 2026-02-08T14:50:37.877Z] info: POST /api/pages/test
[SH 2026/02/08 22:50:37 UTC 2026-02-08T14:50:37.952Z] info: GET /js/test.js
[SH 2026/02/08 22:50:37 UTC 2026-02-08T14:50:37.960Z] info: GET /css/test.css
[SH 2026/02/08 22:50:38 UTC 2026-02-08T14:50:38.002Z] info: POST /api/pages/test/card2
[SH 2026/02/08 22:50:56 UTC 2026-02-08T14:50:56.605Z] info: GET /test
[SH 2026/02/08 22:50:56 UTC 2026-02-08T14:50:56.659Z] info: GET /.well-known/appspecific/com.chrome.devtools.json
[SH 2026/02/08 22:50:56 UTC 2026-02-08T14:50:56.673Z] info: GET /css/bootstrap.min.css
[SH 2026/02/08 22:50:56 UTC 2026-02-08T14:50:56.678Z] info: GET /css/aos.css
[SH 2026/02/08 22:50:56 UTC 2026-02-08T14:50:56.681Z] info: GET /css/main_style.css
[SH 2026/02/08 22:50:56 UTC 2026-02-08T14:50:56.682Z] info: GET /js/bootstrap.bundle.min.js
[SH 2026/02/08 22:50:56 UTC 2026-02-08T14:50:56.684Z] info: GET /js/aos.js
[SH 2026/02/08 22:50:56 UTC 2026-02-08T14:50:56.687Z] info: GET /config.js
[SH 2026/02/08 22:50:56 UTC 2026-02-08T14:50:56.688Z] info: GET /frame.js
[SH 2026/02/08 22:50:56 UTC 2026-02-08T14:50:56.703Z] info: GET /css/bootstrap.min.css.map
[SH 2026/02/08 22:50:56 UTC 2026-02-08T14:50:56.753Z] info: POST /api/pages/test
[SH 2026/02/08 22:50:56 UTC 2026-02-08T14:50:56.963Z] info: GET /js/test.js
[SH 2026/02/08 22:50:57 UTC 2026-02-08T14:50:57.014Z] info: GET /css/test.css
[SH 2026/02/08 22:51:45 UTC 2026-02-08T14:51:45.740Z] info: GET /test
[SH 2026/02/08 22:51:45 UTC 2026-02-08T14:51:45.774Z] info: GET /.well-known/appspecific/com.chrome.devtools.json
[SH 2026/02/08 22:51:45 UTC 2026-02-08T14:51:45.790Z] info: GET /css/bootstrap.min.css
[SH 2026/02/08 22:51:45 UTC 2026-02-08T14:51:45.793Z] info: GET /css/aos.css
[SH 2026/02/08 22:51:45 UTC 2026-02-08T14:51:45.794Z] info: GET /css/main_style.css
[SH 2026/02/08 22:51:45 UTC 2026-02-08T14:51:45.795Z] info: GET /js/bootstrap.bundle.min.js
[SH 2026/02/08 22:51:45 UTC 2026-02-08T14:51:45.795Z] info: GET /js/aos.js
[SH 2026/02/08 22:51:45 UTC 2026-02-08T14:51:45.796Z] info: GET /config.js
[SH 2026/02/08 22:51:45 UTC 2026-02-08T14:51:45.797Z] info: GET /frame.js
[SH 2026/02/08 22:51:45 UTC 2026-02-08T14:51:45.822Z] info: GET /css/bootstrap.min.css.map
[SH 2026/02/08 22:51:45 UTC 2026-02-08T14:51:45.861Z] info: POST /api/pages/test
[SH 2026/02/08 22:51:46 UTC 2026-02-08T14:51:46.011Z] info: GET /js/test.js
[SH 2026/02/08 22:51:46 UTC 2026-02-08T14:51:46.074Z] info: GET /css/test.css
[SH 2026/02/08 22:52:01 UTC 2026-02-08T14:52:01.445Z] info: GET /test
[SH 2026/02/08 22:52:01 UTC 2026-02-08T14:52:01.482Z] info: GET /.well-known/appspecific/com.chrome.devtools.json
[SH 2026/02/08 22:52:01 UTC 2026-02-08T14:52:01.498Z] info: GET /css/bootstrap.min.css
[SH 2026/02/08 22:52:01 UTC 2026-02-08T14:52:01.503Z] info: GET /css/aos.css
[SH 2026/02/08 22:52:01 UTC 2026-02-08T14:52:01.505Z] info: GET /css/main_style.css
[SH 2026/02/08 22:52:01 UTC 2026-02-08T14:52:01.506Z] info: GET /js/bootstrap.bundle.min.js
[SH 2026/02/08 22:52:01 UTC 2026-02-08T14:52:01.507Z] info: GET /js/aos.js
[SH 2026/02/08 22:52:01 UTC 2026-02-08T14:52:01.508Z] info: GET /config.js
[SH 2026/02/08 22:52:01 UTC 2026-02-08T14:52:01.512Z] info: GET /frame.js
[SH 2026/02/08 22:52:01 UTC 2026-02-08T14:52:01.546Z] info: GET /css/bootstrap.min.css.map
[SH 2026/02/08 22:52:01 UTC 2026-02-08T14:52:01.549Z] info: POST /api/pages/test
[SH 2026/02/08 22:52:01 UTC 2026-02-08T14:52:01.682Z] info: GET /js/test.js
[SH 2026/02/08 22:52:01 UTC 2026-02-08T14:52:01.753Z] info: GET /css/test.css
[SH 2026/02/08 22:53:17 UTC 2026-02-08T14:53:17.916Z] info: GET /test
[SH 2026/02/08 22:53:17 UTC 2026-02-08T14:53:17.973Z] info: GET /.well-known/appspecific/com.chrome.devtools.json
[SH 2026/02/08 22:53:17 UTC 2026-02-08T14:53:17.994Z] info: GET /css/bootstrap.min.css
[SH 2026/02/08 22:53:17 UTC 2026-02-08T14:53:17.998Z] info: GET /css/aos.css
[SH 2026/02/08 22:53:18 UTC 2026-02-08T14:53:18.000Z] info: GET /css/main_style.css
[SH 2026/02/08 22:53:18 UTC 2026-02-08T14:53:18.001Z] info: GET /js/bootstrap.bundle.min.js
[SH 2026/02/08 22:53:18 UTC 2026-02-08T14:53:18.001Z] info: GET /js/aos.js
[SH 2026/02/08 22:53:18 UTC 2026-02-08T14:53:18.002Z] info: GET /config.js
[SH 2026/02/08 22:53:18 UTC 2026-02-08T14:53:18.005Z] info: GET /frame.js
[SH 2026/02/08 22:53:18 UTC 2026-02-08T14:53:18.065Z] info: POST /api/pages/test
[SH 2026/02/08 22:53:18 UTC 2026-02-08T14:53:18.067Z] info: GET /css/bootstrap.min.css.map
[SH 2026/02/08 22:53:18 UTC 2026-02-08T14:53:18.212Z] info: GET /js/test.js
[SH 2026/02/08 22:53:18 UTC 2026-02-08T14:53:18.291Z] info: GET /css/test.css
[SH 2026/02/08 22:58:26 UTC 2026-02-08T14:58:26.266Z] info: GET /test
[SH 2026/02/08 22:58:26 UTC 2026-02-08T14:58:26.315Z] info: GET /.well-known/appspecific/com.chrome.devtools.json
[SH 2026/02/08 22:58:26 UTC 2026-02-08T14:58:26.332Z] info: GET /css/bootstrap.min.css
[SH 2026/02/08 22:58:26 UTC 2026-02-08T14:58:26.341Z] info: GET /css/aos.css
[SH 2026/02/08 22:58:26 UTC 2026-02-08T14:58:26.343Z] info: GET /css/main_style.css
[SH 2026/02/08 22:58:26 UTC 2026-02-08T14:58:26.344Z] info: GET /js/bootstrap.bundle.min.js
[SH 2026/02/08 22:58:26 UTC 2026-02-08T14:58:26.345Z] info: GET /js/aos.js
[SH 2026/02/08 22:58:26 UTC 2026-02-08T14:58:26.345Z] info: GET /config.js
[SH 2026/02/08 22:58:26 UTC 2026-02-08T14:58:26.346Z] info: GET /frame.js
[SH 2026/02/08 22:58:26 UTC 2026-02-08T14:58:26.371Z] info: GET /css/bootstrap.min.css.map
[SH 2026/02/08 22:58:26 UTC 2026-02-08T14:58:26.436Z] info: POST /api/pages/test
[SH 2026/02/08 22:58:26 UTC 2026-02-08T14:58:26.566Z] info: GET /js/test.js
[SH 2026/02/08 22:58:26 UTC 2026-02-08T14:58:26.619Z] info: GET /css/test.css
[SH 2026/02/08 22:58:26 UTC 2026-02-08T14:58:26.629Z] info: POST /api/template/nav.html
[SH 2026/02/08 22:58:26 UTC 2026-02-08T14:58:26.632Z] info: POST /api/template/menu.html
[SH 2026/02/08 22:58:26 UTC 2026-02-08T14:58:26.645Z] info: GET /img/menu.png
[SH 2026/02/08 22:58:26 UTC 2026-02-08T14:58:26.645Z] info: GET /img/menu-fold.png
[SH 2026/02/08 22:58:29 UTC 2026-02-08T14:58:29.145Z] info: POST /api/pages/home
[SH 2026/02/08 22:58:30 UTC 2026-02-08T14:58:30.250Z] info: POST /api/pages/test
[SH 2026/02/08 22:58:30 UTC 2026-02-08T14:58:30.258Z] info: GET /css/test.css
[SH 2026/02/08 23:01:59 UTC 2026-02-08T15:01:59.585Z] info: GET /test
[SH 2026/02/08 23:01:59 UTC 2026-02-08T15:01:59.631Z] info: GET /.well-known/appspecific/com.chrome.devtools.json
[SH 2026/02/08 23:01:59 UTC 2026-02-08T15:01:59.656Z] info: GET /css/bootstrap.min.css
[SH 2026/02/08 23:01:59 UTC 2026-02-08T15:01:59.662Z] info: GET /css/aos.css
[SH 2026/02/08 23:01:59 UTC 2026-02-08T15:01:59.664Z] info: GET /css/main_style.css
[SH 2026/02/08 23:01:59 UTC 2026-02-08T15:01:59.665Z] info: GET /js/bootstrap.bundle.min.js
[SH 2026/02/08 23:01:59 UTC 2026-02-08T15:01:59.666Z] info: GET /js/aos.js
[SH 2026/02/08 23:01:59 UTC 2026-02-08T15:01:59.666Z] info: GET /config.js
[SH 2026/02/08 23:01:59 UTC 2026-02-08T15:01:59.668Z] info: GET /frame.js
[SH 2026/02/08 23:01:59 UTC 2026-02-08T15:01:59.701Z] info: GET /css/bootstrap.min.css.map
[SH 2026/02/08 23:01:59 UTC 2026-02-08T15:01:59.744Z] info: POST /api/pages/test
[SH 2026/02/08 23:01:59 UTC 2026-02-08T15:01:59.902Z] info: GET /js/test.js
[SH 2026/02/08 23:01:59 UTC 2026-02-08T15:01:59.944Z] info: GET /css/test.css
[SH 2026/02/08 23:01:59 UTC 2026-02-08T15:01:59.973Z] info: POST /api/template/nav.html
[SH 2026/02/08 23:01:59 UTC 2026-02-08T15:01:59.974Z] info: POST /api/template/menu.html
[SH 2026/02/08 23:01:59 UTC 2026-02-08T15:01:59.984Z] info: GET /img/menu.png
[SH 2026/02/08 23:01:59 UTC 2026-02-08T15:01:59.985Z] info: GET /img/menu-fold.png
[SH 2026/02/08 23:02:03 UTC 2026-02-08T15:02:03.494Z] info: POST /api/pages/home
[SH 2026/02/08 23:02:04 UTC 2026-02-08T15:02:04.700Z] info: POST /api/pages/p1
[SH 2026/02/08 23:02:04 UTC 2026-02-08T15:02:04.701Z] warn: Invalid JSON in file F:\code\single-page-frame\pages\p1\p1.json. JSON 格式错误
[SH 2026/02/08 23:02:07 UTC 2026-02-08T15:02:07.381Z] info: POST /api/pages/home
[SH 2026/02/08 23:02:13 UTC 2026-02-08T15:02:13.090Z] info: POST /api/pages/home
[SH 2026/02/08 23:02:14 UTC 2026-02-08T15:02:14.066Z] info: POST /api/pages/p1
[SH 2026/02/08 23:02:14 UTC 2026-02-08T15:02:14.067Z] warn: Invalid JSON in file F:\code\single-page-frame\pages\p1\p1.json. JSON 格式错误
[SH 2026/02/08 23:02:14 UTC 2026-02-08T15:02:14.736Z] info: POST /api/pages/home
[SH 2026/02/08 23:02:15 UTC 2026-02-08T15:02:15.462Z] info: POST /api/pages/p1
[SH 2026/02/08 23:02:15 UTC 2026-02-08T15:02:15.463Z] warn: Invalid JSON in file F:\code\single-page-frame\pages\p1\p1.json. JSON 格式错误
[SH 2026/02/08 23:02:16 UTC 2026-02-08T15:02:16.069Z] info: POST /api/pages/home
[SH 2026/02/08 23:02:16 UTC 2026-02-08T15:02:16.606Z] info: POST /api/pages/p1
[SH 2026/02/08 23:02:16 UTC 2026-02-08T15:02:16.607Z] warn: Invalid JSON in file F:\code\single-page-frame\pages\p1\p1.json. JSON 格式错误
[SH 2026/02/08 23:03:52 UTC 2026-02-08T15:03:52.661Z] info: GET /p1
[SH 2026/02/08 23:03:52 UTC 2026-02-08T15:03:52.702Z] info: GET /.well-known/appspecific/com.chrome.devtools.json
[SH 2026/02/08 23:03:52 UTC 2026-02-08T15:03:52.714Z] info: GET /css/bootstrap.min.css
[SH 2026/02/08 23:03:52 UTC 2026-02-08T15:03:52.719Z] info: GET /css/aos.css
[SH 2026/02/08 23:03:52 UTC 2026-02-08T15:03:52.721Z] info: GET /js/bootstrap.bundle.min.js
[SH 2026/02/08 23:03:52 UTC 2026-02-08T15:03:52.722Z] info: GET /js/aos.js
[SH 2026/02/08 23:03:52 UTC 2026-02-08T15:03:52.725Z] info: GET /css/main_style.css
[SH 2026/02/08 23:03:52 UTC 2026-02-08T15:03:52.727Z] info: GET /config.js
[SH 2026/02/08 23:03:52 UTC 2026-02-08T15:03:52.727Z] info: GET /frame.js
[SH 2026/02/08 23:03:52 UTC 2026-02-08T15:03:52.809Z] info: GET /css/bootstrap.min.css.map
[SH 2026/02/08 23:03:52 UTC 2026-02-08T15:03:52.831Z] info: POST /api/pages/p1
[SH 2026/02/08 23:03:52 UTC 2026-02-08T15:03:52.832Z] warn: Invalid JSON in file F:\code\single-page-frame\pages\p1\p1.json. JSON 格式错误
[SH 2026/02/08 23:03:52 UTC 2026-02-08T15:03:52.986Z] info: POST /api/template/nav.html
[SH 2026/02/08 23:03:52 UTC 2026-02-08T15:03:52.988Z] info: POST /api/template/menu.html
[SH 2026/02/08 23:03:53 UTC 2026-02-08T15:03:53.067Z] info: GET /img/menu.png
[SH 2026/02/08 23:03:53 UTC 2026-02-08T15:03:53.068Z] info: GET /img/menu-fold.png
[SH 2026/02/08 23:06:26 UTC 2026-02-08T15:06:26.105Z] info: GET /p1
[SH 2026/02/08 23:06:26 UTC 2026-02-08T15:06:26.170Z] info: GET /css/bootstrap.min.css
[SH 2026/02/08 23:06:26 UTC 2026-02-08T15:06:26.180Z] info: GET /css/aos.css
[SH 2026/02/08 23:06:26 UTC 2026-02-08T15:06:26.180Z] info: GET /js/bootstrap.bundle.min.js
[SH 2026/02/08 23:06:26 UTC 2026-02-08T15:06:26.181Z] info: GET /js/aos.js
[SH 2026/02/08 23:06:26 UTC 2026-02-08T15:06:26.185Z] info: GET /css/main_style.css
[SH 2026/02/08 23:06:26 UTC 2026-02-08T15:06:26.186Z] info: GET /config.js
[SH 2026/02/08 23:06:26 UTC 2026-02-08T15:06:26.186Z] info: GET /frame.js
[SH 2026/02/08 23:06:26 UTC 2026-02-08T15:06:26.190Z] info: GET /.well-known/appspecific/com.chrome.devtools.json
[SH 2026/02/08 23:06:26 UTC 2026-02-08T15:06:26.241Z] info: GET /css/bootstrap.min.css.map
[SH 2026/02/08 23:06:26 UTC 2026-02-08T15:06:26.242Z] info: POST /api/pages/p1
[SH 2026/02/08 23:06:26 UTC 2026-02-08T15:06:26.243Z] warn: Invalid JSON in file F:\code\single-page-frame\pages\p1\p1.json. JSON 格式错误
[SH 2026/02/08 23:06:44 UTC 2026-02-08T15:06:44.149Z] info: GET /p1
[SH 2026/02/08 23:06:44 UTC 2026-02-08T15:06:44.277Z] info: GET /css/bootstrap.min.css
[SH 2026/02/08 23:06:44 UTC 2026-02-08T15:06:44.278Z] info: GET /css/aos.css
[SH 2026/02/08 23:06:44 UTC 2026-02-08T15:06:44.280Z] info: GET /js/bootstrap.bundle.min.js
[SH 2026/02/08 23:06:44 UTC 2026-02-08T15:06:44.286Z] info: GET /css/main_style.css
[SH 2026/02/08 23:06:44 UTC 2026-02-08T15:06:44.287Z] info: GET /js/aos.js
[SH 2026/02/08 23:06:44 UTC 2026-02-08T15:06:44.288Z] info: GET /config.js
[SH 2026/02/08 23:06:44 UTC 2026-02-08T15:06:44.325Z] info: GET /frame.js
[SH 2026/02/08 23:06:44 UTC 2026-02-08T15:06:44.358Z] info: POST /api/pages/p1
[SH 2026/02/08 23:06:44 UTC 2026-02-08T15:06:44.359Z] warn: Invalid JSON in file F:\code\single-page-frame\pages\p1\p1.json. JSON 格式错误
[SH 2026/02/08 23:06:44 UTC 2026-02-08T15:06:44.433Z] info: GET /.well-known/appspecific/com.chrome.devtools.json
[SH 2026/02/08 23:06:44 UTC 2026-02-08T15:06:44.479Z] info: GET /css/bootstrap.min.css.map
[SH 2026/02/08 23:07:12 UTC 2026-02-08T15:07:12.202Z] info: POST /api/template/nav.html
[SH 2026/02/08 23:07:12 UTC 2026-02-08T15:07:12.204Z] info: POST /api/template/menu.html
[SH 2026/02/08 23:07:12 UTC 2026-02-08T15:07:12.297Z] info: GET /img/menu.png
[SH 2026/02/08 23:07:12 UTC 2026-02-08T15:07:12.308Z] info: GET /img/menu-fold.png
[SH 2026/02/08 23:07:24 UTC 2026-02-08T15:07:24.356Z] info: POST /api/pages/home
