[SH 2026/02/10 11:02:07 UTC 2026-02-10T03:02:07.839Z] info: ---------------------------------------------------
[SH 2026/02/10 11:02:07 UTC 2026-02-10T03:02:07.856Z] info: Server started at 2026/2/10 11:02:07
[SH 2026/02/10 11:02:42 UTC 2026-02-10T03:02:42.287Z] info: GET /
[SH 2026/02/10 11:02:42 UTC 2026-02-10T03:02:42.347Z] info: GET /css/bootstrap.min.css
[SH 2026/02/10 11:02:42 UTC 2026-02-10T03:02:42.350Z] info: GET /css/aos.css
[SH 2026/02/10 11:02:42 UTC 2026-02-10T03:02:42.354Z] info: GET /css/main_style.css
[SH 2026/02/10 11:02:42 UTC 2026-02-10T03:02:42.355Z] info: GET /js/bootstrap.bundle.min.js
[SH 2026/02/10 11:02:42 UTC 2026-02-10T03:02:42.360Z] info: GET /js/aos.js
[SH 2026/02/10 11:02:42 UTC 2026-02-10T03:02:42.361Z] info: GET /config.js
[SH 2026/02/10 11:02:42 UTC 2026-02-10T03:02:42.366Z] info: GET /frame.js
[SH 2026/02/10 11:02:42 UTC 2026-02-10T03:02:42.404Z] info: GET /home
[SH 2026/02/10 11:02:42 UTC 2026-02-10T03:02:42.406Z] info: POST /api/pages/
[SH 2026/02/10 11:02:42 UTC 2026-02-10T03:02:42.408Z] warn: File F:\code\single-page-frame\pages\.html not found. 没有找到F:\code\single-page-frame\pages\.html
[SH 2026/02/10 11:02:42 UTC 2026-02-10T03:02:42.408Z] warn: File F:\code\single-page-frame\pages\.json not found. 没有找到F:\code\single-page-frame\pages\.json
[SH 2026/02/10 11:02:42 UTC 2026-02-10T03:02:42.554Z] info: GET /css/bootstrap.min.css
[SH 2026/02/10 11:02:42 UTC 2026-02-10T03:02:42.555Z] info: GET /css/aos.css
[SH 2026/02/10 11:02:42 UTC 2026-02-10T03:02:42.557Z] info: GET /js/bootstrap.bundle.min.js
[SH 2026/02/10 11:02:42 UTC 2026-02-10T03:02:42.559Z] info: GET /css/main_style.css
[SH 2026/02/10 11:02:42 UTC 2026-02-10T03:02:42.560Z] info: GET /js/aos.js
[SH 2026/02/10 11:02:42 UTC 2026-02-10T03:02:42.561Z] info: GET /config.js
[SH 2026/02/10 11:02:42 UTC 2026-02-10T03:02:42.565Z] info: GET /frame.js
[SH 2026/02/10 11:02:42 UTC 2026-02-10T03:02:42.592Z] info: POST /api/pages/home
[SH 2026/02/10 11:02:42 UTC 2026-02-10T03:02:42.644Z] info: POST /api/template/nav.html
[SH 2026/02/10 11:02:42 UTC 2026-02-10T03:02:42.645Z] info: POST /api/template/menu.html
[SH 2026/02/10 11:02:42 UTC 2026-02-10T03:02:42.709Z] info: GET /img/menu.png
[SH 2026/02/10 11:02:42 UTC 2026-02-10T03:02:42.710Z] info: GET /img/menu-fold.png
[SH 2026/02/10 11:02:42 UTC 2026-02-10T03:02:42.736Z] info: GET /favicon.ico
[SH 2026/02/10 11:02:44 UTC 2026-02-10T03:02:44.468Z] info: POST /api/pages/test
[SH 2026/02/10 11:02:44 UTC 2026-02-10T03:02:44.473Z] info: GET /js/test.js
[SH 2026/02/10 11:02:44 UTC 2026-02-10T03:02:44.485Z] info: GET /css/test.css
[SH 2026/02/10 11:02:46 UTC 2026-02-10T03:02:46.582Z] info: POST /api/pages/p1
[SH 2026/02/10 11:02:47 UTC 2026-02-10T03:02:47.362Z] info: POST /api/pages/home
[SH 2026/02/10 11:02:48 UTC 2026-02-10T03:02:48.351Z] info: POST /api/pages/home
[SH 2026/02/10 11:02:49 UTC 2026-02-10T03:02:49.059Z] info: POST /api/pages/p1
[SH 2026/02/10 11:02:49 UTC 2026-02-10T03:02:49.419Z] info: POST /api/pages/p1
[SH 2026/02/10 11:06:27 UTC 2026-02-10T03:06:27.600Z] info: GET /p1
[SH 2026/02/10 11:06:27 UTC 2026-02-10T03:06:27.636Z] info: GET /css/bootstrap.min.css
[SH 2026/02/10 11:06:27 UTC 2026-02-10T03:06:27.639Z] info: GET /css/aos.css
[SH 2026/02/10 11:06:27 UTC 2026-02-10T03:06:27.639Z] info: GET /js/bootstrap.bundle.min.js
[SH 2026/02/10 11:06:27 UTC 2026-02-10T03:06:27.641Z] info: GET /css/main_style.css
[SH 2026/02/10 11:06:27 UTC 2026-02-10T03:06:27.642Z] info: GET /js/aos.js
[SH 2026/02/10 11:06:27 UTC 2026-02-10T03:06:27.643Z] info: GET /config.js
[SH 2026/02/10 11:06:27 UTC 2026-02-10T03:06:27.643Z] info: GET /frame.js
[SH 2026/02/10 11:06:27 UTC 2026-02-10T03:06:27.665Z] info: POST /api/pages/p1
[SH 2026/02/10 11:06:27 UTC 2026-02-10T03:06:27.696Z] info: POST /api/template/nav.html
[SH 2026/02/10 11:06:27 UTC 2026-02-10T03:06:27.697Z] info: POST /api/template/menu.html
[SH 2026/02/10 11:06:27 UTC 2026-02-10T03:06:27.737Z] info: GET /img/menu.png
[SH 2026/02/10 11:06:27 UTC 2026-02-10T03:06:27.738Z] info: GET /img/menu-fold.png
[SH 2026/02/10 11:06:29 UTC 2026-02-10T03:06:29.161Z] info: POST /api/pages/home
[SH 2026/02/10 11:06:30 UTC 2026-02-10T03:06:30.151Z] info: POST /api/pages/p1
[SH 2026/02/10 11:06:30 UTC 2026-02-10T03:06:30.931Z] info: POST /api/pages/home
[SH 2026/02/10 11:06:32 UTC 2026-02-10T03:06:32.079Z] info: POST /api/pages/p1
[SH 2026/02/10 11:06:32 UTC 2026-02-10T03:06:32.871Z] info: POST /api/pages/home
[SH 2026/02/10 11:06:33 UTC 2026-02-10T03:06:33.232Z] info: POST /api/pages/p1
[SH 2026/02/10 11:06:33 UTC 2026-02-10T03:06:33.907Z] info: POST /api/pages/p1
[SH 2026/02/10 11:06:34 UTC 2026-02-10T03:06:34.210Z] info: POST /api/pages/home
[SH 2026/02/10 11:06:34 UTC 2026-02-10T03:06:34.647Z] info: POST /api/pages/p1
[SH 2026/02/10 11:06:35 UTC 2026-02-10T03:06:35.006Z] info: POST /api/pages/home
[SH 2026/02/10 11:06:35 UTC 2026-02-10T03:06:35.396Z] info: POST /api/pages/p1
[SH 2026/02/10 11:06:35 UTC 2026-02-10T03:06:35.764Z] info: POST /api/pages/home
[SH 2026/02/10 11:07:01 UTC 2026-02-10T03:07:01.911Z] info: GET /home
[SH 2026/02/10 11:07:01 UTC 2026-02-10T03:07:01.955Z] info: GET /css/bootstrap.min.css
[SH 2026/02/10 11:07:01 UTC 2026-02-10T03:07:01.957Z] info: GET /css/aos.css
[SH 2026/02/10 11:07:01 UTC 2026-02-10T03:07:01.958Z] info: GET /js/bootstrap.bundle.min.js
[SH 2026/02/10 11:07:01 UTC 2026-02-10T03:07:01.959Z] info: GET /css/main_style.css
[SH 2026/02/10 11:07:01 UTC 2026-02-10T03:07:01.960Z] info: GET /js/aos.js
[SH 2026/02/10 11:07:01 UTC 2026-02-10T03:07:01.961Z] info: GET /config.js
[SH 2026/02/10 11:07:01 UTC 2026-02-10T03:07:01.962Z] info: GET /frame.js
[SH 2026/02/10 11:07:01 UTC 2026-02-10T03:07:01.986Z] info: POST /api/pages/home
[SH 2026/02/10 11:07:02 UTC 2026-02-10T03:07:02.029Z] info: POST /api/template/nav.html
[SH 2026/02/10 11:07:02 UTC 2026-02-10T03:07:02.030Z] info: POST /api/template/menu.html
[SH 2026/02/10 11:07:02 UTC 2026-02-10T03:07:02.079Z] info: GET /img/menu.png
[SH 2026/02/10 11:07:02 UTC 2026-02-10T03:07:02.079Z] info: GET /img/menu-fold.png
[SH 2026/02/10 11:07:03 UTC 2026-02-10T03:07:03.372Z] info: POST /api/pages/p1
[SH 2026/02/10 11:07:04 UTC 2026-02-10T03:07:04.446Z] info: POST /api/pages/home
[SH 2026/02/10 11:07:05 UTC 2026-02-10T03:07:05.358Z] info: POST /api/pages/p1
[SH 2026/02/10 11:07:06 UTC 2026-02-10T03:07:06.678Z] info: POST /api/pages/home
[SH 2026/02/10 11:07:07 UTC 2026-02-10T03:07:07.363Z] info: POST /api/pages/p1
[SH 2026/02/10 11:07:07 UTC 2026-02-10T03:07:07.843Z] info: POST /api/pages/home
[SH 2026/02/10 11:07:08 UTC 2026-02-10T03:07:08.220Z] info: POST /api/pages/p1
[SH 2026/02/10 11:07:08 UTC 2026-02-10T03:07:08.811Z] info: POST /api/pages/home
[SH 2026/02/10 11:07:09 UTC 2026-02-10T03:07:09.275Z] info: POST /api/pages/p1
[SH 2026/02/10 11:07:09 UTC 2026-02-10T03:07:09.631Z] info: POST /api/pages/home
[SH 2026/02/10 11:07:10 UTC 2026-02-10T03:07:10.063Z] info: POST /api/pages/p1
[SH 2026/02/10 11:07:10 UTC 2026-02-10T03:07:10.483Z] info: POST /api/pages/home
[SH 2026/02/10 11:07:11 UTC 2026-02-10T03:07:11.174Z] info: POST /api/pages/p1
[SH 2026/02/10 11:07:11 UTC 2026-02-10T03:07:11.594Z] info: POST /api/pages/home
[SH 2026/02/10 11:07:12 UTC 2026-02-10T03:07:12.013Z] info: POST /api/pages/p1
[SH 2026/02/10 11:07:12 UTC 2026-02-10T03:07:12.726Z] info: POST /api/pages/home
[SH 2026/02/10 11:07:13 UTC 2026-02-10T03:07:13.239Z] info: POST /api/pages/p1
[SH 2026/02/10 11:07:13 UTC 2026-02-10T03:07:13.676Z] info: POST /api/pages/home
[SH 2026/02/10 11:07:15 UTC 2026-02-10T03:07:15.077Z] info: POST /api/pages/test
[SH 2026/02/10 11:07:15 UTC 2026-02-10T03:07:15.084Z] info: GET /js/test.js
[SH 2026/02/10 11:07:15 UTC 2026-02-10T03:07:15.104Z] info: GET /css/test.css
[SH 2026/02/10 11:07:16 UTC 2026-02-10T03:07:16.025Z] info: POST /api/pages/home
[SH 2026/02/10 11:07:16 UTC 2026-02-10T03:07:16.870Z] info: POST /api/pages/p3
[SH 2026/02/10 11:07:17 UTC 2026-02-10T03:07:17.567Z] info: POST /api/pages/p2
[SH 2026/02/10 11:07:18 UTC 2026-02-10T03:07:18.360Z] info: POST /api/pages/p1
[SH 2026/02/10 11:07:18 UTC 2026-02-10T03:07:18.768Z] info: POST /api/pages/home
[SH 2026/02/10 11:07:20 UTC 2026-02-10T03:07:20.177Z] info: POST /api/pages/p1
[SH 2026/02/10 11:07:58 UTC 2026-02-10T03:07:58.848Z] info: GET /p1
[SH 2026/02/10 11:07:58 UTC 2026-02-10T03:07:58.882Z] info: GET /css/bootstrap.min.css
[SH 2026/02/10 11:07:58 UTC 2026-02-10T03:07:58.885Z] info: GET /css/aos.css
[SH 2026/02/10 11:07:58 UTC 2026-02-10T03:07:58.887Z] info: GET /js/bootstrap.bundle.min.js
[SH 2026/02/10 11:07:58 UTC 2026-02-10T03:07:58.888Z] info: GET /css/main_style.css
[SH 2026/02/10 11:07:58 UTC 2026-02-10T03:07:58.889Z] info: GET /js/aos.js
[SH 2026/02/10 11:07:58 UTC 2026-02-10T03:07:58.891Z] info: GET /config.js
[SH 2026/02/10 11:07:58 UTC 2026-02-10T03:07:58.892Z] info: GET /frame.js
[SH 2026/02/10 11:07:58 UTC 2026-02-10T03:07:58.913Z] info: POST /api/pages/p1
[SH 2026/02/10 11:07:58 UTC 2026-02-10T03:07:58.945Z] info: POST /api/template/nav.html
[SH 2026/02/10 11:07:58 UTC 2026-02-10T03:07:58.946Z] info: POST /api/template/menu.html
[SH 2026/02/10 11:07:58 UTC 2026-02-10T03:07:58.979Z] info: GET /img/menu.png
[SH 2026/02/10 11:07:58 UTC 2026-02-10T03:07:58.981Z] info: GET /img/menu-fold.png
[SH 2026/02/10 11:08:01 UTC 2026-02-10T03:08:01.717Z] info: POST /api/pages/home
[SH 2026/02/10 11:08:04 UTC 2026-02-10T03:08:04.041Z] info: GET /home
[SH 2026/02/10 11:08:04 UTC 2026-02-10T03:08:04.075Z] info: GET /css/bootstrap.min.css
[SH 2026/02/10 11:08:04 UTC 2026-02-10T03:08:04.076Z] info: GET /css/aos.css
[SH 2026/02/10 11:08:04 UTC 2026-02-10T03:08:04.077Z] info: GET /js/bootstrap.bundle.min.js
[SH 2026/02/10 11:08:04 UTC 2026-02-10T03:08:04.077Z] info: GET /js/aos.js
[SH 2026/02/10 11:08:04 UTC 2026-02-10T03:08:04.078Z] info: GET /css/main_style.css
[SH 2026/02/10 11:08:04 UTC 2026-02-10T03:08:04.078Z] info: GET /config.js
[SH 2026/02/10 11:08:04 UTC 2026-02-10T03:08:04.079Z] info: GET /frame.js
[SH 2026/02/10 11:08:04 UTC 2026-02-10T03:08:04.099Z] info: POST /api/pages/home
[SH 2026/02/10 11:08:04 UTC 2026-02-10T03:08:04.124Z] info: POST /api/template/nav.html
[SH 2026/02/10 11:08:04 UTC 2026-02-10T03:08:04.125Z] info: POST /api/template/menu.html
[SH 2026/02/10 11:08:04 UTC 2026-02-10T03:08:04.159Z] info: GET /img/menu.png
[SH 2026/02/10 11:08:04 UTC 2026-02-10T03:08:04.160Z] info: GET /img/menu-fold.png
[SH 2026/02/10 11:08:05 UTC 2026-02-10T03:08:05.428Z] info: POST /api/pages/p1
[SH 2026/02/10 11:08:05 UTC 2026-02-10T03:08:05.896Z] info: POST /api/pages/home
[SH 2026/02/10 11:08:07 UTC 2026-02-10T03:08:07.334Z] info: POST /api/pages/p1
[SH 2026/02/10 11:08:09 UTC 2026-02-10T03:08:09.797Z] info: POST /api/pages/home
[SH 2026/02/10 11:08:10 UTC 2026-02-10T03:08:10.368Z] info: GET /home
[SH 2026/02/10 11:08:10 UTC 2026-02-10T03:08:10.404Z] info: GET /css/bootstrap.min.css
[SH 2026/02/10 11:08:10 UTC 2026-02-10T03:08:10.409Z] info: GET /css/aos.css
[SH 2026/02/10 11:08:10 UTC 2026-02-10T03:08:10.411Z] info: GET /css/main_style.css
[SH 2026/02/10 11:08:10 UTC 2026-02-10T03:08:10.412Z] info: GET /js/bootstrap.bundle.min.js
[SH 2026/02/10 11:08:10 UTC 2026-02-10T03:08:10.415Z] info: GET /js/aos.js
[SH 2026/02/10 11:08:10 UTC 2026-02-10T03:08:10.419Z] info: GET /config.js
[SH 2026/02/10 11:08:10 UTC 2026-02-10T03:08:10.423Z] info: GET /frame.js
[SH 2026/02/10 11:08:10 UTC 2026-02-10T03:08:10.438Z] info: POST /api/pages/home
[SH 2026/02/10 11:08:10 UTC 2026-02-10T03:08:10.468Z] info: POST /api/template/nav.html
[SH 2026/02/10 11:08:10 UTC 2026-02-10T03:08:10.470Z] info: POST /api/template/menu.html
[SH 2026/02/10 11:08:10 UTC 2026-02-10T03:08:10.502Z] info: GET /img/menu.png
[SH 2026/02/10 11:08:10 UTC 2026-02-10T03:08:10.504Z] info: GET /img/menu-fold.png
[SH 2026/02/10 11:08:13 UTC 2026-02-10T03:08:13.710Z] info: POST /api/pages/p1
[SH 2026/02/10 11:08:15 UTC 2026-02-10T03:08:15.656Z] info: GET /css/bootstrap.min.css
[SH 2026/02/10 11:08:15 UTC 2026-02-10T03:08:15.657Z] info: GET /css/aos.css
[SH 2026/02/10 11:08:15 UTC 2026-02-10T03:08:15.657Z] info: GET /css/main_style.css
[SH 2026/02/10 11:08:15 UTC 2026-02-10T03:08:15.675Z] info: GET /.well-known/appspecific/com.chrome.devtools.json
[SH 2026/02/10 11:08:15 UTC 2026-02-10T03:08:15.850Z] info: GET /css/bootstrap.min.css.map
[SH 2026/02/10 11:08:19 UTC 2026-02-10T03:08:19.144Z] info: POST /api/pages/home
[SH 2026/02/10 11:08:19 UTC 2026-02-10T03:08:19.969Z] info: POST /api/pages/p1
[SH 2026/02/10 11:08:20 UTC 2026-02-10T03:08:20.606Z] info: POST /api/pages/home
[SH 2026/02/10 11:08:21 UTC 2026-02-10T03:08:21.001Z] info: POST /api/pages/p1
[SH 2026/02/10 11:08:21 UTC 2026-02-10T03:08:21.469Z] info: POST /api/pages/home
[SH 2026/02/10 11:08:21 UTC 2026-02-10T03:08:21.804Z] info: POST /api/pages/p1
[SH 2026/02/10 11:08:22 UTC 2026-02-10T03:08:22.215Z] info: POST /api/pages/home
[SH 2026/02/10 11:08:22 UTC 2026-02-10T03:08:22.844Z] info: POST /api/pages/p1
[SH 2026/02/10 11:09:21 UTC 2026-02-10T03:09:21.910Z] info: GET /p1
[SH 2026/02/10 11:09:21 UTC 2026-02-10T03:09:21.951Z] info: GET /.well-known/appspecific/com.chrome.devtools.json
[SH 2026/02/10 11:09:21 UTC 2026-02-10T03:09:21.982Z] info: GET /css/bootstrap.min.css
[SH 2026/02/10 11:09:21 UTC 2026-02-10T03:09:21.989Z] info: GET /css/aos.css
[SH 2026/02/10 11:09:21 UTC 2026-02-10T03:09:21.992Z] info: GET /css/main_style.css
[SH 2026/02/10 11:09:21 UTC 2026-02-10T03:09:21.998Z] info: GET /js/bootstrap.bundle.min.js
[SH 2026/02/10 11:09:21 UTC 2026-02-10T03:09:21.999Z] info: GET /js/aos.js
[SH 2026/02/10 11:09:22 UTC 2026-02-10T03:09:22.006Z] info: GET /config.js
[SH 2026/02/10 11:09:22 UTC 2026-02-10T03:09:22.007Z] info: GET /frame.js
[SH 2026/02/10 11:09:22 UTC 2026-02-10T03:09:22.047Z] info: POST /api/pages/p1
[SH 2026/02/10 11:09:22 UTC 2026-02-10T03:09:22.058Z] info: GET /css/bootstrap.min.css.map
[SH 2026/02/10 11:09:22 UTC 2026-02-10T03:09:22.194Z] info: POST /api/template/nav.html
[SH 2026/02/10 11:09:22 UTC 2026-02-10T03:09:22.196Z] info: POST /api/template/menu.html
[SH 2026/02/10 11:09:22 UTC 2026-02-10T03:09:22.264Z] info: GET /img/menu.png
[SH 2026/02/10 11:09:22 UTC 2026-02-10T03:09:22.266Z] info: GET /img/menu-fold.png
[SH 2026/02/10 11:09:23 UTC 2026-02-10T03:09:23.854Z] info: POST /api/pages/home
[SH 2026/02/10 11:09:25 UTC 2026-02-10T03:09:25.139Z] info: POST /api/pages/home
[SH 2026/02/10 11:09:25 UTC 2026-02-10T03:09:25.405Z] info: POST /api/pages/p1
[SH 2026/02/10 11:09:26 UTC 2026-02-10T03:09:26.077Z] info: GET /p1
[SH 2026/02/10 11:09:26 UTC 2026-02-10T03:09:26.108Z] info: GET /.well-known/appspecific/com.chrome.devtools.json
[SH 2026/02/10 11:09:26 UTC 2026-02-10T03:09:26.118Z] info: GET /css/bootstrap.min.css
[SH 2026/02/10 11:09:26 UTC 2026-02-10T03:09:26.120Z] info: GET /css/aos.css
[SH 2026/02/10 11:09:26 UTC 2026-02-10T03:09:26.121Z] info: GET /js/bootstrap.bundle.min.js
[SH 2026/02/10 11:09:26 UTC 2026-02-10T03:09:26.122Z] info: GET /js/aos.js
[SH 2026/02/10 11:09:26 UTC 2026-02-10T03:09:26.123Z] info: GET /css/main_style.css
[SH 2026/02/10 11:09:26 UTC 2026-02-10T03:09:26.124Z] info: GET /config.js
[SH 2026/02/10 11:09:26 UTC 2026-02-10T03:09:26.125Z] info: GET /frame.js
[SH 2026/02/10 11:09:26 UTC 2026-02-10T03:09:26.160Z] info: POST /api/pages/p1
[SH 2026/02/10 11:09:26 UTC 2026-02-10T03:09:26.172Z] info: GET /css/bootstrap.min.css.map
[SH 2026/02/10 11:09:26 UTC 2026-02-10T03:09:26.302Z] info: POST /api/template/nav.html
[SH 2026/02/10 11:09:26 UTC 2026-02-10T03:09:26.304Z] info: POST /api/template/menu.html
[SH 2026/02/10 11:09:26 UTC 2026-02-10T03:09:26.369Z] info: GET /img/menu.png
[SH 2026/02/10 11:09:26 UTC 2026-02-10T03:09:26.370Z] info: GET /img/menu-fold.png
[SH 2026/02/10 11:09:28 UTC 2026-02-10T03:09:28.539Z] info: POST /api/pages/home
[SH 2026/02/10 11:09:46 UTC 2026-02-10T03:09:46.152Z] info: GET /home
[SH 2026/02/10 11:09:46 UTC 2026-02-10T03:09:46.180Z] info: GET /.well-known/appspecific/com.chrome.devtools.json
[SH 2026/02/10 11:09:46 UTC 2026-02-10T03:09:46.196Z] info: GET /css/bootstrap.min.css
[SH 2026/02/10 11:09:46 UTC 2026-02-10T03:09:46.198Z] info: GET /css/aos.css
[SH 2026/02/10 11:09:46 UTC 2026-02-10T03:09:46.201Z] info: GET /css/main_style.css
[SH 2026/02/10 11:09:46 UTC 2026-02-10T03:09:46.203Z] info: GET /js/bootstrap.bundle.min.js
[SH 2026/02/10 11:09:46 UTC 2026-02-10T03:09:46.206Z] info: GET /js/aos.js
[SH 2026/02/10 11:09:46 UTC 2026-02-10T03:09:46.208Z] info: GET /config.js
[SH 2026/02/10 11:09:46 UTC 2026-02-10T03:09:46.211Z] info: GET /frame.js
[SH 2026/02/10 11:09:46 UTC 2026-02-10T03:09:46.222Z] info: GET /css/bootstrap.min.css.map
[SH 2026/02/10 11:09:46 UTC 2026-02-10T03:09:46.239Z] info: POST /api/pages/home
[SH 2026/02/10 11:09:46 UTC 2026-02-10T03:09:46.376Z] info: POST /api/template/nav.html
[SH 2026/02/10 11:09:46 UTC 2026-02-10T03:09:46.377Z] info: POST /api/template/menu.html
[SH 2026/02/10 11:09:46 UTC 2026-02-10T03:09:46.440Z] info: GET /img/menu.png
[SH 2026/02/10 11:09:46 UTC 2026-02-10T03:09:46.443Z] info: GET /img/menu-fold.png
[SH 2026/02/10 11:09:48 UTC 2026-02-10T03:09:48.793Z] info: POST /api/pages/p1
[SH 2026/02/10 11:09:51 UTC 2026-02-10T03:09:51.366Z] info: POST /api/pages/home
[SH 2026/02/10 11:09:51 UTC 2026-02-10T03:09:51.710Z] info: POST /api/pages/p1
[SH 2026/02/10 11:10:02 UTC 2026-02-10T03:10:02.448Z] info: GET /p1
[SH 2026/02/10 11:10:02 UTC 2026-02-10T03:10:02.479Z] info: GET /.well-known/appspecific/com.chrome.devtools.json
[SH 2026/02/10 11:10:02 UTC 2026-02-10T03:10:02.493Z] info: GET /css/bootstrap.min.css
[SH 2026/02/10 11:10:02 UTC 2026-02-10T03:10:02.497Z] info: GET /css/aos.css
[SH 2026/02/10 11:10:02 UTC 2026-02-10T03:10:02.497Z] info: GET /js/bootstrap.bundle.min.js
[SH 2026/02/10 11:10:02 UTC 2026-02-10T03:10:02.498Z] info: GET /js/aos.js
[SH 2026/02/10 11:10:02 UTC 2026-02-10T03:10:02.502Z] info: GET /css/main_style.css
[SH 2026/02/10 11:10:02 UTC 2026-02-10T03:10:02.504Z] info: GET /config.js
[SH 2026/02/10 11:10:02 UTC 2026-02-10T03:10:02.504Z] info: GET /frame.js
[SH 2026/02/10 11:10:02 UTC 2026-02-10T03:10:02.539Z] info: POST /api/pages/p1
[SH 2026/02/10 11:10:02 UTC 2026-02-10T03:10:02.544Z] info: GET /css/bootstrap.min.css.map
[SH 2026/02/10 11:10:02 UTC 2026-02-10T03:10:02.683Z] info: POST /api/template/nav.html
[SH 2026/02/10 11:10:02 UTC 2026-02-10T03:10:02.684Z] info: POST /api/template/menu.html
[SH 2026/02/10 11:10:02 UTC 2026-02-10T03:10:02.733Z] info: GET /img/menu.png
[SH 2026/02/10 11:10:02 UTC 2026-02-10T03:10:02.734Z] info: GET /img/menu-fold.png
[SH 2026/02/10 11:10:06 UTC 2026-02-10T03:10:06.031Z] info: POST /api/pages/p1
[SH 2026/02/10 11:10:34 UTC 2026-02-10T03:10:34.756Z] info: GET /p1
[SH 2026/02/10 11:10:34 UTC 2026-02-10T03:10:34.791Z] info: GET /.well-known/appspecific/com.chrome.devtools.json
[SH 2026/02/10 11:10:34 UTC 2026-02-10T03:10:34.800Z] info: GET /css/bootstrap.min.css
[SH 2026/02/10 11:10:34 UTC 2026-02-10T03:10:34.805Z] info: GET /css/aos.css
[SH 2026/02/10 11:10:34 UTC 2026-02-10T03:10:34.808Z] info: GET /css/main_style.css
[SH 2026/02/10 11:10:34 UTC 2026-02-10T03:10:34.812Z] info: GET /js/bootstrap.bundle.min.js
[SH 2026/02/10 11:10:34 UTC 2026-02-10T03:10:34.813Z] info: GET /js/aos.js
[SH 2026/02/10 11:10:34 UTC 2026-02-10T03:10:34.815Z] info: GET /config.js
[SH 2026/02/10 11:10:34 UTC 2026-02-10T03:10:34.817Z] info: GET /frame.js
[SH 2026/02/10 11:10:34 UTC 2026-02-10T03:10:34.847Z] info: POST /api/pages/p1
[SH 2026/02/10 11:10:34 UTC 2026-02-10T03:10:34.852Z] info: GET /css/bootstrap.min.css.map
[SH 2026/02/10 11:10:34 UTC 2026-02-10T03:10:34.986Z] info: POST /api/template/nav.html
[SH 2026/02/10 11:10:34 UTC 2026-02-10T03:10:34.987Z] info: POST /api/template/menu.html
[SH 2026/02/10 11:10:35 UTC 2026-02-10T03:10:35.040Z] info: GET /img/menu.png
[SH 2026/02/10 11:10:35 UTC 2026-02-10T03:10:35.043Z] info: GET /img/menu-fold.png
[SH 2026/02/10 11:10:37 UTC 2026-02-10T03:10:37.140Z] info: POST /api/pages/home
[SH 2026/02/10 11:10:38 UTC 2026-02-10T03:10:38.883Z] info: POST /api/pages/p1
[SH 2026/02/10 11:10:41 UTC 2026-02-10T03:10:41.788Z] info: POST /api/pages/home
[SH 2026/02/10 11:10:43 UTC 2026-02-10T03:10:43.363Z] info: POST /api/pages/p1
[SH 2026/02/10 11:10:45 UTC 2026-02-10T03:10:45.715Z] info: GET /p1
[SH 2026/02/10 11:10:45 UTC 2026-02-10T03:10:45.750Z] info: GET /.well-known/appspecific/com.chrome.devtools.json
[SH 2026/02/10 11:10:45 UTC 2026-02-10T03:10:45.758Z] info: GET /css/bootstrap.min.css
[SH 2026/02/10 11:10:45 UTC 2026-02-10T03:10:45.760Z] info: GET /css/aos.css
[SH 2026/02/10 11:10:45 UTC 2026-02-10T03:10:45.760Z] info: GET /css/main_style.css
[SH 2026/02/10 11:10:45 UTC 2026-02-10T03:10:45.761Z] info: GET /js/bootstrap.bundle.min.js
[SH 2026/02/10 11:10:45 UTC 2026-02-10T03:10:45.762Z] info: GET /js/aos.js
[SH 2026/02/10 11:10:45 UTC 2026-02-10T03:10:45.764Z] info: GET /config.js
[SH 2026/02/10 11:10:45 UTC 2026-02-10T03:10:45.768Z] info: GET /frame.js
[SH 2026/02/10 11:10:45 UTC 2026-02-10T03:10:45.818Z] info: GET /css/bootstrap.min.css.map
[SH 2026/02/10 11:10:45 UTC 2026-02-10T03:10:45.819Z] info: POST /api/pages/p1
[SH 2026/02/10 11:10:45 UTC 2026-02-10T03:10:45.942Z] info: POST /api/template/nav.html
[SH 2026/02/10 11:10:45 UTC 2026-02-10T03:10:45.943Z] info: POST /api/template/menu.html
[SH 2026/02/10 11:10:46 UTC 2026-02-10T03:10:46.014Z] info: GET /img/menu.png
[SH 2026/02/10 11:10:46 UTC 2026-02-10T03:10:46.015Z] info: GET /img/menu-fold.png
[SH 2026/02/10 11:10:47 UTC 2026-02-10T03:10:47.717Z] info: POST /api/pages/home
[SH 2026/02/10 11:10:55 UTC 2026-02-10T03:10:55.307Z] info: POST /api/pages/test
[SH 2026/02/10 11:10:55 UTC 2026-02-10T03:10:55.316Z] info: GET /js/test.js
[SH 2026/02/10 11:10:55 UTC 2026-02-10T03:10:55.334Z] info: GET /css/test.css
[SH 2026/02/10 11:10:58 UTC 2026-02-10T03:10:58.478Z] info: POST /api/pages/home
[SH 2026/02/10 11:12:04 UTC 2026-02-10T03:12:04.159Z] info: POST /api/pages/p1
[SH 2026/02/10 11:15:15 UTC 2026-02-10T03:15:15.400Z] info: POST /api/pages/home
[SH 2026/02/10 11:15:16 UTC 2026-02-10T03:15:16.652Z] info: POST /api/pages/p1
[SH 2026/02/10 11:15:17 UTC 2026-02-10T03:15:17.512Z] info: POST /api/pages/home
[SH 2026/02/10 11:15:18 UTC 2026-02-10T03:15:18.351Z] info: POST /api/pages/p1
[SH 2026/02/10 11:15:20 UTC 2026-02-10T03:15:20.011Z] info: POST /api/pages/home
[SH 2026/02/10 11:15:26 UTC 2026-02-10T03:15:26.253Z] info: POST /api/pages/p1
[SH 2026/02/10 11:15:27 UTC 2026-02-10T03:15:27.513Z] info: POST /api/pages/p1
[SH 2026/02/10 11:15:28 UTC 2026-02-10T03:15:28.229Z] info: POST /api/pages/p2
[SH 2026/02/10 11:15:30 UTC 2026-02-10T03:15:30.143Z] info: POST /api/pages/p1
[SH 2026/02/10 11:15:32 UTC 2026-02-10T03:15:32.122Z] info: POST /api/pages/home
[SH 2026/02/10 11:15:33 UTC 2026-02-10T03:15:33.975Z] info: POST /api/pages/test
[SH 2026/02/10 11:15:33 UTC 2026-02-10T03:15:33.989Z] info: GET /css/test.css
[SH 2026/02/10 11:15:37 UTC 2026-02-10T03:15:37.341Z] info: POST /api/pages/home
[SH 2026/02/10 11:15:41 UTC 2026-02-10T03:15:41.363Z] info: POST /api/pages/home
[SH 2026/02/10 11:15:44 UTC 2026-02-10T03:15:44.147Z] info: GET /home
[SH 2026/02/10 11:15:44 UTC 2026-02-10T03:15:44.182Z] info: GET /.well-known/appspecific/com.chrome.devtools.json
[SH 2026/02/10 11:15:44 UTC 2026-02-10T03:15:44.204Z] info: GET /css/bootstrap.min.css
[SH 2026/02/10 11:15:44 UTC 2026-02-10T03:15:44.212Z] info: GET /css/aos.css
[SH 2026/02/10 11:15:44 UTC 2026-02-10T03:15:44.220Z] info: GET /css/main_style.css
[SH 2026/02/10 11:15:44 UTC 2026-02-10T03:15:44.224Z] info: GET /js/bootstrap.bundle.min.js
[SH 2026/02/10 11:15:44 UTC 2026-02-10T03:15:44.227Z] info: GET /js/aos.js
[SH 2026/02/10 11:15:44 UTC 2026-02-10T03:15:44.230Z] info: GET /config.js
[SH 2026/02/10 11:15:44 UTC 2026-02-10T03:15:44.233Z] info: GET /frame.js
[SH 2026/02/10 11:15:44 UTC 2026-02-10T03:15:44.249Z] info: GET /css/bootstrap.min.css.map
[SH 2026/02/10 11:15:44 UTC 2026-02-10T03:15:44.314Z] info: POST /api/pages/home
[SH 2026/02/10 11:15:44 UTC 2026-02-10T03:15:44.450Z] info: POST /api/template/nav.html
[SH 2026/02/10 11:15:44 UTC 2026-02-10T03:15:44.451Z] info: POST /api/template/menu.html
[SH 2026/02/10 11:15:44 UTC 2026-02-10T03:15:44.526Z] info: GET /img/menu.png
[SH 2026/02/10 11:15:44 UTC 2026-02-10T03:15:44.528Z] info: GET /img/menu-fold.png
[SH 2026/02/10 11:15:49 UTC 2026-02-10T03:15:49.371Z] info: POST /api/pages/home
[SH 2026/02/10 11:15:52 UTC 2026-02-10T03:15:52.913Z] info: GET /home
[SH 2026/02/10 11:15:52 UTC 2026-02-10T03:15:52.944Z] info: GET /.well-known/appspecific/com.chrome.devtools.json
[SH 2026/02/10 11:15:52 UTC 2026-02-10T03:15:52.960Z] info: GET /css/bootstrap.min.css
[SH 2026/02/10 11:15:52 UTC 2026-02-10T03:15:52.962Z] info: GET /css/aos.css
[SH 2026/02/10 11:15:52 UTC 2026-02-10T03:15:52.963Z] info: GET /css/main_style.css
[SH 2026/02/10 11:15:52 UTC 2026-02-10T03:15:52.963Z] info: GET /js/bootstrap.bundle.min.js
[SH 2026/02/10 11:15:52 UTC 2026-02-10T03:15:52.964Z] info: GET /js/aos.js
[SH 2026/02/10 11:15:52 UTC 2026-02-10T03:15:52.970Z] info: GET /config.js
[SH 2026/02/10 11:15:52 UTC 2026-02-10T03:15:52.972Z] info: GET /frame.js
[SH 2026/02/10 11:15:53 UTC 2026-02-10T03:15:53.025Z] info: GET /css/bootstrap.min.css.map
[SH 2026/02/10 11:15:53 UTC 2026-02-10T03:15:53.054Z] info: POST /api/pages/home
[SH 2026/02/10 11:15:53 UTC 2026-02-10T03:15:53.214Z] info: POST /api/template/nav.html
[SH 2026/02/10 11:15:53 UTC 2026-02-10T03:15:53.216Z] info: POST /api/template/menu.html
[SH 2026/02/10 11:15:53 UTC 2026-02-10T03:15:53.307Z] info: GET /img/menu.png
[SH 2026/02/10 11:15:53 UTC 2026-02-10T03:15:53.307Z] info: GET /img/menu-fold.png
[SH 2026/02/10 11:15:57 UTC 2026-02-10T03:15:57.664Z] info: POST /api/pages/p1
[SH 2026/02/10 11:15:58 UTC 2026-02-10T03:15:58.404Z] info: POST /api/pages/home
[SH 2026/02/10 11:16:01 UTC 2026-02-10T03:16:01.544Z] info: POST /api/pages/p1
[SH 2026/02/10 11:16:04 UTC 2026-02-10T03:16:04.268Z] info: POST /api/pages/home
[SH 2026/02/10 11:16:06 UTC 2026-02-10T03:16:06.487Z] info: POST /api/pages/p1
[SH 2026/02/10 11:16:08 UTC 2026-02-10T03:16:08.351Z] info: POST /api/pages/home
[SH 2026/02/10 11:16:09 UTC 2026-02-10T03:16:09.846Z] info: POST /api/pages/p1
[SH 2026/02/10 11:16:10 UTC 2026-02-10T03:16:10.865Z] info: GET /p1
[SH 2026/02/10 11:16:10 UTC 2026-02-10T03:16:10.901Z] info: GET /.well-known/appspecific/com.chrome.devtools.json
[SH 2026/02/10 11:16:10 UTC 2026-02-10T03:16:10.924Z] info: GET /css/bootstrap.min.css
[SH 2026/02/10 11:16:10 UTC 2026-02-10T03:16:10.929Z] info: GET /css/aos.css
[SH 2026/02/10 11:16:10 UTC 2026-02-10T03:16:10.933Z] info: GET /css/main_style.css
[SH 2026/02/10 11:16:10 UTC 2026-02-10T03:16:10.942Z] info: GET /js/bootstrap.bundle.min.js
[SH 2026/02/10 11:16:10 UTC 2026-02-10T03:16:10.943Z] info: GET /js/aos.js
[SH 2026/02/10 11:16:10 UTC 2026-02-10T03:16:10.946Z] info: GET /config.js
[SH 2026/02/10 11:16:10 UTC 2026-02-10T03:16:10.948Z] info: GET /frame.js
[SH 2026/02/10 11:16:10 UTC 2026-02-10T03:16:10.970Z] info: GET /css/bootstrap.min.css.map
[SH 2026/02/10 11:16:11 UTC 2026-02-10T03:16:11.022Z] info: POST /api/pages/p1
[SH 2026/02/10 11:16:11 UTC 2026-02-10T03:16:11.147Z] info: POST /api/template/nav.html
[SH 2026/02/10 11:16:11 UTC 2026-02-10T03:16:11.149Z] info: POST /api/template/menu.html
[SH 2026/02/10 11:16:11 UTC 2026-02-10T03:16:11.223Z] info: GET /img/menu.png
[SH 2026/02/10 11:16:11 UTC 2026-02-10T03:16:11.224Z] info: GET /img/menu-fold.png
[SH 2026/02/10 11:16:13 UTC 2026-02-10T03:16:13.414Z] info: POST /api/pages/home
[SH 2026/02/10 11:18:16 UTC 2026-02-10T03:18:16.191Z] info: POST /api/pages/p1
[SH 2026/02/10 11:18:17 UTC 2026-02-10T03:18:17.010Z] info: POST /api/pages/home
[SH 2026/02/10 11:18:17 UTC 2026-02-10T03:18:17.843Z] info: POST /api/pages/p1
[SH 2026/02/10 11:18:18 UTC 2026-02-10T03:18:18.674Z] info: POST /api/pages/home
[SH 2026/02/10 11:18:19 UTC 2026-02-10T03:18:19.208Z] info: POST /api/pages/p1
[SH 2026/02/10 11:18:20 UTC 2026-02-10T03:18:20.594Z] info: POST /api/pages/home
[SH 2026/02/10 11:18:24 UTC 2026-02-10T03:18:24.953Z] info: POST /api/pages/p1
[SH 2026/02/10 11:18:25 UTC 2026-02-10T03:18:25.432Z] info: POST /api/pages/home
[SH 2026/02/10 11:18:26 UTC 2026-02-10T03:18:26.247Z] info: POST /api/pages/p1
[SH 2026/02/10 11:18:27 UTC 2026-02-10T03:18:27.912Z] info: POST /api/pages/home
[SH 2026/02/10 11:21:32 UTC 2026-02-10T03:21:32.533Z] info: GET /home
[SH 2026/02/10 11:21:32 UTC 2026-02-10T03:21:32.577Z] info: GET /.well-known/appspecific/com.chrome.devtools.json
[SH 2026/02/10 11:21:32 UTC 2026-02-10T03:21:32.585Z] info: GET /css/bootstrap.min.css
[SH 2026/02/10 11:21:32 UTC 2026-02-10T03:21:32.592Z] info: GET /css/aos.css
[SH 2026/02/10 11:21:32 UTC 2026-02-10T03:21:32.595Z] info: GET /css/main_style.css
[SH 2026/02/10 11:21:32 UTC 2026-02-10T03:21:32.599Z] info: GET /js/bootstrap.bundle.min.js
[SH 2026/02/10 11:21:32 UTC 2026-02-10T03:21:32.601Z] info: GET /js/aos.js
[SH 2026/02/10 11:21:32 UTC 2026-02-10T03:21:32.605Z] info: GET /config.js
[SH 2026/02/10 11:21:32 UTC 2026-02-10T03:21:32.606Z] info: GET /frame.js
[SH 2026/02/10 11:21:32 UTC 2026-02-10T03:21:32.636Z] info: GET /css/bootstrap.min.css.map
[SH 2026/02/10 11:21:32 UTC 2026-02-10T03:21:32.671Z] info: POST /api/pages/home
[SH 2026/02/10 11:21:32 UTC 2026-02-10T03:21:32.965Z] info: POST /api/template/nav.html
[SH 2026/02/10 11:21:32 UTC 2026-02-10T03:21:32.967Z] info: POST /api/template/menu.html
[SH 2026/02/10 11:21:33 UTC 2026-02-10T03:21:33.028Z] info: GET /img/menu.png
[SH 2026/02/10 11:21:33 UTC 2026-02-10T03:21:33.031Z] info: GET /img/menu-fold.png
[SH 2026/02/10 11:21:35 UTC 2026-02-10T03:21:35.721Z] info: GET /home
[SH 2026/02/10 11:21:35 UTC 2026-02-10T03:21:35.754Z] info: GET /.well-known/appspecific/com.chrome.devtools.json
[SH 2026/02/10 11:21:35 UTC 2026-02-10T03:21:35.761Z] info: GET /css/bootstrap.min.css
[SH 2026/02/10 11:21:35 UTC 2026-02-10T03:21:35.764Z] info: GET /css/aos.css
[SH 2026/02/10 11:21:35 UTC 2026-02-10T03:21:35.764Z] info: GET /css/main_style.css
[SH 2026/02/10 11:21:35 UTC 2026-02-10T03:21:35.765Z] info: GET /js/bootstrap.bundle.min.js
[SH 2026/02/10 11:21:35 UTC 2026-02-10T03:21:35.765Z] info: GET /js/aos.js
[SH 2026/02/10 11:21:35 UTC 2026-02-10T03:21:35.766Z] info: GET /config.js
[SH 2026/02/10 11:21:35 UTC 2026-02-10T03:21:35.767Z] info: GET /frame.js
[SH 2026/02/10 11:21:35 UTC 2026-02-10T03:21:35.797Z] info: GET /css/bootstrap.min.css.map
[SH 2026/02/10 11:21:35 UTC 2026-02-10T03:21:35.816Z] info: POST /api/pages/home
[SH 2026/02/10 11:21:35 UTC 2026-02-10T03:21:35.952Z] info: POST /api/template/nav.html
[SH 2026/02/10 11:21:35 UTC 2026-02-10T03:21:35.953Z] info: POST /api/template/menu.html
[SH 2026/02/10 11:21:36 UTC 2026-02-10T03:21:36.027Z] info: GET /img/menu.png
[SH 2026/02/10 11:21:36 UTC 2026-02-10T03:21:36.028Z] info: GET /img/menu-fold.png
[SH 2026/02/10 11:21:38 UTC 2026-02-10T03:21:38.432Z] info: POST /api/pages/p1
[SH 2026/02/10 11:22:31 UTC 2026-02-10T03:22:31.835Z] info: GET /p1
[SH 2026/02/10 11:22:31 UTC 2026-02-10T03:22:31.881Z] info: GET /.well-known/appspecific/com.chrome.devtools.json
[SH 2026/02/10 11:22:31 UTC 2026-02-10T03:22:31.912Z] info: GET /css/bootstrap.min.css
[SH 2026/02/10 11:22:31 UTC 2026-02-10T03:22:31.915Z] info: GET /css/aos.css
[SH 2026/02/10 11:22:31 UTC 2026-02-10T03:22:31.923Z] info: GET /css/main_style.css
[SH 2026/02/10 11:22:31 UTC 2026-02-10T03:22:31.928Z] info: GET /js/bootstrap.bundle.min.js
[SH 2026/02/10 11:22:31 UTC 2026-02-10T03:22:31.936Z] info: GET /js/aos.js
[SH 2026/02/10 11:22:31 UTC 2026-02-10T03:22:31.942Z] info: GET /config.js
[SH 2026/02/10 11:22:31 UTC 2026-02-10T03:22:31.956Z] info: GET /frame.js
[SH 2026/02/10 11:22:31 UTC 2026-02-10T03:22:31.974Z] info: GET /css/bootstrap.min.css.map
[SH 2026/02/10 11:22:32 UTC 2026-02-10T03:22:32.033Z] info: POST /api/pages/p1
[SH 2026/02/10 11:22:32 UTC 2026-02-10T03:22:32.201Z] info: POST /api/template/nav.html
[SH 2026/02/10 11:22:32 UTC 2026-02-10T03:22:32.203Z] info: POST /api/template/menu.html
[SH 2026/02/10 11:22:32 UTC 2026-02-10T03:22:32.288Z] info: GET /img/menu.png
[SH 2026/02/10 11:22:32 UTC 2026-02-10T03:22:32.289Z] info: GET /img/menu-fold.png
[SH 2026/02/10 11:22:34 UTC 2026-02-10T03:22:34.037Z] info: POST /api/pages/home
[SH 2026/02/10 11:22:40 UTC 2026-02-10T03:22:40.666Z] info: POST /api/pages/p1
[SH 2026/02/10 11:22:46 UTC 2026-02-10T03:22:46.045Z] info: POST /api/pages/home
[SH 2026/02/10 11:22:47 UTC 2026-02-10T03:22:47.068Z] info: POST /api/pages/p1
[SH 2026/02/10 11:22:48 UTC 2026-02-10T03:22:48.432Z] info: POST /api/pages/home
[SH 2026/02/10 11:22:54 UTC 2026-02-10T03:22:54.507Z] info: GET /home
[SH 2026/02/10 11:22:54 UTC 2026-02-10T03:22:54.552Z] info: GET /.well-known/appspecific/com.chrome.devtools.json
[SH 2026/02/10 11:22:54 UTC 2026-02-10T03:22:54.555Z] info: GET /css/bootstrap.min.css
[SH 2026/02/10 11:22:54 UTC 2026-02-10T03:22:54.557Z] info: GET /css/aos.css
[SH 2026/02/10 11:22:54 UTC 2026-02-10T03:22:54.559Z] info: GET /js/bootstrap.bundle.min.js
[SH 2026/02/10 11:22:54 UTC 2026-02-10T03:22:54.564Z] info: GET /css/main_style.css
[SH 2026/02/10 11:22:54 UTC 2026-02-10T03:22:54.572Z] info: GET /js/aos.js
[SH 2026/02/10 11:22:54 UTC 2026-02-10T03:22:54.574Z] info: GET /config.js
[SH 2026/02/10 11:22:54 UTC 2026-02-10T03:22:54.575Z] info: GET /frame.js
[SH 2026/02/10 11:22:54 UTC 2026-02-10T03:22:54.603Z] info: POST /api/pages/home
[SH 2026/02/10 11:22:54 UTC 2026-02-10T03:22:54.619Z] info: GET /css/bootstrap.min.css.map
[SH 2026/02/10 11:22:54 UTC 2026-02-10T03:22:54.963Z] info: POST /api/template/nav.html
[SH 2026/02/10 11:22:54 UTC 2026-02-10T03:22:54.965Z] info: POST /api/template/menu.html
[SH 2026/02/10 11:22:55 UTC 2026-02-10T03:22:55.060Z] info: GET /img/menu.png
[SH 2026/02/10 11:22:55 UTC 2026-02-10T03:22:55.061Z] info: GET /img/menu-fold.png
[SH 2026/02/10 11:22:57 UTC 2026-02-10T03:22:57.275Z] info: POST /api/pages/p1
[SH 2026/02/10 11:23:00 UTC 2026-02-10T03:23:00.127Z] info: POST /api/pages/home
[SH 2026/02/10 11:25:32 UTC 2026-02-10T03:25:32.281Z] info: GET /home
[SH 2026/02/10 11:25:32 UTC 2026-02-10T03:25:32.321Z] info: GET /.well-known/appspecific/com.chrome.devtools.json
[SH 2026/02/10 11:25:32 UTC 2026-02-10T03:25:32.323Z] info: GET /css/bootstrap.min.css
[SH 2026/02/10 11:25:32 UTC 2026-02-10T03:25:32.326Z] info: GET /css/aos.css
[SH 2026/02/10 11:25:32 UTC 2026-02-10T03:25:32.330Z] info: GET /css/main_style.css
[SH 2026/02/10 11:25:32 UTC 2026-02-10T03:25:32.333Z] info: GET /js/bootstrap.bundle.min.js
[SH 2026/02/10 11:25:32 UTC 2026-02-10T03:25:32.339Z] info: GET /js/aos.js
[SH 2026/02/10 11:25:32 UTC 2026-02-10T03:25:32.350Z] info: GET /config.js
[SH 2026/02/10 11:25:32 UTC 2026-02-10T03:25:32.353Z] info: GET /frame.js
[SH 2026/02/10 11:25:32 UTC 2026-02-10T03:25:32.370Z] info: GET /css/bootstrap.min.css.map
[SH 2026/02/10 11:25:32 UTC 2026-02-10T03:25:32.410Z] info: POST /api/pages/home
[SH 2026/02/10 11:25:32 UTC 2026-02-10T03:25:32.528Z] info: POST /api/template/nav.html
[SH 2026/02/10 11:25:32 UTC 2026-02-10T03:25:32.532Z] info: POST /api/template/menu.html
[SH 2026/02/10 11:25:32 UTC 2026-02-10T03:25:32.645Z] info: GET /img/menu.png
[SH 2026/02/10 11:25:32 UTC 2026-02-10T03:25:32.646Z] info: GET /img/menu-fold.png
[SH 2026/02/10 11:25:37 UTC 2026-02-10T03:25:37.005Z] info: GET /home
[SH 2026/02/10 11:25:37 UTC 2026-02-10T03:25:37.034Z] info: GET /.well-known/appspecific/com.chrome.devtools.json
[SH 2026/02/10 11:25:37 UTC 2026-02-10T03:25:37.047Z] info: GET /css/bootstrap.min.css
[SH 2026/02/10 11:25:37 UTC 2026-02-10T03:25:37.050Z] info: GET /css/aos.css
[SH 2026/02/10 11:25:37 UTC 2026-02-10T03:25:37.053Z] info: GET /css/main_style.css
[SH 2026/02/10 11:25:37 UTC 2026-02-10T03:25:37.053Z] info: GET /js/bootstrap.bundle.min.js
[SH 2026/02/10 11:25:37 UTC 2026-02-10T03:25:37.054Z] info: GET /js/aos.js
[SH 2026/02/10 11:25:37 UTC 2026-02-10T03:25:37.054Z] info: GET /config.js
[SH 2026/02/10 11:25:37 UTC 2026-02-10T03:25:37.055Z] info: GET /frame.js
[SH 2026/02/10 11:25:37 UTC 2026-02-10T03:25:37.085Z] info: GET /css/bootstrap.min.css.map
[SH 2026/02/10 11:25:37 UTC 2026-02-10T03:25:37.095Z] info: POST /api/pages/home
[SH 2026/02/10 11:25:37 UTC 2026-02-10T03:25:37.459Z] info: POST /api/template/nav.html
[SH 2026/02/10 11:25:37 UTC 2026-02-10T03:25:37.461Z] info: POST /api/template/menu.html
[SH 2026/02/10 11:25:37 UTC 2026-02-10T03:25:37.553Z] info: GET /img/menu.png
[SH 2026/02/10 11:25:37 UTC 2026-02-10T03:25:37.554Z] info: GET /img/menu-fold.png
[SH 2026/02/10 11:26:01 UTC 2026-02-10T03:26:01.243Z] info: GET /home
[SH 2026/02/10 11:26:01 UTC 2026-02-10T03:26:01.275Z] info: GET /.well-known/appspecific/com.chrome.devtools.json
[SH 2026/02/10 11:26:01 UTC 2026-02-10T03:26:01.282Z] info: GET /css/bootstrap.min.css
[SH 2026/02/10 11:26:01 UTC 2026-02-10T03:26:01.289Z] info: GET /css/aos.css
[SH 2026/02/10 11:26:01 UTC 2026-02-10T03:26:01.292Z] info: GET /css/main_style.css
[SH 2026/02/10 11:26:01 UTC 2026-02-10T03:26:01.303Z] info: GET /js/bootstrap.bundle.min.js
[SH 2026/02/10 11:26:01 UTC 2026-02-10T03:26:01.304Z] info: GET /js/aos.js
[SH 2026/02/10 11:26:01 UTC 2026-02-10T03:26:01.308Z] info: GET /config.js
[SH 2026/02/10 11:26:01 UTC 2026-02-10T03:26:01.310Z] info: GET /frame.js
[SH 2026/02/10 11:26:01 UTC 2026-02-10T03:26:01.357Z] info: GET /css/bootstrap.min.css.map
[SH 2026/02/10 11:26:01 UTC 2026-02-10T03:26:01.358Z] info: POST /api/pages/home
[SH 2026/02/10 11:26:01 UTC 2026-02-10T03:26:01.479Z] info: POST /api/template/nav.html
[SH 2026/02/10 11:26:01 UTC 2026-02-10T03:26:01.481Z] info: POST /api/template/menu.html
[SH 2026/02/10 11:26:01 UTC 2026-02-10T03:26:01.562Z] info: GET /img/menu.png
[SH 2026/02/10 11:26:01 UTC 2026-02-10T03:26:01.563Z] info: GET /img/menu-fold.png
[SH 2026/02/10 11:26:04 UTC 2026-02-10T03:26:04.533Z] info: POST /api/pages/p1
[SH 2026/02/10 11:27:24 UTC 2026-02-10T03:27:24.682Z] info: GET /p1
[SH 2026/02/10 11:27:24 UTC 2026-02-10T03:27:24.724Z] info: GET /.well-known/appspecific/com.chrome.devtools.json
[SH 2026/02/10 11:27:24 UTC 2026-02-10T03:27:24.748Z] info: GET /css/bootstrap.min.css
[SH 2026/02/10 11:27:24 UTC 2026-02-10T03:27:24.760Z] info: GET /css/aos.css
[SH 2026/02/10 11:27:24 UTC 2026-02-10T03:27:24.764Z] info: GET /css/main_style.css
[SH 2026/02/10 11:27:24 UTC 2026-02-10T03:27:24.766Z] info: GET /js/bootstrap.bundle.min.js
[SH 2026/02/10 11:27:24 UTC 2026-02-10T03:27:24.771Z] info: GET /js/aos.js
[SH 2026/02/10 11:27:24 UTC 2026-02-10T03:27:24.775Z] info: GET /config.js
[SH 2026/02/10 11:27:24 UTC 2026-02-10T03:27:24.778Z] info: GET /frame.js
[SH 2026/02/10 11:27:24 UTC 2026-02-10T03:27:24.795Z] info: GET /css/bootstrap.min.css.map
[SH 2026/02/10 11:27:24 UTC 2026-02-10T03:27:24.831Z] info: POST /api/pages/p1
[SH 2026/02/10 11:27:25 UTC 2026-02-10T03:27:25.183Z] info: POST /api/template/nav.html
[SH 2026/02/10 11:27:25 UTC 2026-02-10T03:27:25.184Z] info: POST /api/template/menu.html
[SH 2026/02/10 11:27:25 UTC 2026-02-10T03:27:25.314Z] info: GET /img/menu.png
[SH 2026/02/10 11:27:25 UTC 2026-02-10T03:27:25.318Z] info: GET /img/menu-fold.png
[SH 2026/02/10 11:27:27 UTC 2026-02-10T03:27:27.532Z] info: POST /api/pages/home
[SH 2026/02/10 11:27:43 UTC 2026-02-10T03:27:43.440Z] info: POST /api/pages/p1
[SH 2026/02/10 11:29:43 UTC 2026-02-10T03:29:43.673Z] info: GET /p1
[SH 2026/02/10 11:29:43 UTC 2026-02-10T03:29:43.728Z] info: GET /.well-known/appspecific/com.chrome.devtools.json
[SH 2026/02/10 11:29:43 UTC 2026-02-10T03:29:43.729Z] info: GET /css/bootstrap.min.css
[SH 2026/02/10 11:29:43 UTC 2026-02-10T03:29:43.734Z] info: GET /css/aos.css
[SH 2026/02/10 11:29:43 UTC 2026-02-10T03:29:43.743Z] info: GET /css/main_style.css
[SH 2026/02/10 11:29:43 UTC 2026-02-10T03:29:43.744Z] info: GET /js/bootstrap.bundle.min.js
[SH 2026/02/10 11:29:43 UTC 2026-02-10T03:29:43.760Z] info: GET /js/aos.js
[SH 2026/02/10 11:29:43 UTC 2026-02-10T03:29:43.760Z] info: GET /config.js
[SH 2026/02/10 11:29:43 UTC 2026-02-10T03:29:43.765Z] info: GET /frame.js
[SH 2026/02/10 11:29:43 UTC 2026-02-10T03:29:43.812Z] info: POST /api/pages/p1
[SH 2026/02/10 11:29:43 UTC 2026-02-10T03:29:43.813Z] info: GET /css/bootstrap.min.css.map
[SH 2026/02/10 11:29:44 UTC 2026-02-10T03:29:44.245Z] info: POST /api/template/nav.html
[SH 2026/02/10 11:29:44 UTC 2026-02-10T03:29:44.247Z] info: POST /api/template/menu.html
[SH 2026/02/10 11:29:44 UTC 2026-02-10T03:29:44.319Z] info: GET /img/menu.png
[SH 2026/02/10 11:29:44 UTC 2026-02-10T03:29:44.321Z] info: GET /img/menu-fold.png
[SH 2026/02/10 11:29:46 UTC 2026-02-10T03:29:46.623Z] info: POST /api/pages/home
[SH 2026/02/10 11:29:48 UTC 2026-02-10T03:29:48.065Z] info: POST /api/pages/home
[SH 2026/02/10 11:30:32 UTC 2026-02-10T03:30:32.305Z] info: GET /home
[SH 2026/02/10 11:30:32 UTC 2026-02-10T03:30:32.360Z] info: GET /.well-known/appspecific/com.chrome.devtools.json
[SH 2026/02/10 11:30:32 UTC 2026-02-10T03:30:32.363Z] info: GET /css/bootstrap.min.css
[SH 2026/02/10 11:30:32 UTC 2026-02-10T03:30:32.365Z] info: GET /css/aos.css
[SH 2026/02/10 11:30:32 UTC 2026-02-10T03:30:32.369Z] info: GET /js/bootstrap.bundle.min.js
[SH 2026/02/10 11:30:32 UTC 2026-02-10T03:30:32.371Z] info: GET /js/aos.js
[SH 2026/02/10 11:30:32 UTC 2026-02-10T03:30:32.373Z] info: GET /css/main_style.css
[SH 2026/02/10 11:30:32 UTC 2026-02-10T03:30:32.374Z] info: GET /config.js
[SH 2026/02/10 11:30:32 UTC 2026-02-10T03:30:32.381Z] info: GET /frame.js
[SH 2026/02/10 11:30:32 UTC 2026-02-10T03:30:32.495Z] info: POST /api/pages/home
[SH 2026/02/10 11:30:32 UTC 2026-02-10T03:30:32.497Z] info: GET /css/bootstrap.min.css.map
[SH 2026/02/10 11:30:32 UTC 2026-02-10T03:30:32.582Z] info: POST /api/template/nav.html
[SH 2026/02/10 11:30:32 UTC 2026-02-10T03:30:32.583Z] info: POST /api/template/menu.html
[SH 2026/02/10 11:30:32 UTC 2026-02-10T03:30:32.721Z] info: GET /img/menu.png
[SH 2026/02/10 11:30:32 UTC 2026-02-10T03:30:32.722Z] info: GET /img/menu-fold.png
[SH 2026/02/10 11:30:34 UTC 2026-02-10T03:30:34.832Z] info: POST /api/pages/p1
[SH 2026/02/10 11:30:36 UTC 2026-02-10T03:30:36.522Z] info: POST /api/pages/home
[SH 2026/02/10 11:30:38 UTC 2026-02-10T03:30:38.247Z] info: POST /api/pages/p1
[SH 2026/02/10 11:30:41 UTC 2026-02-10T03:30:41.067Z] info: POST /api/pages/home
[SH 2026/02/10 11:30:42 UTC 2026-02-10T03:30:42.888Z] info: POST /api/pages/home
[SH 2026/02/10 11:30:46 UTC 2026-02-10T03:30:46.287Z] info: POST /api/pages/p1
[SH 2026/02/10 11:31:59 UTC 2026-02-10T03:31:59.098Z] info: GET /p1
[SH 2026/02/10 11:31:59 UTC 2026-02-10T03:31:59.142Z] info: GET /.well-known/appspecific/com.chrome.devtools.json
[SH 2026/02/10 11:31:59 UTC 2026-02-10T03:31:59.143Z] info: GET /css/bootstrap.min.css
[SH 2026/02/10 11:31:59 UTC 2026-02-10T03:31:59.149Z] info: GET /css/aos.css
[SH 2026/02/10 11:31:59 UTC 2026-02-10T03:31:59.165Z] info: GET /css/main_style.css
[SH 2026/02/10 11:31:59 UTC 2026-02-10T03:31:59.166Z] info: GET /js/bootstrap.bundle.min.js
[SH 2026/02/10 11:31:59 UTC 2026-02-10T03:31:59.171Z] info: GET /js/aos.js
[SH 2026/02/10 11:31:59 UTC 2026-02-10T03:31:59.172Z] info: GET /config.js
[SH 2026/02/10 11:31:59 UTC 2026-02-10T03:31:59.178Z] info: GET /frame.js
[SH 2026/02/10 11:31:59 UTC 2026-02-10T03:31:59.228Z] info: POST /api/pages/p1
[SH 2026/02/10 11:31:59 UTC 2026-02-10T03:31:59.230Z] info: GET /css/bootstrap.min.css.map
[SH 2026/02/10 11:31:59 UTC 2026-02-10T03:31:59.452Z] info: POST /api/template/nav.html
[SH 2026/02/10 11:31:59 UTC 2026-02-10T03:31:59.454Z] info: POST /api/template/menu.html
[SH 2026/02/10 11:31:59 UTC 2026-02-10T03:31:59.503Z] info: GET /img/menu.png
[SH 2026/02/10 11:31:59 UTC 2026-02-10T03:31:59.503Z] info: GET /img/menu-fold.png
[SH 2026/02/10 11:32:00 UTC 2026-02-10T03:32:00.903Z] info: POST /api/pages/home
[SH 2026/02/10 11:32:02 UTC 2026-02-10T03:32:02.018Z] info: POST /api/pages/p1
[SH 2026/02/10 11:32:02 UTC 2026-02-10T03:32:02.809Z] info: POST /api/pages/home
[SH 2026/02/10 11:32:03 UTC 2026-02-10T03:32:03.541Z] info: POST /api/pages/p1
[SH 2026/02/10 11:32:05 UTC 2026-02-10T03:32:05.788Z] info: POST /api/pages/home
[SH 2026/02/10 11:32:28 UTC 2026-02-10T03:32:28.366Z] info: GET /home
[SH 2026/02/10 11:32:28 UTC 2026-02-10T03:32:28.422Z] info: GET /css/bootstrap.min.css
[SH 2026/02/10 11:32:28 UTC 2026-02-10T03:32:28.430Z] info: GET /css/aos.css
[SH 2026/02/10 11:32:28 UTC 2026-02-10T03:32:28.431Z] info: GET /js/bootstrap.bundle.min.js
[SH 2026/02/10 11:32:28 UTC 2026-02-10T03:32:28.433Z] info: GET /css/main_style.css
[SH 2026/02/10 11:32:28 UTC 2026-02-10T03:32:28.434Z] info: GET /js/aos.js
[SH 2026/02/10 11:32:28 UTC 2026-02-10T03:32:28.436Z] info: GET /config.js
[SH 2026/02/10 11:32:28 UTC 2026-02-10T03:32:28.442Z] info: GET /frame.js
[SH 2026/02/10 11:32:28 UTC 2026-02-10T03:32:28.447Z] info: GET /.well-known/appspecific/com.chrome.devtools.json
[SH 2026/02/10 11:32:28 UTC 2026-02-10T03:32:28.480Z] info: POST /api/pages/home
[SH 2026/02/10 11:32:28 UTC 2026-02-10T03:32:28.505Z] info: GET /css/bootstrap.min.css.map
[SH 2026/02/10 11:32:28 UTC 2026-02-10T03:32:28.639Z] info: POST /api/template/nav.html
[SH 2026/02/10 11:32:28 UTC 2026-02-10T03:32:28.640Z] info: POST /api/template/menu.html
[SH 2026/02/10 11:32:28 UTC 2026-02-10T03:32:28.721Z] info: GET /img/menu.png
[SH 2026/02/10 11:32:28 UTC 2026-02-10T03:32:28.722Z] info: GET /img/menu-fold.png
[SH 2026/02/10 11:32:29 UTC 2026-02-10T03:32:29.963Z] info: POST /api/pages/p1
[SH 2026/02/10 11:32:30 UTC 2026-02-10T03:32:30.671Z] info: POST /api/pages/home
[SH 2026/02/10 11:32:31 UTC 2026-02-10T03:32:31.212Z] info: POST /api/pages/p1
[SH 2026/02/10 11:32:31 UTC 2026-02-10T03:32:31.669Z] info: POST /api/pages/home
[SH 2026/02/10 11:32:41 UTC 2026-02-10T03:32:41.897Z] info: GET /home
[SH 2026/02/10 11:32:41 UTC 2026-02-10T03:32:41.943Z] info: GET /css/bootstrap.min.css
[SH 2026/02/10 11:32:41 UTC 2026-02-10T03:32:41.945Z] info: GET /.well-known/appspecific/com.chrome.devtools.json
[SH 2026/02/10 11:32:41 UTC 2026-02-10T03:32:41.949Z] info: GET /css/aos.css
[SH 2026/02/10 11:32:41 UTC 2026-02-10T03:32:41.952Z] info: GET /css/main_style.css
[SH 2026/02/10 11:32:41 UTC 2026-02-10T03:32:41.955Z] info: GET /js/bootstrap.bundle.min.js
[SH 2026/02/10 11:32:41 UTC 2026-02-10T03:32:41.956Z] info: GET /js/aos.js
[SH 2026/02/10 11:32:41 UTC 2026-02-10T03:32:41.960Z] info: GET /config.js
[SH 2026/02/10 11:32:41 UTC 2026-02-10T03:32:41.961Z] info: GET /frame.js
[SH 2026/02/10 11:32:42 UTC 2026-02-10T03:32:42.018Z] info: POST /api/pages/home
[SH 2026/02/10 11:32:42 UTC 2026-02-10T03:32:42.032Z] info: GET /css/bootstrap.min.css.map
[SH 2026/02/10 11:32:42 UTC 2026-02-10T03:32:42.156Z] info: POST /api/template/nav.html
[SH 2026/02/10 11:32:42 UTC 2026-02-10T03:32:42.158Z] info: POST /api/template/menu.html
[SH 2026/02/10 11:32:42 UTC 2026-02-10T03:32:42.226Z] info: GET /img/menu.png
[SH 2026/02/10 11:32:42 UTC 2026-02-10T03:32:42.234Z] info: GET /img/menu-fold.png
[SH 2026/02/10 11:32:43 UTC 2026-02-10T03:32:43.661Z] info: POST /api/pages/p1
[SH 2026/02/10 11:32:45 UTC 2026-02-10T03:32:45.477Z] info: POST /api/pages/home
[SH 2026/02/10 11:32:47 UTC 2026-02-10T03:32:47.962Z] info: POST /api/pages/p1
[SH 2026/02/10 11:32:49 UTC 2026-02-10T03:32:49.524Z] info: POST /api/pages/home
[SH 2026/02/10 11:32:51 UTC 2026-02-10T03:32:51.169Z] info: POST /api/pages/p1
[SH 2026/02/10 11:32:53 UTC 2026-02-10T03:32:53.451Z] info: POST /api/pages/home
[SH 2026/02/10 13:46:20 UTC 2026-02-10T05:46:20.066Z] info: ---------------------------------------------------
[SH 2026/02/10 13:46:20 UTC 2026-02-10T05:46:20.085Z] info: Server started at 2026/2/10 13:46:20
